C51 COMPILER V9.54   KEY                                                                   04/14/2016 18:12:39 PAGE 1   


C51 COMPILER V9.54, COMPILATION OF MODULE KEY
OBJECT MODULE PLACED IN .\Output\key.obj
COMPILER INVOKED BY: D:\Keil_v5\C51\BIN\C51.EXE key.c BROWSE DEBUG OBJECTEXTEND PRINT(.\List\key.lst) TABS(2) OBJECT(.\O
                    -utput\key.obj)

line level    source

   1          #include"key.h"
   2          #include"delay.h"
   3          #include  "led.h"
   4          
   5          
   6          char temp=2;
   7          void key(void)
   8          {
   9   1        if(key1==0)
  10   1        {
  11   2          delayms(10);
  12   2          if(key1==0)
  13   2          {
  14   3            jiao=0;
  15   3            while(!key1);
  16   3            jiao=1;
  17   3      ////      P0=0xaa;
  18   3      //      temp ++;
  19   3      //      if(temp>=60)
  20   3      //        temp=0;
  21   3            led1=0; 
  22   3      
  23   3          
  24   3          }  
  25   2        }
  26   1        if (key2==0)
  27   1        {
  28   2          delayms(10);
  29   2          if(key2==0)
  30   2          {
  31   3            jiao=0;
  32   3            while(!key2);
  33   3            jiao=1;
  34   3      //      temp--;
  35   3      //      if(temp<0)
  36   3      //        temp=59;
  37   3            led2=0;
  38   3      
  39   3          }
  40   2        }
  41   1        if(key3==0)
  42   1        {
  43   2          delayms(10);
  44   2          if(key3==0)
  45   2          {
  46   3            jiao=0;
  47   3            while(!key3);
  48   3            jiao=1;
  49   3      //      temp=0;
  50   3            led3=0;
  51   3      
  52   3          }
  53   2        }
  54   1      }      
C51 COMPILER V9.54   KEY                                                                   04/14/2016 18:12:39 PAGE 2   



MODULE INFORMATION:   STATIC OVERLAYABLE
   CODE SIZE        =     67    ----
   CONSTANT SIZE    =   ----    ----
   XDATA SIZE       =   ----    ----
   PDATA SIZE       =   ----    ----
   DATA SIZE        =      1    ----
   IDATA SIZE       =   ----    ----
   BIT SIZE         =   ----    ----
END OF MODULE INFORMATION.


C51 COMPILATION COMPLETE.  0 WARNING(S),  0 ERROR(S)
