C51 COMPILER V9.54   MAIN                                                                  04/14/2016 18:12:39 PAGE 1   


C51 COMPILER V9.54, COMPILATION OF MODULE MAIN
OBJECT MODULE PLACED IN .\Output\main.obj
COMPILER INVOKED BY: D:\Keil_v5\C51\BIN\C51.EXE main.c BROWSE DEBUG OBJECTEXTEND PRINT(.\List\main.lst) TABS(2) OBJECT(.
                    -\Output\main.obj)

line level    source

   1          //#include  "led.h"
   2          #include"key.h"
   3          
   4          
   5          
   6          void init_int0(void)//外部中断0初始化函数
   7          {
   8   1        IT0=1;//触发方式
   9   1        EX0=1;//外部中断0中断允许位
  10   1        EA=1;//总中断允许位
  11   1      //  IE=0x81;
  12   1      }
  13          
  14          
  15          
  16          
  17          void main(void)
  18          {
  19   1        init_int0();
  20   1        while(1);
  21   1      }
  22          
  23          
  24          
  25          
  26          void  int0(void)interrupt 0  //入口地址
  27          {
  28   1      //  IE0=0;//清除外部中断0标志位
  29   1         key();
  30   1      }


MODULE INFORMATION:   STATIC OVERLAYABLE
   CODE SIZE        =     71    ----
   CONSTANT SIZE    =   ----    ----
   XDATA SIZE       =   ----    ----
   PDATA SIZE       =   ----    ----
   DATA SIZE        =   ----    ----
   IDATA SIZE       =   ----    ----
   BIT SIZE         =   ----    ----
END OF MODULE INFORMATION.


C51 COMPILATION COMPLETE.  0 WARNING(S),  0 ERROR(S)
