C51 COMPILER V9.00   第一个LED灯亮_线法                                                   11/09/2014 09:40:49 PAGE 1   


C51 COMPILER V9.00, COMPILATION OF MODULE 第一个LED灯亮_线法
OBJECT MODULE PLACED IN 第一个LED灯亮总线法.OBJ
COMPILER INVOKED BY: d:\Keil\C51\BIN\C51.EXE 第一个LED灯亮总线法.c BROWSE DEBUG OBJECTEXTEND

line level    source

   1          #include<reg52.h>
   2          void main(void)
   3          {
   4   1              P0=0xfe;
   5   1      }


MODULE INFORMATION:   STATIC OVERLAYABLE
   CODE SIZE        =      4    ----
   CONSTANT SIZE    =   ----    ----
   XDATA SIZE       =   ----    ----
   PDATA SIZE       =   ----    ----
   DATA SIZE        =   ----    ----
   IDATA SIZE       =   ----    ----
   BIT SIZE         =   ----    ----
END OF MODULE INFORMATION.


C51 COMPILATION COMPLETE.  0 WARNING(S),  0 ERROR(S)
