C51 COMPILER V9.54   KEY                                                                   02/01/2018 19:50:07 PAGE 1   


C51 COMPILER V9.54, COMPILATION OF MODULE KEY
OBJECT MODULE PLACED IN .\Output\key.obj
COMPILER INVOKED BY: D:\Keil_v5\C51\BIN\C51.EXE key.c BROWSE DEBUG OBJECTEXTEND PRINT(.\List\key.lst) TABS(2) OBJECT(.\O
                    -utput\key.obj)

line level    source

   1          #include"key.h"
   2          #include"delay.h"
   3          
   4          
   5          char temp=2;
   6          void key(void)
   7          {
   8   1        if(key1==0)
   9   1        {
  10   2          delayms(10);
  11   2          if(key1==0)
  12   2          {
  13   3            jiao=0;
  14   3            while(!key1);
  15   3            jiao=1;
  16   3      //      P0=0xaa;
  17   3            temp ++;
  18   3            if(temp>=60)
  19   3              temp=0; 
  20   3      
  21   3          
  22   3          }  
  23   2        }
  24   1        if (key2==0)
  25   1        {
  26   2          delayms(10);
  27   2          if(key2==0)
  28   2          {
  29   3            jiao=0;
  30   3            while(!key2);
  31   3            jiao=1;
  32   3            temp--;
  33   3            if(temp<0)
  34   3              temp=59;
  35   3      
  36   3          }
  37   2        }
  38   1        if(key3==0)
  39   1        {
  40   2          delayms(10);
  41   2          if(key3==0)
  42   2          {
  43   3            jiao=0;
  44   3            while(!key3);
  45   3            jiao=1;
  46   3            temp=0;
  47   3      
  48   3          }
  49   2        }
  50   1      }      


MODULE INFORMATION:   STATIC OVERLAYABLE
   CODE SIZE        =     92    ----
C51 COMPILER V9.54   KEY                                                                   02/01/2018 19:50:07 PAGE 2   

   CONSTANT SIZE    =   ----    ----
   XDATA SIZE       =   ----    ----
   PDATA SIZE       =   ----    ----
   DATA SIZE        =      1    ----
   IDATA SIZE       =   ----    ----
   BIT SIZE         =   ----    ----
END OF MODULE INFORMATION.


C51 COMPILATION COMPLETE.  0 WARNING(S),  0 ERROR(S)
