C51 COMPILER V9.54   MAIN                                                                  02/01/2018 19:50:07 PAGE 1   


C51 COMPILER V9.54, COMPILATION OF MODULE MAIN
OBJECT MODULE PLACED IN .\Output\main.obj
COMPILER INVOKED BY: D:\Keil_v5\C51\BIN\C51.EXE main.c BROWSE DEBUG OBJECTEXTEND PRINT(.\List\main.lst) TABS(2) OBJECT(.
                    -\Output\main.obj)

line level    source

   1          #include "common.h"
   2          #include "led.h"
   3          #include "key.h"
   4          #include"delay.h"
   5          
   6          
   7          
   8          
   9          static  uchar i;
  10          void main (void)
  11          {
  12   1        while(1)
  13   1        {
  14   2      //    shumaguan__dt();
  15   2      //    shumaguan__dtx(temp);
  16   2      //    key();
  17   2          for(i=0;i<60;i++)
  18   2          {
  19   3            shumaguan__dtx(i); 
  20   3            delayms(500); 
  21   3          }
  22   2        }
  23   1      } 


MODULE INFORMATION:   STATIC OVERLAYABLE
   CODE SIZE        =     28    ----
   CONSTANT SIZE    =   ----    ----
   XDATA SIZE       =   ----    ----
   PDATA SIZE       =   ----    ----
   DATA SIZE        =      1    ----
   IDATA SIZE       =   ----    ----
   BIT SIZE         =   ----    ----
END OF MODULE INFORMATION.


C51 COMPILATION COMPLETE.  0 WARNING(S),  0 ERROR(S)
