C51 COMPILER V9.54   BMP                                                                   04/05/2016 15:39:57 PAGE 1   


C51 COMPILER V9.54, COMPILATION OF MODULE BMP
OBJECT MODULE PLACED IN .\output\bmp.obj
COMPILER INVOKED BY: D:\Keil_v5\C51\BIN\C51.EXE bmp.c LARGE BROWSE DEBUG OBJECTEXTEND PRINT(.\list\bmp.lst) TABS(2) OBJE
                    -CT(.\output\bmp.obj)

line level    source

   1          #include "bmp.h"  
   2          
   3          
   4          
   5          //取字方式：字符模式、阴码、列行式、逆向、十六进制数、C51格式
   6          //取图方式：图形模式、阴码、列行式、逆向、十六进制数、C51格式
   7          
   8          
   9          
  10          
  11          /*******************6*8字符的点阵***************字符*****(字符对应ASCII码-32)得到的值********************/
  12          const uchar code F6x8[][6]=
  13          {
  14            0x00,0x00,0x00,0x00,0x00,0x00,//              space                0
  15            0x00,0x00,0x00,0x2f,0x00,0x00,//                !                  1
  16            0x00,0x00,0x07,0x00,0x07,0x00,//                "                  2
  17            0x00,0x14,0x7f,0x14,0x7f,0x14,//                #                  3      
  18            0x00,0x24,0x2a,0x7f,0x2a,0x12,//                $                  4
  19            0x00,0x62,0x64,0x08,0x13,0x23,//                %                  5 
  20            0x00,0x36,0x49,0x55,0x22,0x50,//                &                  6
  21            0x00,0x00,0x05,0x03,0x00,0x00,//                '                  7
  22            0x00,0x00,0x1c,0x22,0x41,0x00,//                (                  8 
  23            0x00,0x00,0x41,0x22,0x1c,0x00,//                 )                 9
  24            0x00,0x14,0x08,0x3E,0x08,0x14,//                *                  10
  25            0x00,0x08,0x08,0x3E,0x08,0x08,//                +                  11
  26            0x00,0x00,0x00,0xA0,0x60,0x00,//                ,                  12
  27            0x00,0x08,0x08,0x08,0x08,0x08,//                -                  13
  28            0x00,0x00,0x60,0x60,0x00,0x00,//                .                  14
  29            0x00,0x20,0x10,0x08,0x04,0x02,//                /                  15
  30            0x00,0x3E,0x51,0x49,0x45,0x3E,//                0                  16
  31            0x00,0x00,0x42,0x7F,0x40,0x00,//                1                  17
  32            0x00,0x42,0x61,0x51,0x49,0x46,//                2                  18
  33            0x00,0x21,0x41,0x45,0x4B,0x31,//                3                  19
  34            0x00,0x18,0x14,0x12,0x7F,0x10,//                4                  20
  35            0x00,0x27,0x45,0x45,0x45,0x39,//                5                  21
  36            0x00,0x3C,0x4A,0x49,0x49,0x30,//                6                  22
  37            0x00,0x01,0x71,0x09,0x05,0x03,//                7                  23
  38            0x00,0x36,0x49,0x49,0x49,0x36,//                8                  24
  39            0x00,0x06,0x49,0x49,0x29,0x1E,//                9                  25
  40            0x00,0x00,0x36,0x36,0x00,0x00,//                :                  26
  41            0x00,0x00,0x56,0x36,0x00,0x00,//                ;                  27
  42            0x00,0x08,0x14,0x22,0x41,0x00,//                <                  28
  43            0x00,0x14,0x14,0x14,0x14,0x14,//                =                  29
  44            0x00,0x00,0x41,0x22,0x14,0x08,//                >                  30
  45            0x00,0x02,0x01,0x51,0x09,0x06,//                ?                  31
  46            0x00,0x32,0x49,0x59,0x51,0x3E,//                @                  32
  47            0x00,0x7C,0x12,0x11,0x12,0x7C,//                A                  33
  48            0x00,0x7F,0x49,0x49,0x49,0x36,//                B                  34
  49            0x00,0x3E,0x41,0x41,0x41,0x22,//                C                  35
  50            0x00,0x7F,0x41,0x41,0x22,0x1C,//                D                  36
  51            0x00,0x7F,0x49,0x49,0x49,0x41,//                E                  37
  52            0x00,0x7F,0x09,0x09,0x09,0x01,//                F                  38
  53            0x00,0x3E,0x41,0x49,0x49,0x7A,//                G                  39
  54            0x00,0x7F,0x08,0x08,0x08,0x7F,//                H                  40
C51 COMPILER V9.54   BMP                                                                   04/05/2016 15:39:57 PAGE 2   

  55            0x00,0x00,0x41,0x7F,0x41,0x00,//                I                  41
  56            0x00,0x20,0x40,0x41,0x3F,0x01,//                J                  42
  57            0x00,0x7F,0x08,0x14,0x22,0x41,//                K                  43
  58            0x00,0x7F,0x40,0x40,0x40,0x40,//                L                  44
  59            0x00,0x7F,0x02,0x0C,0x02,0x7F,//                M                  45
  60            0x00,0x7F,0x04,0x08,0x10,0x7F,//                N                  46
  61            0x00,0x3E,0x41,0x41,0x41,0x3E,//                O                  47
  62            0x00,0x7F,0x09,0x09,0x09,0x06,//                P                  48
  63            0x00,0x3E,0x41,0x51,0x21,0x5E,//                Q                  49
  64            0x00,0x7F,0x09,0x19,0x29,0x46,//                R                  50
  65            0x00,0x46,0x49,0x49,0x49,0x31,//                S                  51
  66            0x00,0x01,0x01,0x7F,0x01,0x01,//                T                  52
  67            0x00,0x3F,0x40,0x40,0x40,0x3F,//                U                  53
  68            0x00,0x1F,0x20,0x40,0x20,0x1F,//                V                  54
  69            0x00,0x3F,0x40,0x38,0x40,0x3F,//                W                  55
  70            0x00,0x63,0x14,0x08,0x14,0x63,//                X                  56
  71            0x00,0x07,0x08,0x70,0x08,0x07,//                Y                  57
  72            0x00,0x61,0x51,0x49,0x45,0x43,//                Z                  58
  73            0x00,0x00,0x7F,0x41,0x41,0x00,//                [                  59
  74            0x00,0x06,0x18,0x20,0x40,0x00,//                \                  60
  75            0x00,0x00,0x41,0x41,0x7F,0x00,//                ]                  61
  76            0x00,0x04,0x02,0x01,0x02,0x04,//                ^                  62
  77            0x00,0x40,0x40,0x40,0x40,0x40,//                _                  63
  78            0x00,0x00,0x01,0x02,0x04,0x00,//                '                  64
  79            0x00,0x20,0x54,0x54,0x54,0x78,//                a                  65
  80            0x00,0x7F,0x48,0x44,0x44,0x38,//                b                  66
  81            0x00,0x38,0x44,0x44,0x44,0x20,//                c                  67
  82            0x00,0x38,0x44,0x44,0x48,0x7F,//                d                  68
  83            0x00,0x38,0x54,0x54,0x54,0x18,//                e                  69
  84            0x00,0x08,0x7E,0x09,0x01,0x02,//                f                  70
  85            0x00,0x18,0xA4,0xA4,0xA4,0x7C,//                g                  71
  86            0x00,0x7F,0x08,0x04,0x04,0x78,//                h                  72
  87            0x00,0x00,0x44,0x7D,0x40,0x00,//                i                  73
  88            0x00,0x40,0x80,0x84,0x7D,0x00,//                j                  74
  89            0x00,0x7F,0x10,0x28,0x44,0x00,//                k                  75
  90            0x00,0x00,0x41,0x7F,0x40,0x00,//                l                  76
  91            0x00,0x7C,0x04,0x18,0x04,0x78,//                m                  77
  92            0x00,0x7C,0x08,0x04,0x04,0x78,//                n                  78
  93            0x00,0x38,0x44,0x44,0x44,0x38,//                o                  79
  94            0x00,0xFC,0x24,0x24,0x24,0x18,//                p                  80
  95            0x00,0x18,0x24,0x24,0x18,0xFC,//                q                  81
  96            0x00,0x7C,0x08,0x04,0x04,0x08,//                r                  82
  97            0x00,0x48,0x54,0x54,0x54,0x20,//                s                  83
  98            0x00,0x04,0x3F,0x44,0x40,0x20,//                t                  84
  99            0x00,0x3C,0x40,0x40,0x20,0x7C,//                u                  85
 100            0x00,0x1C,0x20,0x40,0x20,0x1C,//                v                  86
 101            0x00,0x3C,0x40,0x30,0x40,0x3C,//                w                  87
 102            0x00,0x44,0x28,0x10,0x28,0x44,//                x                  88
 103            0x00,0x1C,0xA0,0xA0,0xA0,0x7C,//                y                  89
 104            0x00,0x44,0x64,0x54,0x4C,0x44,//                z                  90
 105            0x00,0x00,0x10,0xFE,0x82,0x00,//                {                  91
 106            0x00,0x00,0x00,0xFF,0x00,0x00,//                |                  92
 107            0x00,0x82,0xFE,0x10,0x00,0x00,//                }                  93
 108            0x02,0x01,0x01,0x02,0x02,0x01,//                ~                  94
 109          };
 110          
 111          
 112          
 113          
 114          
 115          /*****************************************8*16字符的点阵***************************************字符******(
             -字符对应ASCII码-32)得到的值**************/
C51 COMPILER V9.54   BMP                                                                   04/05/2016 15:39:57 PAGE 3   

 116          const uchar code F8x16[][16]=   
 117          {
 118            0x00,0x00,0x00,0x00,0x00,0x00,0x00,0x00,0x00,0x00,0x00,0x00,0x00,0x00,0x00,0x00,//          space       
             -         0
 119            0x00,0x00,0x00,0xF8,0x00,0x00,0x00,0x00,0x00,0x00,0x00,0x33,0x30,0x00,0x00,0x00,//            !         
             -         1
 120            0x00,0x10,0x0C,0x06,0x10,0x0C,0x06,0x00,0x00,0x00,0x00,0x00,0x00,0x00,0x00,0x00,//            "         
             -         2
 121            0x40,0xC0,0x78,0x40,0xC0,0x78,0x40,0x00,0x04,0x3F,0x04,0x04,0x3F,0x04,0x04,0x00,//            #         
             -         3
 122            0x00,0x70,0x88,0xFC,0x08,0x30,0x00,0x00,0x00,0x18,0x20,0xFF,0x21,0x1E,0x00,0x00,//            $         
             -         4
 123            0xF0,0x08,0xF0,0x00,0xE0,0x18,0x00,0x00,0x00,0x21,0x1C,0x03,0x1E,0x21,0x1E,0x00,//            %         
             -         5
 124            0x00,0xF0,0x08,0x88,0x70,0x00,0x00,0x00,0x1E,0x21,0x23,0x24,0x19,0x27,0x21,0x10,//            &         
             -         6
 125            0x10,0x16,0x0E,0x00,0x00,0x00,0x00,0x00,0x00,0x00,0x00,0x00,0x00,0x00,0x00,0x00,//            '         
             -         7
 126            0x00,0x00,0x00,0xE0,0x18,0x04,0x02,0x00,0x00,0x00,0x00,0x07,0x18,0x20,0x40,0x00,//            (         
             -         8
 127            0x00,0x02,0x04,0x18,0xE0,0x00,0x00,0x00,0x00,0x40,0x20,0x18,0x07,0x00,0x00,0x00,//            )         
             -         9
 128            0x40,0x40,0x80,0xF0,0x80,0x40,0x40,0x00,0x02,0x02,0x01,0x0F,0x01,0x02,0x02,0x00,//            *         
             -         10
 129            0x00,0x00,0x00,0xF0,0x00,0x00,0x00,0x00,0x01,0x01,0x01,0x1F,0x01,0x01,0x01,0x00,//            +         
             -         11
 130            0x00,0x00,0x00,0x00,0x00,0x00,0x00,0x00,0x80,0xB0,0x70,0x00,0x00,0x00,0x00,0x00,//            ,         
             -           12
 131            0x00,0x00,0x00,0x00,0x00,0x00,0x00,0x00,0x00,0x01,0x01,0x01,0x01,0x01,0x01,0x01,//            -         
             -         13
 132            0x00,0x00,0x00,0x00,0x00,0x00,0x00,0x00,0x00,0x30,0x30,0x00,0x00,0x00,0x00,0x00,//            .         
             -         14
 133            0x00,0x00,0x00,0x00,0x80,0x60,0x18,0x04,0x00,0x60,0x18,0x06,0x01,0x00,0x00,0x00,//            /         
             -          15
 134            0x00,0xE0,0x10,0x08,0x08,0x10,0xE0,0x00,0x00,0x0F,0x10,0x20,0x20,0x10,0x0F,0x00,//            0         
             -         16
 135            0x00,0x10,0x10,0xF8,0x00,0x00,0x00,0x00,0x00,0x20,0x20,0x3F,0x20,0x20,0x00,0x00,//            1         
             -          17
 136            0x00,0x70,0x08,0x08,0x08,0x88,0x70,0x00,0x00,0x30,0x28,0x24,0x22,0x21,0x30,0x00,//            2         
             -         18
 137            0x00,0x30,0x08,0x88,0x88,0x48,0x30,0x00,0x00,0x18,0x20,0x20,0x20,0x11,0x0E,0x00,//            3         
             -          19
 138            0x00,0x00,0xC0,0x20,0x10,0xF8,0x00,0x00,0x00,0x07,0x04,0x24,0x24,0x3F,0x24,0x00,//            4         
             -         20
 139            0x00,0xF8,0x08,0x88,0x88,0x08,0x08,0x00,0x00,0x19,0x21,0x20,0x20,0x11,0x0E,0x00,//            5         
             -         21
 140            0x00,0xE0,0x10,0x88,0x88,0x18,0x00,0x00,0x00,0x0F,0x11,0x20,0x20,0x11,0x0E,0x00,//            6         
             -          22
 141            0x00,0x38,0x08,0x08,0xC8,0x38,0x08,0x00,0x00,0x00,0x00,0x3F,0x00,0x00,0x00,0x00,//            7         
             -         23
 142            0x00,0x70,0x88,0x08,0x08,0x88,0x70,0x00,0x00,0x1C,0x22,0x21,0x21,0x22,0x1C,0x00,//            8         
             -          24
 143            0x00,0xE0,0x10,0x08,0x08,0x10,0xE0,0x00,0x00,0x00,0x31,0x22,0x22,0x11,0x0F,0x00,//            9         
             -         25
 144            0x00,0x00,0x00,0xC0,0xC0,0x00,0x00,0x00,0x00,0x00,0x00,0x30,0x30,0x00,0x00,0x00,//            :         
             -         26
 145            0x00,0x00,0x00,0x80,0x00,0x00,0x00,0x00,0x00,0x00,0x80,0x60,0x00,0x00,0x00,0x00,//            ;         
             -         27
 146            0x00,0x00,0x80,0x40,0x20,0x10,0x08,0x00,0x00,0x01,0x02,0x04,0x08,0x10,0x20,0x00,//            <         
             -         28
 147            0x40,0x40,0x40,0x40,0x40,0x40,0x40,0x00,0x04,0x04,0x04,0x04,0x04,0x04,0x04,0x00,//            =         
             -         29
C51 COMPILER V9.54   BMP                                                                   04/05/2016 15:39:57 PAGE 4   

 148            0x00,0x08,0x10,0x20,0x40,0x80,0x00,0x00,0x00,0x20,0x10,0x08,0x04,0x02,0x01,0x00,//            >         
             -         30
 149            0x00,0x70,0x48,0x08,0x08,0x08,0xF0,0x00,0x00,0x00,0x00,0x30,0x36,0x01,0x00,0x00,//            ?         
             -         31
 150            0xC0,0x30,0xC8,0x28,0xE8,0x10,0xE0,0x00,0x07,0x18,0x27,0x24,0x23,0x14,0x0B,0x00,//            @         
             -         32
 151            0x00,0x00,0xC0,0x38,0xE0,0x00,0x00,0x00,0x20,0x3C,0x23,0x02,0x02,0x27,0x38,0x20,//            A         
             -         33
 152            0x08,0xF8,0x88,0x88,0x88,0x70,0x00,0x00,0x20,0x3F,0x20,0x20,0x20,0x11,0x0E,0x00,//            B         
             -         34
 153            0xC0,0x30,0x08,0x08,0x08,0x08,0x38,0x00,0x07,0x18,0x20,0x20,0x20,0x10,0x08,0x00,//            C         
             -         35
 154            0x08,0xF8,0x08,0x08,0x08,0x10,0xE0,0x00,0x20,0x3F,0x20,0x20,0x20,0x10,0x0F,0x00,//            D         
             -         36
 155            0x08,0xF8,0x88,0x88,0xE8,0x08,0x10,0x00,0x20,0x3F,0x20,0x20,0x23,0x20,0x18,0x00,//            E         
             -         37
 156            0x08,0xF8,0x88,0x88,0xE8,0x08,0x10,0x00,0x20,0x3F,0x20,0x00,0x03,0x00,0x00,0x00,//            F         
             -         38
 157            0xC0,0x30,0x08,0x08,0x08,0x38,0x00,0x00,0x07,0x18,0x20,0x20,0x22,0x1E,0x02,0x00,//            G         
             -         39
 158            0x08,0xF8,0x08,0x00,0x00,0x08,0xF8,0x08,0x20,0x3F,0x21,0x01,0x01,0x21,0x3F,0x20,//            H         
             -         40
 159            0x00,0x08,0x08,0xF8,0x08,0x08,0x00,0x00,0x00,0x20,0x20,0x3F,0x20,0x20,0x00,0x00,//            I         
             -         41
 160            0x00,0x00,0x08,0x08,0xF8,0x08,0x08,0x00,0xC0,0x80,0x80,0x80,0x7F,0x00,0x00,0x00,//            J         
             -         42
 161            0x08,0xF8,0x88,0xC0,0x28,0x18,0x08,0x00,0x20,0x3F,0x20,0x01,0x26,0x38,0x20,0x00,//            K         
             -         43
 162            0x08,0xF8,0x08,0x00,0x00,0x00,0x00,0x00,0x20,0x3F,0x20,0x20,0x20,0x20,0x30,0x00,//            L         
             -         44
 163            0x08,0xF8,0xF8,0x00,0xF8,0xF8,0x08,0x00,0x20,0x3F,0x00,0x3F,0x00,0x3F,0x20,0x00,//            M         
             -         45
 164            0x08,0xF8,0x30,0xC0,0x00,0x08,0xF8,0x08,0x20,0x3F,0x20,0x00,0x07,0x18,0x3F,0x00,//            N         
             -         46
 165            0xE0,0x10,0x08,0x08,0x08,0x10,0xE0,0x00,0x0F,0x10,0x20,0x20,0x20,0x10,0x0F,0x00,//            O         
             -         47
 166            0x08,0xF8,0x08,0x08,0x08,0x08,0xF0,0x00,0x20,0x3F,0x21,0x01,0x01,0x01,0x00,0x00,//            P         
             -         48
 167            0xE0,0x10,0x08,0x08,0x08,0x10,0xE0,0x00,0x0F,0x18,0x24,0x24,0x38,0x50,0x4F,0x00,//            Q         
             -         49
 168            0x08,0xF8,0x88,0x88,0x88,0x88,0x70,0x00,0x20,0x3F,0x20,0x00,0x03,0x0C,0x30,0x20,//            R         
             -         50
 169            0x00,0x70,0x88,0x08,0x08,0x08,0x38,0x00,0x00,0x38,0x20,0x21,0x21,0x22,0x1C,0x00,//            S         
             -         51
 170            0x18,0x08,0x08,0xF8,0x08,0x08,0x18,0x00,0x00,0x00,0x20,0x3F,0x20,0x00,0x00,0x00,//            T         
             -         52
 171            0x08,0xF8,0x08,0x00,0x00,0x08,0xF8,0x08,0x00,0x1F,0x20,0x20,0x20,0x20,0x1F,0x00,//            U         
             -         53
 172            0x08,0x78,0x88,0x00,0x00,0xC8,0x38,0x08,0x00,0x00,0x07,0x38,0x0E,0x01,0x00,0x00,//            V         
             -         54
 173            0xF8,0x08,0x00,0xF8,0x00,0x08,0xF8,0x00,0x03,0x3C,0x07,0x00,0x07,0x3C,0x03,0x00,//            W         
             -         55
 174            0x08,0x18,0x68,0x80,0x80,0x68,0x18,0x08,0x20,0x30,0x2C,0x03,0x03,0x2C,0x30,0x20,//            X         
             -         56
 175            0x08,0x38,0xC8,0x00,0xC8,0x38,0x08,0x00,0x00,0x00,0x20,0x3F,0x20,0x00,0x00,0x00,//            Y         
             -         57
 176            0x10,0x08,0x08,0x08,0xC8,0x38,0x08,0x00,0x20,0x38,0x26,0x21,0x20,0x20,0x18,0x00,//            Z         
             -         58
 177            0x00,0x00,0x00,0xFE,0x02,0x02,0x02,0x00,0x00,0x00,0x00,0x7F,0x40,0x40,0x40,0x00,//            [         
             -         59
 178            0x00,0x0C,0x30,0xC0,0x00,0x00,0x00,0x00,0x00,0x00,0x00,0x01,0x06,0x38,0xC0,0x00,//            \         
             -         60
C51 COMPILER V9.54   BMP                                                                   04/05/2016 15:39:57 PAGE 5   

 179            0x00,0x02,0x02,0x02,0xFE,0x00,0x00,0x00,0x00,0x40,0x40,0x40,0x7F,0x00,0x00,0x00,//            ]         
             -         61
 180            0x00,0x00,0x04,0x02,0x02,0x02,0x04,0x00,0x00,0x00,0x00,0x00,0x00,0x00,0x00,0x00,//            ^         
             -         62
 181            0x00,0x00,0x00,0x00,0x00,0x00,0x00,0x00,0x80,0x80,0x80,0x80,0x80,0x80,0x80,0x80,//            _         
             -         63
 182            0x00,0x02,0x02,0x04,0x00,0x00,0x00,0x00,0x00,0x00,0x00,0x00,0x00,0x00,0x00,0x00,//            `         
             -         64
 183            0x00,0x00,0x80,0x80,0x80,0x80,0x00,0x00,0x00,0x19,0x24,0x22,0x22,0x22,0x3F,0x20,//            a         
             -         65
 184            0x08,0xF8,0x00,0x80,0x80,0x00,0x00,0x00,0x00,0x3F,0x11,0x20,0x20,0x11,0x0E,0x00,//            b         
             -         66
 185            0x00,0x00,0x00,0x80,0x80,0x80,0x00,0x00,0x00,0x0E,0x11,0x20,0x20,0x20,0x11,0x00,//            c         
             -         67
 186            0x00,0x00,0x00,0x80,0x80,0x88,0xF8,0x00,0x00,0x0E,0x11,0x20,0x20,0x10,0x3F,0x20,//            d         
             -         68
 187            0x00,0x00,0x80,0x80,0x80,0x80,0x00,0x00,0x00,0x1F,0x22,0x22,0x22,0x22,0x13,0x00,//            e         
             -         69
 188            0x00,0x80,0x80,0xF0,0x88,0x88,0x88,0x18,0x00,0x20,0x20,0x3F,0x20,0x20,0x00,0x00,//            f         
             -         70
 189            0x00,0x00,0x80,0x80,0x80,0x80,0x80,0x00,0x00,0x6B,0x94,0x94,0x94,0x93,0x60,0x00,//            g         
             -         71
 190            0x08,0xF8,0x00,0x80,0x80,0x80,0x00,0x00,0x20,0x3F,0x21,0x00,0x00,0x20,0x3F,0x20,//            h         
             -         72
 191            0x00,0x80,0x98,0x98,0x00,0x00,0x00,0x00,0x00,0x20,0x20,0x3F,0x20,0x20,0x00,0x00,//            i         
             -         73
 192            0x00,0x00,0x00,0x80,0x98,0x98,0x00,0x00,0x00,0xC0,0x80,0x80,0x80,0x7F,0x00,0x00,//            j         
             -         74
 193            0x08,0xF8,0x00,0x00,0x80,0x80,0x80,0x00,0x20,0x3F,0x24,0x02,0x2D,0x30,0x20,0x00,//            k         
             -         75
 194            0x00,0x08,0x08,0xF8,0x00,0x00,0x00,0x00,0x00,0x20,0x20,0x3F,0x20,0x20,0x00,0x00,//            l         
             -         76
 195            0x80,0x80,0x80,0x80,0x80,0x80,0x80,0x00,0x20,0x3F,0x20,0x00,0x3F,0x20,0x00,0x3F,//            m         
             -         77
 196            0x80,0x80,0x00,0x80,0x80,0x80,0x00,0x00,0x20,0x3F,0x21,0x00,0x00,0x20,0x3F,0x20,//            n         
             -         78
 197            0x00,0x00,0x80,0x80,0x80,0x80,0x00,0x00,0x00,0x1F,0x20,0x20,0x20,0x20,0x1F,0x00,//            o         
             -         79
 198            0x80,0x80,0x00,0x80,0x80,0x00,0x00,0x00,0x80,0xFF,0xA1,0x20,0x20,0x11,0x0E,0x00,//            p         
             -         80
 199            0x00,0x00,0x00,0x80,0x80,0x80,0x80,0x00,0x00,0x0E,0x11,0x20,0x20,0xA0,0xFF,0x80,//            q         
             -         81
 200            0x80,0x80,0x80,0x00,0x80,0x80,0x80,0x00,0x20,0x20,0x3F,0x21,0x20,0x00,0x01,0x00,//            r         
             -         82
 201            0x00,0x00,0x80,0x80,0x80,0x80,0x80,0x00,0x00,0x33,0x24,0x24,0x24,0x24,0x19,0x00,//            s         
             -         83
 202            0x00,0x80,0x80,0xE0,0x80,0x80,0x00,0x00,0x00,0x00,0x00,0x1F,0x20,0x20,0x00,0x00,//            t         
             -         84
 203            0x80,0x80,0x00,0x00,0x00,0x80,0x80,0x00,0x00,0x1F,0x20,0x20,0x20,0x10,0x3F,0x20,//            u         
             -         85
 204            0x80,0x80,0x80,0x00,0x00,0x80,0x80,0x80,0x00,0x01,0x0E,0x30,0x08,0x06,0x01,0x00,//            v         
             -         86
 205            0x80,0x80,0x00,0x80,0x00,0x80,0x80,0x80,0x0F,0x30,0x0C,0x03,0x0C,0x30,0x0F,0x00,//            w         
             -         87
 206            0x00,0x80,0x80,0x00,0x80,0x80,0x80,0x00,0x00,0x20,0x31,0x2E,0x0E,0x31,0x20,0x00,//            x         
             -         88
 207            0x80,0x80,0x80,0x00,0x00,0x80,0x80,0x80,0x80,0x81,0x8E,0x70,0x18,0x06,0x01,0x00,//            y         
             -         89
 208            0x00,0x80,0x80,0x80,0x80,0x80,0x80,0x00,0x00,0x21,0x30,0x2C,0x22,0x21,0x30,0x00,//            z         
             -         90
 209            0x00,0x00,0x00,0x00,0x80,0x7C,0x02,0x02,0x00,0x00,0x00,0x00,0x00,0x3F,0x40,0x40,//            {         
             -         91
C51 COMPILER V9.54   BMP                                                                   04/05/2016 15:39:57 PAGE 6   

 210            0x00,0x00,0x00,0x00,0xFF,0x00,0x00,0x00,0x00,0x00,0x00,0x00,0xFF,0x00,0x00,0x00,//            |         
             -         92
 211            0x00,0x02,0x02,0x7C,0x80,0x00,0x00,0x00,0x00,0x40,0x40,0x3F,0x00,0x00,0x00,0x00,//            }         
             -         93
 212            0x00,0x06,0x01,0x01,0x02,0x02,0x04,0x04,0x00,0x00,0x00,0x00,0x00,0x00,0x00,0x00,//            ~         
             -         94
 213          };
 214          
 215          
 216          
 217          
 218          
 219          
 220          
 221          
 222          /************************************************************************16*16汉字的点阵******************
             -*******************************************************************汉字*****************C的值****************/
 223          uchar code F16x16[][32]=       
 224          {     
 225            0x00,0x02,0x02,0xFA,0xFA,0xAA,0xAA,0xFF,0xFF,0xAA,0xAA,0xFA,0xFA,0x02,0x02,0x00,0x00,0x42,0x72,0x72,0x3A,
             -0x7A,0x42,0x4B,0x5B,0x52,0x62,0x62,0x13,0x77,0x66,0x00,//          惠                    0 
 226            0x20,0x3C,0x1C,0xFF,0xFF,0xB0,0xB4,0x24,0x24,0x3F,0x3F,0xE4,0xE4,0x24,0x24,0x20,0x02,0x02,0x03,0xFF,0xFF,
             -0x00,0x01,0x05,0x1D,0x59,0xC1,0xFF,0x7F,0x01,0x01,0x01,//          特                    1
 227            0x00,0x00,0x00,0xF8,0xF8,0x48,0x4C,0x4F,0x4B,0x4A,0x48,0x48,0xF8,0xF8,0x00,0x00,0x00,0x00,0x00,0xFF,0xFF,
             -0x44,0x44,0x44,0x44,0x44,0x44,0x44,0xFF,0xFF,0x00,0x00,//          自                    2
 228            0x20,0x24,0x24,0xE4,0xE4,0x24,0x24,0x24,0x30,0x10,0xFF,0xFF,0x10,0xF0,0xF0,0x00,0x08,0x1C,0x1F,0x0B,0x0C,
             -0x0D,0x4F,0x6E,0x34,0x1C,0x0F,0x23,0x60,0x7F,0x3F,0x00,//          动                    3
 229            0x80,0xC0,0x60,0xF8,0xFF,0x07,0x02,0x00,0xFF,0xFF,0xE0,0x70,0x3C,0x1C,0x08,0x00,0x00,0x00,0x00,0x7F,0x7F,
             -0x04,0x06,0x03,0x3F,0x7F,0x40,0x40,0x40,0x78,0x78,0x00,//          化                    4
 230            0x10,0x21,0x86,0x70,0x00,0x7E,0x4A,0x4A,0x4A,0x4A,0x4A,0x7E,0x00,0x00,0x00,0x00,0x02,0xFE,0x01,0x40,0x7F,
             -0x41,0x41,0x7F,0x41,0x41,0x7F,0x41,0x41,0x7F,0x40,0x00,//          温                    5
 231            0x00,0x00,0xFC,0x04,0x24,0x24,0xFC,0xA5,0xA6,0xA4,0xFC,0x24,0x24,0x24,0x04,0x00,0x80,0x60,0x1F,0x80,0x80,
             -0x42,0x46,0x2A,0x12,0x12,0x2A,0x26,0x42,0xC0,0x40,0x00,//          度                    6
 232            0x08,0x08,0x08,0xFF,0x88,0x48,0x00,0x98,0x48,0x28,0x0A,0x2C,0x48,0xD8,0x08,0x00,0x02,0x42,0x81,0x7F,0x00,
             -0x00,0x40,0x42,0x42,0x42,0x7E,0x42,0x42,0x42,0x40,0x00,//          控                    7
 233            0x00,0x50,0x4F,0x4A,0x48,0xFF,0x48,0x48,0x48,0x00,0xFC,0x00,0x00,0xFF,0x00,0x00,0x00,0x00,0x3F,0x01,0x01,
             -0xFF,0x21,0x61,0x3F,0x00,0x0F,0x40,0x80,0x7F,0x00,0x00,//          制                    8
 234            0x00,0x90,0x8C,0xA4,0xA4,0xA4,0xA5,0xA6,0xA4,0xA4,0xA4,0xA4,0x94,0x8C,0x04,0x00,0x00,0x80,0x40,0x20,0x18,
             -0x07,0x00,0x00,0x00,0x3F,0x40,0x40,0x40,0x70,0x00,0x00,//          完                    9
 235            0x00,0x04,0x74,0xD4,0xFF,0xD4,0x74,0x04,0x10,0x0C,0xB7,0x44,0xB4,0x0C,0x04,0x00,0x00,0x42,0x43,0x7A,0x43,
             -0x42,0x43,0x7E,0x4B,0x4B,0x4A,0x4A,0x42,0x43,0x01,0x00,//          整                    10
 236            0x08,0x08,0x08,0x08,0x08,0x08,0xF9,0x4A,0x4C,0x48,0x48,0xC8,0x08,0x08,0x08,0x00,0x40,0x40,0x20,0x10,0x0C,
             -0x03,0x00,0x00,0x20,0x40,0x40,0x3F,0x00,0x00,0x00,0x00,//          方                    11
 237            0x00,0x20,0x2C,0x24,0x64,0x74,0xAD,0xA6,0xE4,0x34,0x24,0x24,0x2C,0x24,0x00,0x00,0x00,0x24,0x24,0x25,0x15,
             -0x15,0x0D,0xFE,0x04,0x0D,0x17,0x14,0x24,0x64,0x24,0x00,//          案                    12
 238          };
 239          
 240          
 241          
 242          
 243          
 244          
 245          
 246          
 247          
 248          /**********************************128*64图片的点阵*****************************************/
 249          uchar code BMP1[]=
 250          {
 251            0x00,0x03,0x05,0x09,0x11,0xFF,0x11,0x89,0x05,0xC3,0x00,0xE0,0x00,0xF0,0x00,0xF8,
 252            0x00,0x00,0x00,0x00,0x00,0x00,0x00,0x44,0x28,0xFF,0x11,0xAA,0x44,0x00,0x00,0x00,
 253            0x00,0x00,0x00,0x00,0x00,0x00,0x00,0x00,0x00,0x00,0x00,0x00,0x00,0x00,0x00,0x00,
 254            0x00,0x00,0x00,0x00,0x00,0x00,0x00,0x00,0x00,0x00,0x00,0x00,0x00,0x00,0x00,0x00,
C51 COMPILER V9.54   BMP                                                                   04/05/2016 15:39:57 PAGE 7   

 255            0x00,0x00,0x00,0x00,0x00,0x00,0x00,0x00,0x00,0x00,0x00,0x00,0x00,0x00,0x00,0x00,
 256            0x00,0x00,0x00,0x00,0x00,0x00,0x00,0x00,0x00,0x00,0x83,0x01,0x38,0x44,0x82,0x92,
 257            0x92,0x74,0x01,0x83,0x00,0x00,0x00,0x00,0x00,0x00,0x00,0x7C,0x44,0xC7,0x01,0x7D,
 258            0x7D,0x7D,0x7D,0x01,0x7D,0x7D,0x7D,0x7D,0x01,0x7D,0x7D,0x7D,0x7D,0x01,0xFF,0x00,
 259            0x00,0x00,0x00,0x00,0x00,0x01,0x00,0x01,0x00,0x01,0x00,0x01,0x00,0x01,0x00,0x01,
 260            0x00,0x00,0x00,0x00,0x00,0x00,0x00,0x00,0x00,0x01,0x01,0x00,0x00,0x00,0x00,0x00,
 261            0x00,0x00,0x00,0x00,0x00,0x00,0x00,0x00,0x00,0x00,0x00,0x00,0x00,0x00,0x00,0x00,
 262            0x00,0x00,0x00,0x00,0x00,0x00,0x00,0x00,0x00,0x00,0x00,0x00,0x00,0x00,0x00,0x00,
 263            0x00,0x00,0x00,0x00,0x00,0x00,0x00,0x00,0x00,0x00,0x00,0x00,0x00,0x00,0x00,0x00,
 264            0x00,0x00,0x00,0x00,0x00,0x00,0x00,0x00,0x00,0x00,0x01,0x01,0x00,0x00,0x00,0x00,
 265            0x00,0x00,0x01,0x01,0x00,0x00,0x00,0x00,0x00,0x00,0x00,0x00,0x00,0x01,0x01,0x01,
 266            0x01,0x01,0x01,0x01,0x01,0x01,0x01,0x01,0x01,0x01,0x01,0x01,0x01,0x01,0x01,0x00,
 267            0x00,0x00,0x00,0x00,0x00,0x00,0x00,0x00,0x00,0x40,0x40,0x40,0x40,0x40,0x00,0x00,
 268            0x6D,0x6D,0x6D,0x6D,0x6D,0x00,0x00,0x60,0x60,0x60,0x60,0x60,0x00,0x00,0x40,0x40,
 269            0x40,0x40,0x40,0x00,0x00,0x00,0x00,0x00,0x00,0x00,0x00,0x00,0x00,0x00,0x00,0x00,
 270            0x00,0x00,0x00,0x00,0x00,0x00,0x00,0x00,0x00,0x00,0x00,0x00,0x00,0x00,0x00,0x00,
 271            0x00,0x00,0x00,0x00,0x00,0x00,0x00,0x00,0x00,0x00,0x00,0x00,0x00,0x00,0x00,0x00,
 272            0x00,0x00,0x00,0x00,0x00,0x00,0x00,0x00,0x00,0x00,0x00,0x00,0x00,0x00,0x00,0x00,
 273            0x00,0x00,0x00,0x00,0x00,0x00,0x00,0x00,0x00,0x00,0x00,0x00,0x00,0x00,0x00,0x00,
 274            0x00,0x00,0x00,0x00,0x00,0x00,0x00,0x00,0x00,0x00,0x00,0x00,0x00,0x00,0x00,0x00,
 275            0x00,0x00,0x00,0x00,0x00,0x00,0x00,0x00,0x00,0xDB,0xDB,0xDB,0xDB,0xDB,0x00,0x00,
 276            0xDB,0xDB,0xDB,0xDB,0xDB,0x00,0x00,0xDB,0xDB,0xDB,0xDB,0xDB,0x00,0x00,0xDB,0xDB,
 277            0xDB,0xDB,0xDB,0x00,0x00,0xDA,0xDA,0xDA,0xDA,0xDA,0x00,0x00,0xD8,0xD8,0xD8,0xD8,
 278            0xD8,0x00,0x00,0xC0,0xC0,0xC0,0xC0,0xC0,0x00,0x00,0xC0,0xC0,0xC0,0xC0,0xC0,0x00,
 279            0x00,0xC0,0xC0,0xC0,0xC0,0xC0,0x00,0x00,0xC0,0xC0,0xC0,0xC0,0xC0,0x00,0x00,0x80,
 280            0x80,0x80,0x80,0x80,0x00,0x00,0x00,0x00,0x00,0x00,0x00,0x00,0x00,0x00,0x00,0x00,
 281            0x00,0x00,0x00,0x00,0x00,0x00,0x00,0x00,0x00,0x00,0x00,0x00,0x00,0x00,0x00,0x00,
 282            0x00,0x00,0x00,0x00,0x00,0x00,0x00,0x00,0x00,0x00,0x00,0x00,0x00,0x00,0x00,0x00,
 283            0x00,0x00,0x00,0x00,0x00,0x00,0x00,0x00,0x00,0x06,0x06,0x06,0x06,0x06,0x00,0x00,
 284            0x06,0x06,0x06,0x06,0x06,0x00,0x00,0x06,0x06,0x06,0x06,0x06,0x00,0x00,0x06,0x06,
 285            0x06,0x06,0x06,0x00,0x00,0x06,0x06,0x06,0xE6,0x66,0x20,0x00,0x06,0x06,0x86,0x06,
 286            0x06,0x00,0x00,0x06,0x06,0x06,0x06,0x86,0x00,0x00,0x06,0x06,0x06,0x06,0x06,0x00,
 287            0x00,0x86,0x86,0x86,0x86,0x86,0x80,0x80,0x86,0x86,0x06,0x86,0x86,0xC0,0xC0,0x86,
 288            0x86,0x86,0x06,0x06,0xD0,0x30,0x76,0x06,0x06,0x06,0x06,0x00,0x00,0x06,0x06,0x06,
 289            0x06,0x06,0x00,0x00,0x06,0x06,0x06,0x06,0x06,0x00,0x00,0x06,0x06,0x06,0x06,0x06,
 290            0x00,0x00,0x06,0x06,0x06,0x06,0x06,0x00,0x00,0x00,0x00,0x00,0x00,0x00,0x00,0x00,
 291            0x00,0x00,0x00,0x00,0x00,0x00,0x00,0x00,0x00,0x00,0x00,0x00,0x00,0x00,0x00,0x00,
 292            0x00,0x00,0x00,0x00,0x00,0x00,0x00,0x00,0x00,0x00,0x00,0x00,0x00,0x00,0x00,0x00,
 293            0x00,0x00,0x00,0x00,0x00,0x00,0x00,0x00,0x00,0x00,0x60,0x1C,0x00,0xFE,0x00,0x01,
 294            0x02,0x00,0xC4,0x18,0x20,0x02,0x9E,0x63,0xB2,0x0E,0x00,0xFF,0x81,0x81,0xFF,0x00,
 295            0x00,0x80,0x40,0x30,0x0F,0x00,0x00,0x00,0x00,0xFF,0x00,0x23,0xEA,0xAA,0xBF,0xAA,
 296            0xEA,0x03,0x3F,0x00,0xFF,0x00,0x00,0x00,0x00,0x00,0x00,0x00,0x00,0x00,0x00,0x00,
 297            0x00,0x00,0x00,0x00,0x00,0x00,0x00,0x00,0x00,0x00,0x00,0x00,0x00,0x00,0x00,0x00,
 298            0x00,0x00,0x00,0x00,0x00,0x00,0x00,0x00,0x00,0x00,0x00,0x00,0x00,0x00,0x00,0x00,
 299            0x00,0x00,0x00,0x80,0x80,0x80,0x00,0x00,0x00,0x00,0x00,0x80,0x80,0x80,0x00,0x00,
 300            0x00,0x00,0x00,0x00,0x00,0x00,0x00,0x00,0x00,0x00,0x00,0x00,0x00,0x00,0x00,0x00,
 301            0x00,0x00,0x00,0x00,0x00,0x00,0x00,0x00,0x0E,0x0C,0x08,0x00,0x00,0x01,0x01,0x01,
 302            0x01,0x01,0x00,0x00,0x00,0x01,0x00,0x00,0x00,0x01,0x00,0x81,0x80,0x80,0x81,0x80,
 303            0x81,0x80,0x80,0x80,0x80,0x01,0x01,0x01,0x01,0x00,0x00,0x00,0x01,0x00,0x00,0x00,
 304            0x01,0x00,0x01,0x01,0x09,0x0C,0x0E,0x00,0x00,0x00,0x00,0x00,0x00,0x00,0x00,0x00,
 305            0x00,0x00,0x00,0x00,0x00,0x00,0x00,0x00,0xC0,0xC0,0xC0,0xC0,0xC0,0xC0,0xC0,0xC0,
 306            0xC0,0xC0,0xC0,0xC0,0xC0,0xC0,0xC0,0xC0,0xC0,0xC0,0xC0,0xC0,0xC0,0xC0,0xC0,0x00,
 307            0x00,0x1E,0x21,0x40,0x40,0x50,0x21,0x5E,0x00,0x1E,0x21,0x40,0x40,0x50,0x21,0x5E,
 308            0x00,0x00,0x00,0x00,0x00,0x00,0x00,0x00,0x00,0x00,0x00,0x00,0x00,0x00,0x00,0x00,
 309            0x00,0x00,0x00,0x00,0x00,0x00,0x00,0x00,0x00,0x00,0x00,0x00,0x00,0x00,0x00,0x00,
 310            0x00,0x00,0x00,0x00,0x00,0x00,0x00,0x00,0x00,0x00,0x00,0xFF,0xFF,0xC1,0xC1,0xFF,
 311            0xFF,0xC1,0xC1,0xFF,0xFF,0x00,0x00,0x00,0x00,0x00,0x00,0x00,0x00,0x00,0x00,0x00,
 312            0x00,0x00,0x00,0x00,0x00,0x00,0x00,0x00,0x00,0x00,0x00,0x00,0x00,0x00,0x00,0x00,
 313            0x00,0x00,0x00,0x00,0x00,0x00,0x00,0x00,0xFF,0xFF,0x80,0xFC,0xF3,0xEF,0xF3,0xFC,
 314            0x80,0xFF,0x80,0xEE,0xEE,0xEE,0xF5,0xFB,0xFF,0x9C,0xBE,0xB6,0xB6,0x88,0xFF,0x00,
 315          };
 316          
C51 COMPILER V9.54   BMP                                                                   04/05/2016 15:39:57 PAGE 8   

 317          
 318          
 319          
 320          
 321          
 322          
 323          
 324          
 325          
 326          
 327          /**********************************128*64图片的点阵*****************************************/
 328          uchar code BMP2[]=
 329          {
 330            0x00,0x03,0x05,0x09,0x11,0xFF,0x11,0x89,0x05,0xC3,0x00,0xE0,0x00,0xF0,0x00,0xF8,
 331            0x00,0x00,0x00,0x00,0x00,0x00,0x00,0x44,0x28,0xFF,0x11,0xAA,0x44,0x00,0x00,0x00,
 332            0x00,0x00,0x00,0x00,0x00,0x00,0x00,0x00,0x00,0x00,0x00,0x00,0x00,0x00,0x00,0x00,
 333            0x00,0x00,0x00,0x00,0x00,0x00,0x00,0x00,0x00,0x00,0x00,0x00,0x00,0x00,0x00,0x00,
 334            0x00,0x00,0x00,0x00,0x00,0x00,0x00,0x00,0x00,0x00,0x00,0x00,0x00,0x00,0x00,0x00,
 335            0x00,0x00,0x00,0x00,0x00,0x00,0x00,0x00,0x00,0x00,0x83,0x01,0x38,0x44,0x82,0x92,
 336            0x92,0x74,0x01,0x83,0x00,0x00,0x00,0x00,0x00,0x00,0x00,0x7C,0x44,0xFF,0x01,0x7D,
 337            0x7D,0x7D,0x7D,0x01,0x7D,0x7D,0x7D,0x7D,0x01,0x7D,0x7D,0x7D,0x7D,0x01,0xFF,0x00,
 338            0x00,0x00,0x00,0x00,0x00,0x01,0x00,0x01,0x00,0x01,0x00,0x01,0x00,0x01,0x00,0x01,
 339            0x00,0x00,0x00,0x00,0x00,0x00,0x00,0x00,0x00,0x01,0x01,0x00,0x00,0x00,0x00,0x00,
 340            0x00,0x00,0x00,0x00,0x00,0x00,0x00,0x00,0x00,0x00,0x00,0x00,0x00,0x00,0x00,0x00,
 341            0x00,0x00,0x00,0x00,0x00,0x00,0x00,0x00,0x00,0x00,0x00,0x00,0x00,0x00,0x00,0x00,
 342            0x00,0x00,0x00,0x00,0x00,0x00,0x00,0x00,0x00,0x00,0x00,0x00,0x00,0x00,0x00,0x00,
 343            0x00,0x00,0x00,0x00,0x00,0x00,0x00,0x00,0x00,0x00,0x01,0x01,0x00,0x00,0x00,0x00,
 344            0x00,0x00,0x01,0x01,0x00,0x00,0x00,0x00,0x00,0x00,0x00,0x00,0x00,0x01,0x01,0x01,
 345            0x01,0x01,0x01,0x01,0x01,0x01,0x01,0x01,0x01,0x01,0x01,0x01,0x01,0x01,0x01,0x00,
 346            0x00,0x00,0x00,0x00,0x00,0x00,0x00,0x00,0x00,0x00,0x00,0x00,0x00,0x00,0x00,0x00,
 347            0x00,0x00,0x00,0x00,0x00,0x00,0x00,0x00,0x00,0x00,0x00,0x00,0x00,0x00,0x00,0xF8,
 348            0x08,0x08,0x08,0x08,0x08,0x08,0x08,0x00,0xF8,0x18,0x60,0x80,0x00,0x00,0x00,0x80,
 349            0x60,0x18,0xF8,0x00,0x00,0x00,0x20,0x20,0xF8,0x00,0x00,0x00,0x00,0x00,0x00,0xE0,
 350            0x10,0x08,0x08,0x08,0x08,0x10,0xE0,0x00,0x00,0x00,0x20,0x20,0xF8,0x00,0x00,0x00,
 351            0x00,0x00,0x00,0x00,0x00,0x00,0x00,0x00,0x00,0x08,0x08,0x08,0x08,0x08,0x88,0x68,
 352            0x18,0x00,0x00,0x00,0x00,0x00,0x00,0x00,0x00,0x00,0x00,0x00,0x00,0x00,0x00,0x00,
 353            0x00,0x00,0x00,0x00,0x00,0x00,0x00,0x00,0x00,0x00,0x00,0x00,0x00,0x00,0x00,0x00,
 354            0x00,0x00,0x00,0x00,0x00,0x00,0x00,0x00,0x00,0x00,0x00,0x00,0x00,0x00,0x00,0x00,
 355            0x00,0x00,0x00,0x00,0x00,0x00,0x00,0x00,0x00,0x00,0x00,0x00,0x00,0x00,0x00,0x7F,
 356            0x01,0x01,0x01,0x01,0x01,0x01,0x00,0x00,0x7F,0x00,0x00,0x01,0x06,0x18,0x06,0x01,
 357            0x00,0x00,0x7F,0x00,0x00,0x00,0x40,0x40,0x7F,0x40,0x40,0x00,0x00,0x00,0x00,0x1F,
 358            0x20,0x40,0x40,0x40,0x40,0x20,0x1F,0x00,0x00,0x00,0x40,0x40,0x7F,0x40,0x40,0x00,
 359            0x00,0x00,0x00,0x00,0x60,0x00,0x00,0x00,0x00,0x00,0x00,0x60,0x18,0x06,0x01,0x00,
 360            0x00,0x00,0x00,0x00,0x00,0x00,0x00,0x00,0x00,0x00,0x00,0x00,0x00,0x00,0x00,0x00,
 361            0x00,0x00,0x00,0x00,0x00,0x00,0x00,0x00,0x00,0x00,0x00,0x00,0x00,0x00,0x00,0x00,
 362            0x00,0x00,0x00,0x00,0x00,0x00,0x00,0x00,0x00,0x00,0x00,0x00,0x00,0x00,0x00,0x00,
 363            0x00,0x00,0x00,0x00,0x00,0x00,0x00,0x00,0x00,0x00,0x00,0x00,0x00,0x00,0x00,0x00,
 364            0x00,0x00,0x00,0x00,0x00,0x40,0x20,0x20,0x20,0xC0,0x00,0x00,0xE0,0x20,0x20,0x20,
 365            0xE0,0x00,0x00,0x00,0x40,0xE0,0x00,0x00,0x00,0x00,0x60,0x20,0x20,0x20,0xE0,0x00,
 366            0x00,0x00,0x00,0x00,0xE0,0x20,0x20,0x20,0xE0,0x00,0x00,0x00,0x00,0x00,0x40,0x20,
 367            0x20,0x20,0xC0,0x00,0x00,0x40,0x20,0x20,0x20,0xC0,0x00,0x00,0x00,0x00,0x00,0x00,
 368            0x00,0x00,0x00,0x00,0x00,0x00,0x00,0x00,0x00,0x00,0x00,0x00,0x00,0x00,0x00,0x00,
 369            0x00,0x00,0x00,0x00,0x00,0x00,0x00,0x00,0x00,0x00,0x00,0x00,0x00,0x00,0x00,0x00,
 370            0x00,0x00,0x00,0x00,0x00,0x00,0x00,0x00,0x00,0x00,0x00,0x00,0x00,0x00,0x00,0x00,
 371            0x00,0x00,0x00,0x00,0x00,0x00,0x00,0x00,0x00,0x00,0x00,0x00,0x00,0x00,0x00,0x00,
 372            0x00,0x00,0x00,0x00,0x00,0x0C,0x0A,0x0A,0x09,0x0C,0x00,0x00,0x0F,0x08,0x08,0x08,
 373            0x0F,0x00,0x00,0x00,0x08,0x0F,0x08,0x00,0x00,0x00,0x0C,0x08,0x09,0x09,0x0E,0x00,
 374            0x00,0x0C,0x00,0x00,0x0F,0x09,0x09,0x09,0x0F,0x00,0x00,0x0C,0x00,0x00,0x0C,0x0A,
 375            0x0A,0x09,0x0C,0x00,0x00,0x0C,0x0A,0x0A,0x09,0x0C,0x00,0x00,0x00,0x00,0x00,0x00,
 376            0x00,0x00,0x00,0x00,0x00,0x00,0x00,0x00,0x00,0x00,0x00,0x00,0x00,0x00,0x00,0x00,
 377            0x00,0x00,0x00,0x00,0x00,0x00,0x00,0x00,0x00,0x00,0x00,0x00,0x00,0x00,0x00,0x00,
 378            0x00,0x00,0x00,0x00,0x00,0x00,0x00,0x00,0x00,0x00,0x00,0x00,0x00,0x00,0x00,0x00,
C51 COMPILER V9.54   BMP                                                                   04/05/2016 15:39:57 PAGE 9   

 379            0x00,0x00,0x00,0x00,0x00,0x00,0x00,0x00,0x00,0x00,0x00,0x00,0x00,0x00,0x00,0x00,
 380            0x00,0x00,0x00,0x00,0x00,0x00,0x00,0x00,0x00,0x00,0x00,0x00,0x00,0x00,0x00,0x00,
 381            0x00,0x00,0x00,0x00,0x00,0x00,0x00,0x00,0x00,0x00,0x00,0x00,0x80,0x80,0x80,0x80,
 382            0x80,0x80,0x80,0x80,0x00,0x00,0x00,0x00,0x00,0x00,0x00,0x00,0x00,0x00,0x00,0x00,
 383            0x00,0x00,0x00,0x00,0x00,0x00,0x00,0x00,0x00,0x00,0x00,0x00,0x00,0x00,0x00,0x00,
 384            0x00,0x00,0x00,0x00,0x00,0x00,0x00,0x00,0x00,0x00,0x00,0x00,0x00,0x00,0x00,0x00,
 385            0x00,0x00,0x00,0x00,0x00,0x00,0x00,0x00,0x00,0x00,0x00,0x00,0x00,0x00,0x00,0x00,
 386            0x00,0x7F,0x03,0x0C,0x30,0x0C,0x03,0x7F,0x00,0x00,0x38,0x54,0x54,0x58,0x00,0x00,
 387            0x7C,0x04,0x04,0x78,0x00,0x00,0x3C,0x40,0x40,0x7C,0x00,0x00,0x00,0x00,0x00,0x00,
 388            0x00,0x00,0x00,0x00,0x00,0x00,0x00,0x00,0x00,0x00,0x00,0x00,0x00,0x00,0x00,0x00,
 389            0x00,0x00,0x00,0x00,0x00,0x00,0x00,0x00,0x00,0x00,0x00,0x00,0xFF,0xAA,0xAA,0xAA,
 390            0x28,0x08,0x00,0xFF,0x00,0x00,0x00,0x00,0x00,0x00,0x00,0x00,0x00,0x00,0x00,0x00,
 391            0x00,0x00,0x00,0x00,0x00,0x00,0x00,0x00,0x00,0x00,0x00,0x00,0x00,0x00,0x00,0x00,
 392            0x00,0x00,0x00,0x00,0x00,0x00,0x00,0x00,0x00,0x7F,0x03,0x0C,0x30,0x0C,0x03,0x7F,
 393            0x00,0x00,0x26,0x49,0x49,0x49,0x32,0x00,0x00,0x7F,0x02,0x04,0x08,0x10,0x7F,0x00,
 394          };
 395          
 396          
 397          
 398          
 399          
 400          
 401          
 402          
 403          
 404          
 405          /**********************************64*64图片的点阵*****************************************/
 406          uchar code BMP3[]=
 407          { 
 408            0xFF,0xFF,0xFF,0xFF,0xFF,0xFF,0xFF,0xFF,0xFF,0xFF,0xFF,0xFF,0xFF,0xFF,0xFF,0xFF,
 409            0xFF,0x7F,0x7F,0xFF,0xBF,0xFF,0xDF,0xFF,0xFF,0xEF,0xEF,0xFF,0xEF,0xEF,0xFF,0xFF,
 410            0xBF,0xFF,0x6F,0xFF,0x7F,0x6F,0xFF,0x7F,0xDF,0xFF,0xFF,0xFF,0xFF,0xFF,0xFF,0xFF,
 411            0xFF,0xFF,0xFF,0xFF,0xFF,0xFF,0xFF,0xFF,0xFF,0xFF,0xFF,0xFF,0xFF,0xFF,0xFF,0xFF,
 412            0xFF,0xFF,0xFF,0xFF,0xFF,0xFF,0xFF,0xFF,0x7F,0xBF,0xDF,0xFF,0xF7,0xFB,0xFD,0xFF,
 413            0xFF,0xFF,0xFF,0xFF,0xFF,0xFF,0xFF,0xFF,0xFF,0xFF,0xFF,0xFF,0xFF,0xFF,0xFF,0xFF,
 414            0xFF,0xFF,0xFF,0xFF,0xFF,0xFD,0xFA,0xF9,0xE5,0x58,0x86,0x53,0x13,0x97,0x47,0x2E,
 415            0xAD,0x7B,0xBF,0x77,0xFF,0xDF,0x3F,0xFF,0xFF,0xFF,0xFF,0xFF,0xFF,0xFF,0xFF,0xFF,
 416            0xFF,0xFF,0xFF,0xFF,0xBF,0xEF,0xFB,0xFE,0xFF,0xFF,0xFF,0xFF,0xFF,0xFF,0xFF,0xFF,
 417            0xFF,0xFF,0xFF,0xFF,0xFF,0xFF,0xFF,0xFF,0xFF,0xEF,0xE9,0xA7,0xDD,0xE3,0xEB,0xFF,
 418            0xFF,0xFF,0xFF,0xFF,0xFF,0xFF,0xFF,0xFF,0xFF,0x7F,0xCC,0x92,0x31,0x93,0xD8,0x4D,
 419            0x53,0x90,0x65,0xD2,0x64,0x51,0x9F,0x3E,0xFD,0xF7,0x9F,0x7F,0xFF,0xFF,0xFF,0xFF,
 420            0xFF,0xFF,0xBF,0xFA,0xFF,0xFF,0xFF,0xFF,0xFF,0xFF,0xFF,0xFF,0xFF,0xFF,0xFF,0xFF,
 421            0xFF,0xFF,0xFF,0xFF,0xFF,0xFF,0xFF,0xFF,0xFF,0xFF,0xFF,0xFF,0xFF,0xFF,0xFF,0xFF,
 422            0xFF,0xFF,0x7F,0xFF,0xBF,0x1F,0x3F,0x5F,0x2B,0x64,0x12,0x88,0xA7,0x08,0x4C,0xB1,
 423            0x00,0x00,0x00,0x00,0x00,0x00,0x00,0x00,0x48,0x27,0xFF,0xFD,0x6F,0xFF,0xFF,0xFF,
 424            0xFF,0xFF,0xF9,0x5F,0xFF,0xFF,0xFF,0xFF,0xFF,0xFF,0xFF,0xFF,0xFF,0xFF,0xFF,0xFF,
 425            0xFF,0xFF,0xFF,0xFF,0xFF,0xFF,0xFF,0xFF,0xFF,0x7F,0x5F,0xAF,0x2F,0x5F,0x37,0x4B,
 426            0x55,0x14,0x99,0x25,0x92,0xD4,0xB4,0x48,0x00,0x00,0x00,0x00,0x00,0x00,0x00,0x00,
 427            0x00,0x00,0x00,0x00,0x00,0x00,0x00,0x00,0x60,0xD9,0xFF,0x7F,0xC9,0xFF,0xFF,0xFF,
 428            0xFF,0xFF,0xFF,0xFF,0xFD,0xEF,0xBF,0xFF,0xFF,0xFF,0xFF,0xFF,0xFF,0xFF,0xFF,0xFF,
 429            0xFF,0xFF,0xFF,0xFF,0xFF,0xFF,0xFF,0x0F,0x34,0x92,0x49,0x96,0xB9,0x6D,0x92,0xE2,
 430            0xFA,0xF9,0xFD,0xFE,0xFC,0xF9,0xFE,0xAD,0x00,0x00,0x00,0x00,0x00,0x00,0x00,0x00,
 431            0x54,0x0B,0xA2,0x4B,0x91,0x76,0xE5,0xF5,0x7E,0xDF,0xFB,0xFE,0xFF,0xFF,0xFF,0xFF,
 432            0xFF,0xFF,0xFF,0xFF,0xFF,0xFF,0xFF,0xFF,0xFF,0xFB,0xFF,0xDF,0xDF,0xFF,0x7F,0xFF,
 433            0xFF,0xFF,0xFF,0xFF,0xFF,0xFF,0xFF,0xFF,0xF8,0xE5,0xC8,0xD1,0x0E,0x75,0x80,0x85,
 434            0x95,0x55,0xC7,0xAB,0x53,0xA5,0x66,0x59,0x2A,0xA5,0x10,0xE2,0x8D,0xB5,0xC2,0xCD,
 435            0xFA,0xFD,0xBE,0xDF,0xFE,0xFF,0xFD,0xFE,0xFF,0xFF,0xFF,0xFF,0xFF,0xFF,0xFF,0xFF,
 436            0xFF,0xFF,0xFF,0xFF,0xFF,0xFF,0xFF,0xFF,0xFF,0xFF,0xFF,0xFF,0xFF,0xFF,0xFF,0xFF,
 437            0xFF,0xFD,0xFF,0xFB,0xFF,0xF7,0xF7,0xFF,0xEF,0xFF,0xFF,0xFF,0xFF,0xDF,0xFE,0xDF,
 438            0xDE,0xFF,0xFC,0xED,0xEE,0xEE,0xFC,0xFF,0xF6,0xF7,0xFF,0xFF,0xFB,0xFD,0xFF,0xFF,
 439            0xFF,0xFF,0xFF,0xFF,0xFF,0xFF,0xFF,0xFF,0xFF,0xFF,0xFF,0xFF,0xFF,0xFF,0xFF,0xFF,
 440          };
C51 COMPILER V9.54   BMP                                                                   04/05/2016 15:39:57 PAGE 10  

 441          
 442          
 443          
 444          
 445          
 446          
 447          
 448          
 449          
 450          ///*******************6*8字符的点阵***************字符*****(字符对应ASCII码-32)得到的值*******************
             -*/
 451          //const uchar code D6x8[]=
 452          //{
 453          //  0x00,0x00,0x00,0x00,0x00,0x00,//              space                0
 454          //  0x00,0x00,0x00,0x2f,0x00,0x00,//                !                  1
 455          //  0x00,0x00,0x07,0x00,0x07,0x00,//                "                  2
 456          //  0x00,0x14,0x7f,0x14,0x7f,0x14,//                #                  3      
 457          //  0x00,0x24,0x2a,0x7f,0x2a,0x12,//                $                  4
 458          //  0x00,0x62,0x64,0x08,0x13,0x23,//                %                  5 
 459          //  0x00,0x36,0x49,0x55,0x22,0x50,//                &                  6
 460          //  0x00,0x00,0x05,0x03,0x00,0x00,//                '                  7
 461          //  0x00,0x00,0x1c,0x22,0x41,0x00,//                (                  8 
 462          //  0x00,0x00,0x41,0x22,0x1c,0x00,//                 )                 9
 463          //  0x00,0x14,0x08,0x3E,0x08,0x14,//                *                  10
 464          //  0x00,0x08,0x08,0x3E,0x08,0x08,//                +                  11
 465          //  0x00,0x00,0x00,0xA0,0x60,0x00,//                ,                  12
 466          //  0x00,0x08,0x08,0x08,0x08,0x08,//                -                  13
 467          //  0x00,0x00,0x60,0x60,0x00,0x00,//                .                  14
 468          //  0x00,0x20,0x10,0x08,0x04,0x02,//                /                  15
 469          //  0x00,0x3E,0x51,0x49,0x45,0x3E,//                0                  16
 470          //  0x00,0x00,0x42,0x7F,0x40,0x00,//                1                  17
 471          //  0x00,0x42,0x61,0x51,0x49,0x46,//                2                  18
 472          //  0x00,0x21,0x41,0x45,0x4B,0x31,//                3                  19
 473          //  0x00,0x18,0x14,0x12,0x7F,0x10,//                4                  20
 474          //  0x00,0x27,0x45,0x45,0x45,0x39,//                5                  21
 475          //  0x00,0x3C,0x4A,0x49,0x49,0x30,//                6                  22
 476          //  0x00,0x01,0x71,0x09,0x05,0x03,//                7                  23
 477          //  0x00,0x36,0x49,0x49,0x49,0x36,//                8                  24
 478          //  0x00,0x06,0x49,0x49,0x29,0x1E,//                9                  25
 479          //  0x00,0x00,0x36,0x36,0x00,0x00,//                :                  26
 480          //  0x00,0x00,0x56,0x36,0x00,0x00,//                ;                  27
 481          //  0x00,0x08,0x14,0x22,0x41,0x00,//                <                  28
 482          //  0x00,0x14,0x14,0x14,0x14,0x14,//                =                  29
 483          //  0x00,0x00,0x41,0x22,0x14,0x08,//                >                  30
 484          //  0x00,0x02,0x01,0x51,0x09,0x06,//                ?                  31
 485          //  0x00,0x32,0x49,0x59,0x51,0x3E,//                @                  32
 486          //  0x00,0x7C,0x12,0x11,0x12,0x7C,//                A                  33
 487          //  0x00,0x7F,0x49,0x49,0x49,0x36,//                B                  34
 488          //  0x00,0x3E,0x41,0x41,0x41,0x22,//                C                  35
 489          //  0x00,0x7F,0x41,0x41,0x22,0x1C,//                D                  36
 490          //  0x00,0x7F,0x49,0x49,0x49,0x41,//                E                  37
 491          //  0x00,0x7F,0x09,0x09,0x09,0x01,//                F                  38
 492          //  0x00,0x3E,0x41,0x49,0x49,0x7A,//                G                  39
 493          //  0x00,0x7F,0x08,0x08,0x08,0x7F,//                H                  40
 494          //  0x00,0x00,0x41,0x7F,0x41,0x00,//                I                  41
 495          //  0x00,0x20,0x40,0x41,0x3F,0x01,//                J                  42
 496          //  0x00,0x7F,0x08,0x14,0x22,0x41,//                K                  43
 497          //  0x00,0x7F,0x40,0x40,0x40,0x40,//                L                  44
 498          //  0x00,0x7F,0x02,0x0C,0x02,0x7F,//                M                  45
 499          //  0x00,0x7F,0x04,0x08,0x10,0x7F,//                N                  46
 500          //  0x00,0x3E,0x41,0x41,0x41,0x3E,//                O                  47
 501          //  0x00,0x7F,0x09,0x09,0x09,0x06,//                P                  48
C51 COMPILER V9.54   BMP                                                                   04/05/2016 15:39:57 PAGE 11  

 502          //  0x00,0x3E,0x41,0x51,0x21,0x5E,//                Q                  49
 503          //  0x00,0x7F,0x09,0x19,0x29,0x46,//                R                  50
 504          //  0x00,0x46,0x49,0x49,0x49,0x31,//                S                  51
 505          //  0x00,0x01,0x01,0x7F,0x01,0x01,//                T                  52
 506          //  0x00,0x3F,0x40,0x40,0x40,0x3F,//                U                  53
 507          //  0x00,0x1F,0x20,0x40,0x20,0x1F,//                V                  54
 508          //  0x00,0x3F,0x40,0x38,0x40,0x3F,//                W                  55
 509          //  0x00,0x63,0x14,0x08,0x14,0x63,//                X                  56
 510          //  0x00,0x07,0x08,0x70,0x08,0x07,//                Y                  57
 511          //  0x00,0x61,0x51,0x49,0x45,0x43,//                Z                  58
 512          //  0x00,0x00,0x7F,0x41,0x41,0x00,//                [                  59
 513          //  0x00,0x06,0x18,0x20,0x40,0x00,//                \                  60
 514          //  0x00,0x00,0x41,0x41,0x7F,0x00,//                ]                  61
 515          //  0x00,0x04,0x02,0x01,0x02,0x04,//                ^                  62
 516          //  0x00,0x40,0x40,0x40,0x40,0x40,//                _                  63
 517          //  0x00,0x00,0x01,0x02,0x04,0x00,//                '                  64
 518          //  0x00,0x20,0x54,0x54,0x54,0x78,//                a                  65
 519          //  0x00,0x7F,0x48,0x44,0x44,0x38,//                b                  66
 520          //  0x00,0x38,0x44,0x44,0x44,0x20,//                c                  67
 521          //  0x00,0x38,0x44,0x44,0x48,0x7F,//                d                  68
 522          //  0x00,0x38,0x54,0x54,0x54,0x18,//                e                  69
 523          //  0x00,0x08,0x7E,0x09,0x01,0x02,//                f                  70
 524          //  0x00,0x18,0xA4,0xA4,0xA4,0x7C,//                g                  71
 525          //  0x00,0x7F,0x08,0x04,0x04,0x78,//                h                  72
 526          //  0x00,0x00,0x44,0x7D,0x40,0x00,//                i                  73
 527          //  0x00,0x40,0x80,0x84,0x7D,0x00,//                j                  74
 528          //  0x00,0x7F,0x10,0x28,0x44,0x00,//                k                  75
 529          //  0x00,0x00,0x41,0x7F,0x40,0x00,//                l                  76
 530          //  0x00,0x7C,0x04,0x18,0x04,0x78,//                m                  77
 531          //  0x00,0x7C,0x08,0x04,0x04,0x78,//                n                  78
 532          //  0x00,0x38,0x44,0x44,0x44,0x38,//                o                  79
 533          //  0x00,0xFC,0x24,0x24,0x24,0x18,//                p                  80
 534          //  0x00,0x18,0x24,0x24,0x18,0xFC,//                q                  81
 535          //  0x00,0x7C,0x08,0x04,0x04,0x08,//                r                  82
 536          //  0x00,0x48,0x54,0x54,0x54,0x20,//                s                  83
 537          //  0x00,0x04,0x3F,0x44,0x40,0x20,//                t                  84
 538          //  0x00,0x3C,0x40,0x40,0x20,0x7C,//                u                  85
 539          //  0x00,0x1C,0x20,0x40,0x20,0x1C,//                v                  86
 540          //  0x00,0x3C,0x40,0x30,0x40,0x3C,//                w                  87
 541          //  0x00,0x44,0x28,0x10,0x28,0x44,//                x                  88
 542          //  0x00,0x1C,0xA0,0xA0,0xA0,0x7C,//                y                  89
 543          //  0x00,0x44,0x64,0x54,0x4C,0x44,//                z                  90
 544          //  0x00,0x00,0x10,0xFE,0x82,0x00,//                {                  91
 545          //  0x00,0x00,0x00,0xFF,0x00,0x00,//                |                  92
 546          //  0x00,0x82,0xFE,0x10,0x00,0x00,//                }                  93
 547          //  0x02,0x01,0x01,0x02,0x02,0x01,//                ~                  94
 548          //};
 549          
 550          
 551          
 552          
 553          
 554          ///*****************************************8*16字符的点阵***************************************字符*****
             -*(字符对应ASCII码-32)得到的值**************/
 555          //const uchar code D8x16[]=   
 556          //{
 557          //  0x00,0x00,0x00,0x00,0x00,0x00,0x00,0x00,0x00,0x00,0x00,0x00,0x00,0x00,0x00,0x00,//          space     
             -           0
 558          //  0x00,0x00,0x00,0xF8,0x00,0x00,0x00,0x00,0x00,0x00,0x00,0x33,0x30,0x00,0x00,0x00,//            !       
             -           1
 559          //  0x00,0x10,0x0C,0x06,0x10,0x0C,0x06,0x00,0x00,0x00,0x00,0x00,0x00,0x00,0x00,0x00,//            "       
             -           2
C51 COMPILER V9.54   BMP                                                                   04/05/2016 15:39:57 PAGE 12  

 560          //  0x40,0xC0,0x78,0x40,0xC0,0x78,0x40,0x00,0x04,0x3F,0x04,0x04,0x3F,0x04,0x04,0x00,//            #       
             -           3
 561          //  0x00,0x70,0x88,0xFC,0x08,0x30,0x00,0x00,0x00,0x18,0x20,0xFF,0x21,0x1E,0x00,0x00,//            $       
             -           4
 562          //  0xF0,0x08,0xF0,0x00,0xE0,0x18,0x00,0x00,0x00,0x21,0x1C,0x03,0x1E,0x21,0x1E,0x00,//            %       
             -           5
 563          //  0x00,0xF0,0x08,0x88,0x70,0x00,0x00,0x00,0x1E,0x21,0x23,0x24,0x19,0x27,0x21,0x10,//            &       
             -           6
 564          //  0x10,0x16,0x0E,0x00,0x00,0x00,0x00,0x00,0x00,0x00,0x00,0x00,0x00,0x00,0x00,0x00,//            '       
             -           7
 565          //  0x00,0x00,0x00,0xE0,0x18,0x04,0x02,0x00,0x00,0x00,0x00,0x07,0x18,0x20,0x40,0x00,//            (       
             -           8
 566          //  0x00,0x02,0x04,0x18,0xE0,0x00,0x00,0x00,0x00,0x40,0x20,0x18,0x07,0x00,0x00,0x00,//            )       
             -           9
 567          //  0x40,0x40,0x80,0xF0,0x80,0x40,0x40,0x00,0x02,0x02,0x01,0x0F,0x01,0x02,0x02,0x00,//            *       
             -           10
 568          //  0x00,0x00,0x00,0xF0,0x00,0x00,0x00,0x00,0x01,0x01,0x01,0x1F,0x01,0x01,0x01,0x00,//            +       
             -           11
 569          //  0x00,0x00,0x00,0x00,0x00,0x00,0x00,0x00,0x80,0xB0,0x70,0x00,0x00,0x00,0x00,0x00,//            ,       
             -             12
 570          //  0x00,0x00,0x00,0x00,0x00,0x00,0x00,0x00,0x00,0x01,0x01,0x01,0x01,0x01,0x01,0x01,//            -       
             -           13
 571          //  0x00,0x00,0x00,0x00,0x00,0x00,0x00,0x00,0x00,0x30,0x30,0x00,0x00,0x00,0x00,0x00,//            .       
             -           14
 572          //  0x00,0x00,0x00,0x00,0x80,0x60,0x18,0x04,0x00,0x60,0x18,0x06,0x01,0x00,0x00,0x00,//            /       
             -            15
 573          //  0x00,0xE0,0x10,0x08,0x08,0x10,0xE0,0x00,0x00,0x0F,0x10,0x20,0x20,0x10,0x0F,0x00,//            0       
             -           16
 574          //  0x00,0x10,0x10,0xF8,0x00,0x00,0x00,0x00,0x00,0x20,0x20,0x3F,0x20,0x20,0x00,0x00,//            1       
             -            17
 575          //  0x00,0x70,0x08,0x08,0x08,0x88,0x70,0x00,0x00,0x30,0x28,0x24,0x22,0x21,0x30,0x00,//            2       
             -           18
 576          //  0x00,0x30,0x08,0x88,0x88,0x48,0x30,0x00,0x00,0x18,0x20,0x20,0x20,0x11,0x0E,0x00,//            3       
             -            19
 577          //  0x00,0x00,0xC0,0x20,0x10,0xF8,0x00,0x00,0x00,0x07,0x04,0x24,0x24,0x3F,0x24,0x00,//            4       
             -           20
 578          //  0x00,0xF8,0x08,0x88,0x88,0x08,0x08,0x00,0x00,0x19,0x21,0x20,0x20,0x11,0x0E,0x00,//            5       
             -           21
 579          //  0x00,0xE0,0x10,0x88,0x88,0x18,0x00,0x00,0x00,0x0F,0x11,0x20,0x20,0x11,0x0E,0x00,//            6       
             -            22
 580          //  0x00,0x38,0x08,0x08,0xC8,0x38,0x08,0x00,0x00,0x00,0x00,0x3F,0x00,0x00,0x00,0x00,//            7       
             -           23
 581          //  0x00,0x70,0x88,0x08,0x08,0x88,0x70,0x00,0x00,0x1C,0x22,0x21,0x21,0x22,0x1C,0x00,//            8       
             -            24
 582          //  0x00,0xE0,0x10,0x08,0x08,0x10,0xE0,0x00,0x00,0x00,0x31,0x22,0x22,0x11,0x0F,0x00,//            9       
             -           25
 583          //  0x00,0x00,0x00,0xC0,0xC0,0x00,0x00,0x00,0x00,0x00,0x00,0x30,0x30,0x00,0x00,0x00,//            :       
             -           26
 584          //  0x00,0x00,0x00,0x80,0x00,0x00,0x00,0x00,0x00,0x00,0x80,0x60,0x00,0x00,0x00,0x00,//            ;       
             -           27
 585          //  0x00,0x00,0x80,0x40,0x20,0x10,0x08,0x00,0x00,0x01,0x02,0x04,0x08,0x10,0x20,0x00,//            <       
             -           28
 586          //  0x40,0x40,0x40,0x40,0x40,0x40,0x40,0x00,0x04,0x04,0x04,0x04,0x04,0x04,0x04,0x00,//            =       
             -           29
 587          //  0x00,0x08,0x10,0x20,0x40,0x80,0x00,0x00,0x00,0x20,0x10,0x08,0x04,0x02,0x01,0x00,//            >       
             -           30
 588          //  0x00,0x70,0x48,0x08,0x08,0x08,0xF0,0x00,0x00,0x00,0x00,0x30,0x36,0x01,0x00,0x00,//            ?       
             -           31
 589          //  0xC0,0x30,0xC8,0x28,0xE8,0x10,0xE0,0x00,0x07,0x18,0x27,0x24,0x23,0x14,0x0B,0x00,//            @       
             -           32
 590          //  0x00,0x00,0xC0,0x38,0xE0,0x00,0x00,0x00,0x20,0x3C,0x23,0x02,0x02,0x27,0x38,0x20,//            A       
             -           33
C51 COMPILER V9.54   BMP                                                                   04/05/2016 15:39:57 PAGE 13  

 591          //  0x08,0xF8,0x88,0x88,0x88,0x70,0x00,0x00,0x20,0x3F,0x20,0x20,0x20,0x11,0x0E,0x00,//            B       
             -           34
 592          //  0xC0,0x30,0x08,0x08,0x08,0x08,0x38,0x00,0x07,0x18,0x20,0x20,0x20,0x10,0x08,0x00,//            C       
             -           35
 593          //  0x08,0xF8,0x08,0x08,0x08,0x10,0xE0,0x00,0x20,0x3F,0x20,0x20,0x20,0x10,0x0F,0x00,//            D       
             -           36
 594          //  0x08,0xF8,0x88,0x88,0xE8,0x08,0x10,0x00,0x20,0x3F,0x20,0x20,0x23,0x20,0x18,0x00,//            E       
             -           37
 595          //  0x08,0xF8,0x88,0x88,0xE8,0x08,0x10,0x00,0x20,0x3F,0x20,0x00,0x03,0x00,0x00,0x00,//            F       
             -           38
 596          //  0xC0,0x30,0x08,0x08,0x08,0x38,0x00,0x00,0x07,0x18,0x20,0x20,0x22,0x1E,0x02,0x00,//            G       
             -           39
 597          //  0x08,0xF8,0x08,0x00,0x00,0x08,0xF8,0x08,0x20,0x3F,0x21,0x01,0x01,0x21,0x3F,0x20,//            H       
             -           40
 598          //  0x00,0x08,0x08,0xF8,0x08,0x08,0x00,0x00,0x00,0x20,0x20,0x3F,0x20,0x20,0x00,0x00,//            I       
             -           41
 599          //  0x00,0x00,0x08,0x08,0xF8,0x08,0x08,0x00,0xC0,0x80,0x80,0x80,0x7F,0x00,0x00,0x00,//            J       
             -           42
 600          //  0x08,0xF8,0x88,0xC0,0x28,0x18,0x08,0x00,0x20,0x3F,0x20,0x01,0x26,0x38,0x20,0x00,//            K       
             -           43
 601          //  0x08,0xF8,0x08,0x00,0x00,0x00,0x00,0x00,0x20,0x3F,0x20,0x20,0x20,0x20,0x30,0x00,//            L       
             -           44
 602          //  0x08,0xF8,0xF8,0x00,0xF8,0xF8,0x08,0x00,0x20,0x3F,0x00,0x3F,0x00,0x3F,0x20,0x00,//            M       
             -           45
 603          //  0x08,0xF8,0x30,0xC0,0x00,0x08,0xF8,0x08,0x20,0x3F,0x20,0x00,0x07,0x18,0x3F,0x00,//            N       
             -           46
 604          //  0xE0,0x10,0x08,0x08,0x08,0x10,0xE0,0x00,0x0F,0x10,0x20,0x20,0x20,0x10,0x0F,0x00,//            O       
             -           47
 605          //  0x08,0xF8,0x08,0x08,0x08,0x08,0xF0,0x00,0x20,0x3F,0x21,0x01,0x01,0x01,0x00,0x00,//            P       
             -           48
 606          //  0xE0,0x10,0x08,0x08,0x08,0x10,0xE0,0x00,0x0F,0x18,0x24,0x24,0x38,0x50,0x4F,0x00,//            Q       
             -           49
 607          //  0x08,0xF8,0x88,0x88,0x88,0x88,0x70,0x00,0x20,0x3F,0x20,0x00,0x03,0x0C,0x30,0x20,//            R       
             -           50
 608          //  0x00,0x70,0x88,0x08,0x08,0x08,0x38,0x00,0x00,0x38,0x20,0x21,0x21,0x22,0x1C,0x00,//            S       
             -           51
 609          //  0x18,0x08,0x08,0xF8,0x08,0x08,0x18,0x00,0x00,0x00,0x20,0x3F,0x20,0x00,0x00,0x00,//            T       
             -           52
 610          //  0x08,0xF8,0x08,0x00,0x00,0x08,0xF8,0x08,0x00,0x1F,0x20,0x20,0x20,0x20,0x1F,0x00,//            U       
             -           53
 611          //  0x08,0x78,0x88,0x00,0x00,0xC8,0x38,0x08,0x00,0x00,0x07,0x38,0x0E,0x01,0x00,0x00,//            V       
             -           54
 612          //  0xF8,0x08,0x00,0xF8,0x00,0x08,0xF8,0x00,0x03,0x3C,0x07,0x00,0x07,0x3C,0x03,0x00,//            W       
             -           55
 613          //  0x08,0x18,0x68,0x80,0x80,0x68,0x18,0x08,0x20,0x30,0x2C,0x03,0x03,0x2C,0x30,0x20,//            X       
             -           56
 614          //  0x08,0x38,0xC8,0x00,0xC8,0x38,0x08,0x00,0x00,0x00,0x20,0x3F,0x20,0x00,0x00,0x00,//            Y       
             -           57
 615          //  0x10,0x08,0x08,0x08,0xC8,0x38,0x08,0x00,0x20,0x38,0x26,0x21,0x20,0x20,0x18,0x00,//            Z       
             -           58
 616          //  0x00,0x00,0x00,0xFE,0x02,0x02,0x02,0x00,0x00,0x00,0x00,0x7F,0x40,0x40,0x40,0x00,//            [       
             -           59
 617          //  0x00,0x0C,0x30,0xC0,0x00,0x00,0x00,0x00,0x00,0x00,0x00,0x01,0x06,0x38,0xC0,0x00,//            \       
             -           60
 618          //  0x00,0x02,0x02,0x02,0xFE,0x00,0x00,0x00,0x00,0x40,0x40,0x40,0x7F,0x00,0x00,0x00,//            ]       
             -           61
 619          //  0x00,0x00,0x04,0x02,0x02,0x02,0x04,0x00,0x00,0x00,0x00,0x00,0x00,0x00,0x00,0x00,//            ^       
             -           62
 620          //  0x00,0x00,0x00,0x00,0x00,0x00,0x00,0x00,0x80,0x80,0x80,0x80,0x80,0x80,0x80,0x80,//            _       
             -           63
 621          //  0x00,0x02,0x02,0x04,0x00,0x00,0x00,0x00,0x00,0x00,0x00,0x00,0x00,0x00,0x00,0x00,//            `       
             -           64
C51 COMPILER V9.54   BMP                                                                   04/05/2016 15:39:57 PAGE 14  

 622          //  0x00,0x00,0x80,0x80,0x80,0x80,0x00,0x00,0x00,0x19,0x24,0x22,0x22,0x22,0x3F,0x20,//            a       
             -           65
 623          //  0x08,0xF8,0x00,0x80,0x80,0x00,0x00,0x00,0x00,0x3F,0x11,0x20,0x20,0x11,0x0E,0x00,//            b       
             -           66
 624          //  0x00,0x00,0x00,0x80,0x80,0x80,0x00,0x00,0x00,0x0E,0x11,0x20,0x20,0x20,0x11,0x00,//            c       
             -           67
 625          //  0x00,0x00,0x00,0x80,0x80,0x88,0xF8,0x00,0x00,0x0E,0x11,0x20,0x20,0x10,0x3F,0x20,//            d       
             -           68
 626          //  0x00,0x00,0x80,0x80,0x80,0x80,0x00,0x00,0x00,0x1F,0x22,0x22,0x22,0x22,0x13,0x00,//            e       
             -           69
 627          //  0x00,0x80,0x80,0xF0,0x88,0x88,0x88,0x18,0x00,0x20,0x20,0x3F,0x20,0x20,0x00,0x00,//            f       
             -           70
 628          //  0x00,0x00,0x80,0x80,0x80,0x80,0x80,0x00,0x00,0x6B,0x94,0x94,0x94,0x93,0x60,0x00,//            g       
             -           71
 629          //  0x08,0xF8,0x00,0x80,0x80,0x80,0x00,0x00,0x20,0x3F,0x21,0x00,0x00,0x20,0x3F,0x20,//            h       
             -           72
 630          //  0x00,0x80,0x98,0x98,0x00,0x00,0x00,0x00,0x00,0x20,0x20,0x3F,0x20,0x20,0x00,0x00,//            i       
             -           73
 631          //  0x00,0x00,0x00,0x80,0x98,0x98,0x00,0x00,0x00,0xC0,0x80,0x80,0x80,0x7F,0x00,0x00,//            j       
             -           74
 632          //  0x08,0xF8,0x00,0x00,0x80,0x80,0x80,0x00,0x20,0x3F,0x24,0x02,0x2D,0x30,0x20,0x00,//            k       
             -           75
 633          //  0x00,0x08,0x08,0xF8,0x00,0x00,0x00,0x00,0x00,0x20,0x20,0x3F,0x20,0x20,0x00,0x00,//            l       
             -           76
 634          //  0x80,0x80,0x80,0x80,0x80,0x80,0x80,0x00,0x20,0x3F,0x20,0x00,0x3F,0x20,0x00,0x3F,//            m       
             -           77
 635          //  0x80,0x80,0x00,0x80,0x80,0x80,0x00,0x00,0x20,0x3F,0x21,0x00,0x00,0x20,0x3F,0x20,//            n       
             -           78
 636          //  0x00,0x00,0x80,0x80,0x80,0x80,0x00,0x00,0x00,0x1F,0x20,0x20,0x20,0x20,0x1F,0x00,//            o       
             -           79
 637          //  0x80,0x80,0x00,0x80,0x80,0x00,0x00,0x00,0x80,0xFF,0xA1,0x20,0x20,0x11,0x0E,0x00,//            p       
             -           80
 638          //  0x00,0x00,0x00,0x80,0x80,0x80,0x80,0x00,0x00,0x0E,0x11,0x20,0x20,0xA0,0xFF,0x80,//            q       
             -           81
 639          //  0x80,0x80,0x80,0x00,0x80,0x80,0x80,0x00,0x20,0x20,0x3F,0x21,0x20,0x00,0x01,0x00,//            r       
             -           82
 640          //  0x00,0x00,0x80,0x80,0x80,0x80,0x80,0x00,0x00,0x33,0x24,0x24,0x24,0x24,0x19,0x00,//            s       
             -           83
 641          //  0x00,0x80,0x80,0xE0,0x80,0x80,0x00,0x00,0x00,0x00,0x00,0x1F,0x20,0x20,0x00,0x00,//            t       
             -           84
 642          //  0x80,0x80,0x00,0x00,0x00,0x80,0x80,0x00,0x00,0x1F,0x20,0x20,0x20,0x10,0x3F,0x20,//            u       
             -           85
 643          //  0x80,0x80,0x80,0x00,0x00,0x80,0x80,0x80,0x00,0x01,0x0E,0x30,0x08,0x06,0x01,0x00,//            v       
             -           86
 644          //  0x80,0x80,0x00,0x80,0x00,0x80,0x80,0x80,0x0F,0x30,0x0C,0x03,0x0C,0x30,0x0F,0x00,//            w       
             -           87
 645          //  0x00,0x80,0x80,0x00,0x80,0x80,0x80,0x00,0x00,0x20,0x31,0x2E,0x0E,0x31,0x20,0x00,//            x       
             -           88
 646          //  0x80,0x80,0x80,0x00,0x00,0x80,0x80,0x80,0x80,0x81,0x8E,0x70,0x18,0x06,0x01,0x00,//            y       
             -           89
 647          //  0x00,0x80,0x80,0x80,0x80,0x80,0x80,0x00,0x00,0x21,0x30,0x2C,0x22,0x21,0x30,0x00,//            z       
             -           90
 648          //  0x00,0x00,0x00,0x00,0x80,0x7C,0x02,0x02,0x00,0x00,0x00,0x00,0x00,0x3F,0x40,0x40,//            {       
             -           91
 649          //  0x00,0x00,0x00,0x00,0xFF,0x00,0x00,0x00,0x00,0x00,0x00,0x00,0xFF,0x00,0x00,0x00,//            |       
             -           92
 650          //  0x00,0x02,0x02,0x7C,0x80,0x00,0x00,0x00,0x00,0x40,0x40,0x3F,0x00,0x00,0x00,0x00,//            }       
             -           93
 651          //  0x00,0x06,0x01,0x01,0x02,0x02,0x04,0x04,0x00,0x00,0x00,0x00,0x00,0x00,0x00,0x00,//            ~       
             -           94
 652          //};

C51 COMPILER V9.54   BMP                                                                   04/05/2016 15:39:57 PAGE 15  


MODULE INFORMATION:   STATIC OVERLAYABLE
   CODE SIZE        =   ----    ----
   CONSTANT SIZE    =   5066    ----
   XDATA SIZE       =   ----    ----
   PDATA SIZE       =   ----    ----
   DATA SIZE        =   ----    ----
   IDATA SIZE       =   ----    ----
   BIT SIZE         =   ----    ----
END OF MODULE INFORMATION.


C51 COMPILATION COMPLETE.  0 WARNING(S),  0 ERROR(S)
