C51 COMPILER V9.54   DELAY                                                                 04/05/2016 15:39:57 PAGE 1   


C51 COMPILER V9.54, COMPILATION OF MODULE DELAY
OBJECT MODULE PLACED IN .\output\delay.obj
COMPILER INVOKED BY: D:\Keil_v5\C51\BIN\C51.EXE delay.c LARGE BROWSE DEBUG OBJECTEXTEND PRINT(.\list\delay.lst) TABS(2) 
                    -OBJECT(.\output\delay.obj)

line level    source

   1          #include "delay.h"
   2          
   3          
   4          
   5          void delayms(uint xms)
   6          {
   7   1        uint i,j;
   8   1        for(i=xms;i>0;i--)
   9   1          for(j=114;j>0;j--);
  10   1      }
  11          
  12          
  13          void delay5us(void)
  14          {
  15   1      
  16   1      }
  17          


MODULE INFORMATION:   STATIC OVERLAYABLE
   CODE SIZE        =     31    ----
   CONSTANT SIZE    =   ----    ----
   XDATA SIZE       =   ----    ----
   PDATA SIZE       =   ----    ----
   DATA SIZE        =   ----    ----
   IDATA SIZE       =   ----    ----
   BIT SIZE         =   ----    ----
END OF MODULE INFORMATION.


C51 COMPILATION COMPLETE.  0 WARNING(S),  0 ERROR(S)
