C51 COMPILER V9.54   IIC                                                                   04/05/2016 15:39:57 PAGE 1   


C51 COMPILER V9.54, COMPILATION OF MODULE IIC
OBJECT MODULE PLACED IN .\output\IIC.obj
COMPILER INVOKED BY: D:\Keil_v5\C51\BIN\C51.EXE IIC.c LARGE BROWSE DEBUG OBJECTEXTEND PRINT(.\list\IIC.lst) TABS(2) OBJE
                    -CT(.\output\IIC.obj)

line level    source

   1          #include "IIC.h"
   2          #include "delay.h"
   3          
   4          
   5          /*******************************IO口模拟IIC通信************************************/
   6          
   7          
   8          
   9          //I2C起始信号
  10          void IIC_Start(void)
  11          {
  12   1        SDA=1;                    //拉高数据线
  13   1        SCL=1;                    //拉高时钟线
  14   1        delay5us();               //延时
  15   1        SDA=0;                    //产生下降沿
  16   1        delay5us();               //延时
  17   1        SCL=0;                    //拉低时钟线
  18   1      }
  19          
  20          
  21          
  22          //I2C停止信号
  23          void IIC_Stop(void)
  24          {
  25   1        SDA=0;                    //拉低数据线
  26   1        SCL=1;                    //拉高时钟线
  27   1        delay5us();               //延时
  28   1        SDA=1;                    //产生上升沿
  29   1        delay5us();               //延时
  30   1      }
  31          
  32          
  33          
  34          //I2C发送应答信号
  35          //入口参数:ack (0:ACK 1:NAK)
  36          void IIC_SendACK(bit ack)
  37          {
  38   1        SDA=ack;                  //写应答信号
  39   1        SCL=1;                    //拉高时钟线
  40   1        delay5us();               //延时
  41   1        SCL=0;                    //拉低时钟线
  42   1        delay5us();               //延时
  43   1      }
  44          
  45          
  46          
  47          //I2C接收应答信号
  48          bit IIC_RecvACK(void)
  49          {
  50   1        SCL=1;                    //拉高时钟线
  51   1        delay5us();               //延时
  52   1        CY=SDA;                   //读应答信号
  53   1        SCL=0;                    //拉低时钟线
  54   1        delay5us();               //延时
C51 COMPILER V9.54   IIC                                                                   04/05/2016 15:39:57 PAGE 2   

  55   1        return CY;
  56   1      }
  57          
  58          
  59          
  60          //向I2C总线发送一个字节数据
  61          void IIC_SendByte(uchar dat)
  62          {
  63   1        uchar i;
  64   1        for(i=0;i<8;i++)        //8位计数器
  65   1        {
  66   2          dat<<=1;              //移出数据的最高位
  67   2          SDA=CY;               //送数据口
  68   2          SCL=1;                //拉高时钟线
  69   2          delay5us();           //延时
  70   2          SCL=0;                //拉低时钟线
  71   2          delay5us();           //延时
  72   2        }
  73   1        IIC_RecvACK();
  74   1      }
  75          
  76          
  77          
  78          
  79          
  80          
  81          //从I2C总线接收一个字节数据
  82          uchar IIC_RecvByte(void)
  83          {
  84   1        uchar i;
  85   1        uchar dat=0;
  86   1        SDA=1;                  //使能内部上拉,准备读取数据,
  87   1        for(i=0;i<8;i++)        //8位计数器
  88   1        {
  89   2          dat<<=1;
  90   2          SCL=1;                //拉高时钟线
  91   2          delay5us();           //延时
  92   2          dat|=SDA;             //读数据               
  93   2          SCL=0;                //拉低时钟线
  94   2          delay5us();           //延时
  95   2        }
  96   1        return dat;
  97   1      }
  98          
  99          
 100          
 101          
 102          //向I2C设备写入一个字节数据
 103          void Single_WriteIIC(uchar SlaveAddress,uchar address,uchar dat)
 104          {
 105   1        IIC_Start();                  //启动
 106   1        IIC_SendByte(SlaveAddress);   //控制字写（发送设备地址+写信号）
 107   1        IIC_SendByte(address);        //发送设备存储单元(寄存器)地址
 108   1        IIC_SendByte(dat);            //写入设备存储单元(寄存器)数据
 109   1        IIC_Stop();                   //停止信号
 110   1      }
 111          
 112          
 113          
 114          
 115          //从I2C设备读取一个字节数据
 116          uchar Single_ReadIIC(uchar SlaveAddress,uchar address)
C51 COMPILER V9.54   IIC                                                                   04/05/2016 15:39:57 PAGE 3   

 117          {
 118   1        uchar dat;
 119   1        IIC_Start();                   //启动
 120   1        IIC_SendByte(SlaveAddress);    //控制字写（发送设备地址+写信号）
 121   1        IIC_SendByte(address);         //发送设备存储单元(寄存器)地址 
 122   1        IIC_Start();                   //启动
 123   1        IIC_SendByte(SlaveAddress+1);  //控制字读（发送设备地址+读信号）
 124   1        dat=IIC_RecvByte();            //读出设备存储单元(寄存器)数据
 125   1        IIC_SendACK(1);                //非应答
 126   1        IIC_Stop();                    //停止信号
 127   1        return dat;
 128   1      }
 129          
 130          
 131          
 132          
 133          


MODULE INFORMATION:   STATIC OVERLAYABLE
   CODE SIZE        =    259    ----
   CONSTANT SIZE    =   ----    ----
   XDATA SIZE       =   ----      10
   PDATA SIZE       =   ----    ----
   DATA SIZE        =   ----    ----
   IDATA SIZE       =   ----    ----
   BIT SIZE         =   ----       1
END OF MODULE INFORMATION.


C51 COMPILATION COMPLETE.  0 WARNING(S),  0 ERROR(S)
