C51 COMPILER V9.54   MAIN                                                                  04/05/2016 15:39:57 PAGE 1   


C51 COMPILER V9.54, COMPILATION OF MODULE MAIN
OBJECT MODULE PLACED IN .\output\main.obj
COMPILER INVOKED BY: D:\Keil_v5\C51\BIN\C51.EXE main.c LARGE BROWSE DEBUG OBJECTEXTEND PRINT(.\list\main.lst) TABS(2) OB
                    -JECT(.\output\main.obj)

line level    source

   1          #include "oled.h"
   2          #include "delay.h"
   3          #include "bmp.h"  
   4          
   5          
   6          
   7          
   8          void main(void)
   9          {
  10   1        OLED_Init();
  11   1        while(1)
  12   1        {
  13   2      //    OLED_PutPixel(127,3);
  14   2      //    OLED_Rectangle(1,58,126,60);
  15   2      //    OLED_F6x8Str(122,2,"\\");
  16   2          OLED_F8x16Str(120,2,"000000");
  17   2      //    OLED_F16x16Ch(112,2,2);
  18   2      //    OLED_BMP(0,0,127,7,BMP2);
  19   2      //    OLED_D6x8Str(122,2,"\\");
  20   2      //    OLED_D8x16Str(120,2,"000000");
  21   2        }
  22   1      }


MODULE INFORMATION:   STATIC OVERLAYABLE
   CODE SIZE        =     18    ----
   CONSTANT SIZE    =      7    ----
   XDATA SIZE       =   ----    ----
   PDATA SIZE       =   ----    ----
   DATA SIZE        =   ----    ----
   IDATA SIZE       =   ----    ----
   BIT SIZE         =   ----    ----
END OF MODULE INFORMATION.


C51 COMPILATION COMPLETE.  0 WARNING(S),  0 ERROR(S)
