C51 COMPILER V9.54   OLED                                                                  04/05/2016 15:39:57 PAGE 1   


C51 COMPILER V9.54, COMPILATION OF MODULE OLED
OBJECT MODULE PLACED IN .\output\OLED.obj
COMPILER INVOKED BY: D:\Keil_v5\C51\BIN\C51.EXE OLED.c LARGE BROWSE DEBUG OBJECTEXTEND PRINT(.\list\OLED.lst) TABS(2) OB
                    -JECT(.\output\OLED.obj)

line level    source

   1          #include "oled.h"
   2          #include "IIC.h"
   3          #include "bmp.h"
   4          #include "delay.h"
   5          
   6          
   7          
   8          
   9          
  10          //OLED写数据
  11          void OLED_WrDat(uchar IIC_Data)
  12          {
  13   1        Single_WriteIIC(0x78,0x40,IIC_Data);       //0x78是OLED设备地址,0x40是OLED上的数据寄存器地址
  14   1      }
  15          
  16          
  17          
  18          
  19          //OLED写命令
  20          void OLED_WrCmd(uchar IIC_Command)
  21          {
  22   1        Single_WriteIIC(0x78,0x00,IIC_Command);    //0x78是OLED设备地址,0x00是OLED上的命令寄存器地址
  23   1      }
  24          
  25          
  26          
  27          
  28          
  29          //OLED设置坐标    x的范围0～127，y为页范围0～7
  30          void OLED_Set_Pos(uchar x,uchar y) 
  31          { 
  32   1        OLED_WrCmd(0xb0+y);               //设置页地址
  33   1        OLED_WrCmd(((x&0xf0)>>4)|0x10);   //设置列地址的高4位
  34   1        OLED_WrCmd((x&0x0f)|0x00);        //设置列地址的低4位
  35   1      }
  36          
  37          
  38          
  39          
  40          
  41          
  42          //OLED清屏
  43          void OLED_Clear(void)
  44          {
  45   1        uchar x,y;
  46   1        for(y=0;y<8;y++)
  47   1        {
  48   2          OLED_WrCmd(0xb0+y);
  49   2          OLED_WrCmd(0x00);
  50   2          OLED_WrCmd(0x10);
  51   2          for(x=0;x<128;x++)
  52   2          OLED_WrDat(0x00);
  53   2        }
  54   1      }
C51 COMPILER V9.54   OLED                                                                  04/05/2016 15:39:57 PAGE 2   

  55          
  56          
  57          
  58          
  59          //OLED全屏      0x00:清屏（0时熄灭）   0xff:全亮（1时点亮）
  60          void OLED_Fill(uchar bmp_dat) 
  61          {
  62   1        uchar x,y;
  63   1        for(y=0;y<8;y++)
  64   1        {
  65   2          OLED_WrCmd(0xb0+y);
  66   2          OLED_WrCmd(0x00);
  67   2          OLED_WrCmd(0x10);
  68   2          for(x=0;x<128;x++)
  69   2          OLED_WrDat(bmp_dat);
  70   2        }
  71   1      }
  72          
  73          
  74          
  75          
  76          
  77          //OLED初始化
  78          void OLED_Init(void)
  79          {
  80   1        delayms(500);                //初始化之前的延时很重要！
  81   1        OLED_WrCmd(0xae);            //关闭OLED显示
  82   1        OLED_WrCmd(0x00);            //设置显示时的起始列地址低4位
  83   1        OLED_WrCmd(0x10);            //设置显示时的起始列地址高4位
  84   1        OLED_WrCmd(0x40);            //[5:0]设置显示时的起始行地址,行数0~63
  85   1        OLED_WrCmd(0x81);            //设置对比度
  86   1        OLED_WrCmd(Brightness);      //设置的对比度的值，值越大屏幕就越亮
  87   1        OLED_WrCmd(0xa1);            //设置段重映射,bit0:0,0->0;1,0->127;     0xa0左右反置 0xa1正常
  88   1        OLED_WrCmd(0xc8);            //设置COM输出扫描方向                    0xc0上下反置 0xc8正常
  89   1        OLED_WrCmd(0xa6);            //设置正常显示
  90   1        OLED_WrCmd(0xa8);            //设置驱动路数
  91   1        OLED_WrCmd(0x3f);            //默认0X3F(1/64)
  92   1        OLED_WrCmd(0xd3);            //设置显示偏移
  93   1        OLED_WrCmd(0x00);            //默认为0
  94   1        OLED_WrCmd(0xd5);            //设置时钟分频因子,震荡频率
  95   1        OLED_WrCmd(0x80);            //[3:0],分频因子;[7:4],震荡频率     设置时钟为100帧/秒
  96   1        OLED_WrCmd(0xd9);            //设置预充电周期
  97   1        OLED_WrCmd(0xf1);            //[3:0],PHASE 1;[7:4],PHASE 2;
  98   1        OLED_WrCmd(0xda);            //设置COM硬件引脚配置
  99   1        OLED_WrCmd(0x12);            //[5:4]配置
 100   1        OLED_WrCmd(0xdb);            //设置VCOMH 电压倍率
 101   1        OLED_WrCmd(0x40);            //[6:4] 000,0.65*vcc;001,0.77*vcc;011,0.83*vcc;
 102   1        OLED_WrCmd(0x20);            //设置内存地址模式
 103   1        OLED_WrCmd(0x02);            //[1:0],00，列地址模式;01，行地址模式;10,页地址模式;默认10;
 104   1        OLED_WrCmd(0x8d);            //设置电荷泵启用/禁用
 105   1        OLED_WrCmd(0x14);            //0x14:开启电荷泵  0x10:关闭电荷泵，这个必须设置为0x14
 106   1        OLED_WrCmd(0xa4);            //全局显示开启;bit0:1,开启;0,关闭;(白屏/黑屏)(0xa5/0xa4)
 107   1        OLED_WrCmd(0xa6);            //0xa6:全屏正显   0xa7:全屏反显
 108   1        OLED_WrCmd(0xaf);            //开启OLED显示
 109   1        OLED_Clear();                //OLED清屏
 110   1      }
 111          
 112          
 113          
 114          
 115          //功能描述：绘制一个点（x,y）
 116          //参数：x的范围0～127，y的范围0～63
C51 COMPILER V9.54   OLED                                                                  04/05/2016 15:39:57 PAGE 3   

 117          void OLED_PutPixel(uchar x,uchar y)
 118          {
 119   1        uchar temp;
 120   1        temp=1<<(y%8);  
 121   1        OLED_WrCmd(0xb0+(y/8));
 122   1        OLED_WrCmd(((x&0xf0)>>4)|0x10);
 123   1        OLED_WrCmd((x&0x0f)|0x00);
 124   1        OLED_WrDat(temp);     
 125   1      }
 126          
 127          
 128          
 129          
 130          
 131          //功能描述：绘制一个实心矩形
 132          //参数：左上角坐标（x1,y1）,右下角坐标（x2，y2);其中x1、x2的范围0～127，y1、y2的范围0～63
 133          void OLED_Rectangle(uchar x1,uchar y1,uchar x2,uchar y2)
 134          {
 135   1        uchar i,j; 
 136   1        if(y1/8==y2/8)
 137   1        {
 138   2          for(i=x1;i<=x2;i++)
 139   2          {
 140   3            OLED_Set_Pos(i,y1/8);
 141   3            OLED_WrDat((0xff<<(y1%8))&(0xff>>7-y2%8));      
 142   3          }
 143   2        }
 144   1        else
 145   1        {
 146   2          for(i=x1;i<=x2;i++)
 147   2          {
 148   3            OLED_Set_Pos(i,y1/8);
 149   3            OLED_WrDat(0xff<<(y1%8));       
 150   3          }
 151   2          for(j=(y1/8)+1;j<y2/8;j++)
 152   2            for(i=x1;i<=x2;i++)
 153   2            {
 154   3              OLED_Set_Pos(i,j);
 155   3              OLED_WrDat(0xff);
 156   3            }
 157   2          for(i=x1;i<=x2;i++)
 158   2          {
 159   3            OLED_Set_Pos(i,y2/8);
 160   3            OLED_WrDat(0xff>>7-y2%8);       
 161   3          }
 162   2        }
 163   1      }  
 164          
 165          
 166          
 167          
 168          
 169          //功能描述：显示6*8一组标准ASCII字符串(6为宽度，8为高度)
 170          //参数：显示的坐标（x,y），x的范围0～127，y为页范围0～7
 171          void OLED_F6x8Str(uchar x,uchar y,uchar ch[])
 172          {
 173   1        uchar c=0,i=0,j=0;
 174   1        while(ch[j]!='\0')
 175   1        {
 176   2          c=ch[j]-32;
 177   2          if(x>122)
 178   2          {
C51 COMPILER V9.54   OLED                                                                  04/05/2016 15:39:57 PAGE 4   

 179   3            x=0;
 180   3            y++;
 181   3          }
 182   2          OLED_Set_Pos(x,y);
 183   2          for(i=0;i<6;i++)
 184   2          {
 185   3            OLED_WrDat(F6x8[c][i]);
 186   3          }
 187   2          x+=6;
 188   2          j++;
 189   2        }
 190   1      }
 191          
 192          
 193          
 194          
 195          
 196          
 197          
 198          
 199          //功能描述：显示8*16一组标准ASCII字符串(8为宽度，16为高度)
 200          //参数：显示的坐标（x,y），x的范围0～127，y为页范围0～7
 201          void OLED_F8x16Str(uchar x,uchar y,uchar ch[])
 202          {
 203   1        uchar c=0,i=0,j=0;
 204   1        while(ch[j]!='\0')
 205   1        {
 206   2          c=ch[j]-32;
 207   2          if(x>120)
 208   2          {
 209   3            x=0;
 210   3            y++;
 211   3          }
 212   2          OLED_Set_Pos(x,y);
 213   2          for(i=0;i<8;i++)
 214   2          {
 215   3            OLED_WrDat(F8x16[c][i]);
 216   3          }
 217   2          OLED_Set_Pos(x,y+1);
 218   2          for(i=0;i<8;i++)
 219   2          {
 220   3            OLED_WrDat(F8x16[c][i+8]);
 221   3          }
 222   2          x+=8;
 223   2          j++;
 224   2        }
 225   1      }
 226          
 227          
 228          
 229          
 230          
 231          
 232          //功能描述：显示16*16一个标准汉字(16为宽度，16为高度)
 233          //参数：显示的坐标（x,y），x的范围0～127，y为页范围0～7
 234          void OLED_F16x16Ch(uchar x,uchar y,uchar c)
 235          {
 236   1        uchar i=0;
 237   1        if(x>112)
 238   1        {
 239   2          x=0;
 240   2          y++;
C51 COMPILER V9.54   OLED                                                                  04/05/2016 15:39:57 PAGE 5   

 241   2        }
 242   1        OLED_Set_Pos(x,y);
 243   1        for(i=0;i<16;i++)
 244   1        {
 245   2          OLED_WrDat(F16x16[c][i]);
 246   2        }
 247   1        OLED_Set_Pos(x,y+1);
 248   1        for(i=0;i<16;i++)
 249   1        {
 250   2          OLED_WrDat(F16x16[c][i+16]);
 251   2        }       
 252   1      }
 253          
 254          
 255          
 256          
 257          
 258          //功能描述：显示BMP图片
 259          //参数：图片左上角坐标（x1,y1）,右下角坐标（x2，y2);其中x1、x2的范围0～127，y1、y2为页的范围0～7
 260          void OLED_BMP(uchar x1,uchar y1,uchar x2,uchar y2,uchar BMP[])
 261          {
 262   1        uint j=0;
 263   1        uchar x,y;
 264   1        for(y=y1;y<=y2;y++)
 265   1        {
 266   2          OLED_Set_Pos(x1,y);
 267   2          for(x=x1;x<=x2;x++)
 268   2          {      
 269   3            OLED_WrDat(BMP[j++]);
 270   3          }
 271   2        }
 272   1      }
 273          
 274          
 275          
 276          
 277          
 278          ////功能描述：显示6*8一组标准ASCII字符串(6为宽度，8为高度)
 279          ////参数：显示的坐标（x,y），x的范围0～127，y为页范围0～7
 280          //void OLED_D6x8Str(uchar x,uchar y,uchar ch[])
 281          //{
 282          //  uchar c=0,i=0,j=0;
 283          //  while(ch[j]!='\0')
 284          //  {
 285          //    c=ch[j]-32;
 286          //    if(x>122)
 287          //    {
 288          //      x=0;
 289          //      y++;
 290          //    }
 291          //    OLED_Set_Pos(x,y);
 292          //    for(i=0;i<6;i++)
 293          //    {
 294          //      OLED_WrDat(D6x8[c*6+i]);
 295          //    }
 296          //    x+=6;
 297          //    j++;
 298          //  }
 299          //}
 300          
 301          
 302          
C51 COMPILER V9.54   OLED                                                                  04/05/2016 15:39:57 PAGE 6   

 303          
 304          
 305          
 306          
 307          
 308          
 309          
 310          ////功能描述：显示8*16一组标准ASCII字符串(8为宽度，16为高度)
 311          ////参数：显示的坐标（x,y），x的范围0～127，y为页范围0～7
 312          //void OLED_D8x16Str(uchar x,uchar y,uchar ch[])
 313          //{
 314          //  uchar c=0,i=0,j=0;
 315          //  while(ch[j]!='\0')
 316          //  {
 317          //    c =ch[j]-32;
 318          //    if(x>120)
 319          //    {
 320          //      x=0;
 321          //      y++;
 322          //    }
 323          //    OLED_Set_Pos(x,y);
 324          //    for(i=0;i<8;i++)
 325          //    {
 326          //      OLED_WrDat(D8x16[c*16+i]);
 327          //    }
 328          //    OLED_Set_Pos(x,y+1);
 329          //    for(i=0;i<8;i++)
 330          //    {
 331          //      OLED_WrDat(D8x16[c*16+i+8]);
 332          //    }
 333          //    x+=8;
 334          //    j++;
 335          //  }
 336          //}


MODULE INFORMATION:   STATIC OVERLAYABLE
   CODE SIZE        =   1337    ----
   CONSTANT SIZE    =   ----    ----
   XDATA SIZE       =   ----      45
   PDATA SIZE       =   ----    ----
   DATA SIZE        =   ----    ----
   IDATA SIZE       =   ----    ----
   BIT SIZE         =   ----    ----
END OF MODULE INFORMATION.


C51 COMPILATION COMPLETE.  0 WARNING(S),  0 ERROR(S)
