C51 COMPILER V9.54   MAIN                                                                  04/11/2016 20:34:39 PAGE 1   


C51 COMPILER V9.54, COMPILATION OF MODULE MAIN
OBJECT MODULE PLACED IN .\output\main.obj
COMPILER INVOKED BY: D:\Keil_v5\C51\BIN\C51.EXE main.c BROWSE DEBUG OBJECTEXTEND PRINT(.\list\main.lst) TABS(2) OBJECT(.
                    -\output\main.obj)

line level    source

   1          #include "lcd1602.h"
   2          #include "wenshidu.h"
   3          #include "math.h"
   4          #include "delay.h"
   5          
   6          uchar shidu_shi,shidu_ge,shidu_xs1,shidu_xs2,wendu_shi,wendu_ge,wendu_xs1,wendu_xs2;
   7          
   8          
   9          void main(void)
  10          {
  11   1        init_lcd1602();
  12   1        write_string(0,0,"shidu:");
  13   1        write_string(0,1,"wendu:");
  14   1        while(1)
  15   1        {
  16   2          wenshidu();
  17   2          shidu_shi=0x30+math(RH_data_H)/10;   //或shidu_shi=0x30+RH_data_H/10
  18   2          shidu_ge=0x30+math(RH_data_H)%10;    //或shidu_ge=0x30+RH_data_H%10
  19   2          shidu_xs1=0x30+math(RH_data_L)/10;   //或shidu_xs1=0x30+RH_data_L/10
  20   2          shidu_xs2=0x30+math(RH_data_L)%10;   //或shidu_xs2=0x30+RH_data_L%10
  21   2          wendu_shi=0x30+math(T_data_H)/10;    //或wendu_shi=0x30+T_data_H/10
  22   2          wendu_ge=0x30+math(T_data_H)%10;     //或wendu_ge=0x30+T_data_H%10
  23   2          wendu_xs1=0x30+math(T_data_L)/10;    //或wendu_xs1=0x30+T_data_L/10
  24   2          wendu_xs2=0x30+math(T_data_L)%10;    //或wendu_xs2=0x30+T_data_L%10
  25   2          write_char(6,0,shidu_shi);
  26   2          write_char(7,0,shidu_ge);
  27   2          write_string(8,0,".");
  28   2          write_char(9,0,shidu_xs1);
  29   2          write_char(10,0,shidu_xs2);
  30   2          write_char(6,1,wendu_shi);
  31   2          write_char(7,1,wendu_ge);
  32   2          write_string(8,1,".");
  33   2          write_char(9,1,wendu_xs1);
  34   2          write_char(10,1,wendu_xs2);
  35   2          delayms(500);
  36   2        }
  37   1      }
  38            
  39          
  40          


MODULE INFORMATION:   STATIC OVERLAYABLE
   CODE SIZE        =    259    ----
   CONSTANT SIZE    =     16    ----
   XDATA SIZE       =   ----    ----
   PDATA SIZE       =   ----    ----
   DATA SIZE        =      8    ----
   IDATA SIZE       =   ----    ----
   BIT SIZE         =   ----    ----
END OF MODULE INFORMATION.


C51 COMPILATION COMPLETE.  0 WARNING(S),  0 ERROR(S)
