C51 COMPILER V9.54   KEY                                                                   01/30/2018 18:09:19 PAGE 1   


C51 COMPILER V9.54, COMPILATION OF MODULE KEY
OBJECT MODULE PLACED IN .\Output\key.obj
COMPILER INVOKED BY: D:\Keil_v5\C51\BIN\C51.EXE key.c BROWSE DEBUG OBJECTEXTEND PRINT(.\List\key.lst) TABS(2) OBJECT(.\O
                    -utput\key.obj)

line level    source

   1          #include"key.h"
   2          #include"delay.h"
   3          #include  "led.h"
   4          
   5          char temp=0;
   6          bit flag_key1=0;
   7          
   8          
   9          void key(void)
  10          {
  11   1        if(key1==0)
  12   1        {
  13   2          delayms(10);
  14   2          if(key1==0)
  15   2          {
  16   3            jiao=0;
  17   3            while(!key1);
  18   3            jiao=1;
  19   3            led1=0; 
  20   3            TR0=~TR0;
  21   3            flag_key1=~flag_key1;
  22   3      
  23   3      
  24   3      
  25   3          
  26   3          }  
  27   2        }
  28   1        if (key2==0)
  29   1        {
  30   2          delayms(10);
  31   2          if(key2==0)
  32   2          {
  33   3            jiao=0;
  34   3            while(!key2);
  35   3            jiao=1;
  36   3            led2=0;
  37   3            fen=0;
  38   3            miao=0;
  39   3      
  40   3          }
  41   2        }
  42   1        if(flag_key1==1)
  43   1        { 
  44   2          if(key3==0)
  45   2          {
  46   3            delayms(10);
  47   3            if(key3==0)
  48   3            {
  49   4              jiao=0;
  50   4              while(!key3);
  51   4              jiao=1;
  52   4              led3=0;   
  53   4              miao++;
  54   4              if(miao>=60)
C51 COMPILER V9.54   KEY                                                                   01/30/2018 18:09:19 PAGE 2   

  55   4              { 
  56   5                miao=0;
  57   5                fen++;
  58   5                if(fen>=60)
  59   5                {
  60   6                  fen=0;
  61   6                }
  62   5              }
  63   4            }
  64   3          }
  65   2        } 
  66   1        if(flag_key1==1)
  67   1        { 
  68   2          if(key4==0)
  69   2          {
  70   3            delayms(10);
  71   3            if(key4==0)
  72   3            {
  73   4              jiao=0;
  74   4              while(!key4);
  75   4              jiao=1;
  76   4              led4=0;   
  77   4              miao--;
  78   4              if(miao<0)
  79   4              { 
  80   5                miao=59;
  81   5                fen--;
  82   5                if(fen<0)
  83   5                {
  84   6                  fen=59;
  85   6                }
  86   5              }
  87   4            }
  88   3          }
  89   2        } 
  90   1      }      


MODULE INFORMATION:   STATIC OVERLAYABLE
   CODE SIZE        =    159    ----
   CONSTANT SIZE    =   ----    ----
   XDATA SIZE       =   ----    ----
   PDATA SIZE       =   ----    ----
   DATA SIZE        =      1    ----
   IDATA SIZE       =   ----    ----
   BIT SIZE         =      1    ----
END OF MODULE INFORMATION.


C51 COMPILATION COMPLETE.  0 WARNING(S),  0 ERROR(S)
