C51 COMPILER V9.00   1                                                                     05/12/2015 20:05:11 PAGE 1   


C51 COMPILER V9.00, COMPILATION OF MODULE 1
OBJECT MODULE PLACED IN 1.OBJ
COMPILER INVOKED BY: D:\Keil\C51\BIN\C51.EXE 1.c BROWSE DEBUG OBJECTEXTEND

line level    source

   1          #include<reg52.h>
   2          #define uint unsigned int
   3          #define uchar unsigned char
   4          sbit EN=P0^1;
   5          uint flag=0;
   6          sbit in1=P0^0;    //iN1 iN2 为右电机    //in1=0;in2=1;前转
   7          sbit in2=P0^1;                                                  
   8          sbit in3=P0^2;    //iN3 iN4 为左电机    //in3=1;in4=0;前转
   9          sbit in4=P0^3;
  10          void main()
  11          {
  12   1              EA=1;
  13   1              TMOD=0x01;
  14   1              TH0=(65536-1000)/256;
  15   1              TL0=(65536-1000)%256;
  16   1              ET0=1;
  17   1              TR0=1;
  18   1              while(1)
  19   1              {
  20   2                      in1=0;
  21   2                      in2=1;
  22   2                      in3=1;
  23   2                      in4=0;
  24   2              }
  25   1      }
  26          void timer0() interrupt 1
  27          {
  28   1              TH0=(65536-1000)/256;
  29   1              TL0=(65536-1000)%256;
  30   1              flag++;
  31   1              if(flag==50)
  32   1              {
  33   2                      flag=0;
  34   2              }
  35   1              if(flag>=25)
  36   1              {
  37   2                      EN=1;
  38   2              }
  39   1              else
  40   1              {
  41   2                      EN=0;
  42   2              }
  43   1      
  44   1                              
  45   1      }
  46          


MODULE INFORMATION:   STATIC OVERLAYABLE
   CODE SIZE        =     75    ----
   CONSTANT SIZE    =   ----    ----
   XDATA SIZE       =   ----    ----
   PDATA SIZE       =   ----    ----
   DATA SIZE        =      2    ----
   IDATA SIZE       =   ----    ----
C51 COMPILER V9.00   1                                                                     05/12/2015 20:05:11 PAGE 2   

   BIT SIZE         =   ----    ----
END OF MODULE INFORMATION.


C51 COMPILATION COMPLETE.  0 WARNING(S),  0 ERROR(S)
