C51 COMPILER V9.54   MAIN                                                                  08/11/2016 15:53:27 PAGE 1   


C51 COMPILER V9.54, COMPILATION OF MODULE MAIN
OBJECT MODULE PLACED IN .\Output\main.obj
COMPILER INVOKED BY: D:\Keil_v5\C51\BIN\C51.EXE main.c BROWSE DEBUG OBJECTEXTEND PRINT(.\List\main.lst) TABS(2) OBJECT(.
                    -\Output\main.obj)

line level    source

   1          #include "common.h"
   2          #include "lcd1602.h"
   3          #include "key.h"
   4          #include "delay.h"
   5          #include <stdio.h>
   6          
   7          uint count=0;
   8          
   9          void init_timer0(void)
  10          {
  11   1        TMOD=0x02;
  12   1        TH0=56;
  13   1        TL0=56;
  14   1        EA=1;
  15   1        ET0=1;
  16   1        TR0=1;
  17   1      }
  18          
  19          
  20          
  21          void main (void)
  22          {
  23   1        init_lcd1602();
  24   1          init_timer0(); 
  25   1        while(1)
  26   1        {
  27   2            if(key4num==0)
  28   2          {
  29   3            if(key1num==0)
  30   3            {
  31   4              if(flag1==0)
  32   4              {
  33   5                write_com(0x01);
  34   5                write_string(0,1,"    00:00:00    ");
  35   5                write_string(0,0,"  0000  00  00  ");
  36   5              }
  37   4              sprintf(temp,"%02d",miao);
  38   4              write_string(10,1,temp);
  39   4              sprintf(temp+3,"%02d",fen);
  40   4              write_string(7,1,temp+3);
  41   4              sprintf(temp+6,"%02d",shi);
  42   4              write_string(4,1,temp+6);
  43   4              sprintf(temp+9,"%04d",nian);
  44   4              write_string(2,0,temp+9);
  45   4              sprintf(temp+12,"%02d",yue);
  46   4              write_string(8,0,temp+12);
  47   4              sprintf(temp+15,"%02d",ri);
  48   4              write_string(12,0,temp+15);
  49   4              key();
  50   4            }
  51   3            if(key1num!=0)
  52   3            {
  53   4              key();
  54   4            }
C51 COMPILER V9.54   MAIN                                                                  08/11/2016 15:53:27 PAGE 2   

  55   3          }
  56   2          if(key4num==1)
  57   2          { 
  58   3            if(key1num==0)
  59   3            {
  60   4              if(flag==0)
  61   4              {
  62   5                write_com(0x01);
  63   5                write_string(0,1,"    00:00:00    ");
  64   5                write_string(0,0,"    00 00 00  ");
  65   5              }
  66   4              sprintf(temp+21,"%02d",xfen);
  67   4              write_string(7,1,temp+21);
  68   4              sprintf(temp+24,"%02d",xshi);
  69   4              write_string(4,1,temp+24);
  70   4              sprintf(temp+33,"%02d",x);
  71   4              write_string(10,0,temp+33);
  72   4              sprintf(temp+30,"%02d",y);
  73   4              write_string(7,0,temp+30);
  74   4              sprintf(temp+27,"%02d",z);
  75   4              write_string(4,0,temp+27);
  76   4              sprintf(temp+18,"%02d",xmiao);
  77   4              write_string(10,1,temp+18);
  78   4              key();
  79   4            }
  80   3            if(key1num!=0)
  81   3            {
  82   4              key();
  83   4            }
  84   3          }
  85   2          if(shi==xshi&&fen==xfen&&miao==xmiao)
  86   2          {
  87   3            jiao=0;
  88   3          }
  89   2          if(shi==xshi+z&&fen==xfen+y&&miao==xmiao+x)
  90   2          {
  91   3            jiao=1;
  92   3          }
  93   2        } 
  94   1      }
  95          
  96          
  97          
  98          void timer0(void) interrupt 1
  99          {
 100   1        count++;
 101   1        if(count>=5000)
 102   1        {
 103   2          count=0;
 104   2          miao++;
 105   2          if(miao>=60)
 106   2          { 
 107   3            miao=0;
 108   3            fen++;
 109   3            if(fen>=60)
 110   3            {
 111   4              fen=0;
 112   4              shi++;
 113   4                  if(shi>=24)
 114   4              {
 115   5                shi=0;
 116   5                ri++;
C51 COMPILER V9.54   MAIN                                                                  08/11/2016 15:53:27 PAGE 3   

 117   5                if((nian%400==0)||(nian%4==0&&nian%100!=0))
 118   5                     {
 119   6                      if(yue==2) xri=29;
 120   6                   }
 121   5                   else
 122   5                   {
 123   6                        if(yue==2) xri=28;
 124   6                   }
 125   5                   if(yue==1||yue==3||yue==5||yue==7||yue==8||yue==10||yue==12) xri=31;
 126   5                   if(yue==4||yue==6||yue==9||yue==11) xri=30;
 127   5                   if(ri>xri)
 128   5                   {
 129   6                    ri=1;
 130   6                    yue++;
 131   6                    if(yue>12)
 132   6                    {
 133   7                      yue=1;
 134   7                      nian++;
 135   7                    }
 136   6                   }
 137   5              }
 138   4              }
 139   3            }
 140   2         }
 141   1      }
 142          


MODULE INFORMATION:   STATIC OVERLAYABLE
   CODE SIZE        =   1055    ----
   CONSTANT SIZE    =     59    ----
   XDATA SIZE       =   ----    ----
   PDATA SIZE       =   ----    ----
   DATA SIZE        =      2    ----
   IDATA SIZE       =   ----    ----
   BIT SIZE         =   ----    ----
END OF MODULE INFORMATION.


C51 COMPILATION COMPLETE.  0 WARNING(S),  0 ERROR(S)
