C51 COMPILER V9.00   MAIN                                                                  12/10/2014 20:48:07 PAGE 1   


C51 COMPILER V9.00, COMPILATION OF MODULE MAIN
OBJECT MODULE PLACED IN .\Output\main.obj
COMPILER INVOKED BY: d:\Keil\C51\BIN\C51.EXE main.c BROWSE DEBUG OBJECTEXTEND PRINT(.\List\main.lst) OBJECT(.\Output\mai
                    -n.obj)

line level    source

   1          #include"common.h"
   2          #include"delay.h"
   3          #include <intrins.h>
   4          
   5          
   6          void main(void)
   7          {
   8   1              P0=0xfe;
   9   1              while(1)
  10   1              {
  11   2      
  12   2                      P0=_crol_(P0,1);
  13   2                      delayms(20);
  14   2              }
  15   1      }


MODULE INFORMATION:   STATIC OVERLAYABLE
   CODE SIZE        =     25    ----
   CONSTANT SIZE    =   ----    ----
   XDATA SIZE       =   ----    ----
   PDATA SIZE       =   ----    ----
   DATA SIZE        =   ----    ----
   IDATA SIZE       =   ----    ----
   BIT SIZE         =   ----    ----
END OF MODULE INFORMATION.


C51 COMPILATION COMPLETE.  0 WARNING(S),  0 ERROR(S)
