C51 COMPILER V9.00   MAIN                                                                  11/27/2014 20:36:08 PAGE 1   


C51 COMPILER V9.00, COMPILATION OF MODULE MAIN
OBJECT MODULE PLACED IN .\Output\main.obj
COMPILER INVOKED BY: d:\Keil\C51\BIN\C51.EXE main.c BROWSE DEBUG OBJECTEXTEND PRINT(.\List\main.lst) OBJECT(.\Output\mai
                    -n.obj)

line level    source

   1          #include "common.h"
   2          #include "led.h"
   3          
   4          
   5          void main(void)
   6          {
   7   1      //      diyigeliang();
   8   1      //      shanshuo1();     
   9   1      //      shanshuo2();
  10   1      //      shanshuo3();
  11   1      //      shanshuo4();
  12   1      //      liushuideng1();
  13   1              liushuideng2();
  14   1      
  15   1      }


MODULE INFORMATION:   STATIC OVERLAYABLE
   CODE SIZE        =      3    ----
   CONSTANT SIZE    =   ----    ----
   XDATA SIZE       =   ----    ----
   PDATA SIZE       =   ----    ----
   DATA SIZE        =   ----    ----
   IDATA SIZE       =   ----    ----
   BIT SIZE         =   ----    ----
END OF MODULE INFORMATION.


C51 COMPILATION COMPLETE.  0 WARNING(S),  0 ERROR(S)
