C51 COMPILER V9.00   MAIN                                                                  04/10/2015 20:33:27 PAGE 1   


C51 COMPILER V9.00, COMPILATION OF MODULE MAIN
OBJECT MODULE PLACED IN main.OBJ
COMPILER INVOKED BY: d:\Keil\C51\BIN\C51.EXE main.c BROWSE DEBUG OBJECTEXTEND

line level    source

   1          #include <reg52.h>
   2          #define uchar unsigned char
   3          #define uint unsigned int
   4          //sbit led1=P0^0;
   5          
   6          
   7          uchar flag,a;
   8          
   9          void main(void)
  10          {
  11   1              TMOD=0x20;//设定T1计时器工作方式2
  12   1              TH1=0xfd;//装初值
  13   1              TL1=0xfd;//装初值
  14   1              TR1=1;//启动计时器
  15   1              SM0=0;
  16   1              SM1=1;//设定串口工作方式1
  17   1              REN=1;//允许串口接收
  18   1              EA=1;//开总中断
  19   1              ES=1;//开串口中断
  20   1              while(1)
  21   1              {
  22   2                      if(flag==1)
  23   2                      {
  24   3                              ES=0;
  25   3                              flag=0;
  26   3                              SBUF=a;
  27   3                              while(!TI);
  28   3                              TI=0;
  29   3                              ES=1;
  30   3                      }
  31   2              }
  32   1      }
  33          
  34          
  35          void ser()interrupt 4
  36          {
  37   1              RI=0;
  38   1              P0=SBUF;
  39   1              a=SBUF;
  40   1              flag=1;
  41   1      }


MODULE INFORMATION:   STATIC OVERLAYABLE
   CODE SIZE        =     55    ----
   CONSTANT SIZE    =   ----    ----
   XDATA SIZE       =   ----    ----
   PDATA SIZE       =   ----    ----
   DATA SIZE        =      2    ----
   IDATA SIZE       =   ----    ----
   BIT SIZE         =   ----    ----
END OF MODULE INFORMATION.


C51 COMPILATION COMPLETE.  0 WARNING(S),  0 ERROR(S)
