C51 COMPILER V9.54   MAIN                                                                  04/26/2016 14:29:09 PAGE 1   


C51 COMPILER V9.54, COMPILATION OF MODULE MAIN
OBJECT MODULE PLACED IN .\output\main.obj
COMPILER INVOKED BY: D:\Keil_v5\C51\BIN\C51.EXE main.c BROWSE DEBUG OBJECTEXTEND PRINT(.\list\main.lst) TABS(2) OBJECT(.
                    -\output\main.obj)

line level    source

   1          #include "delay.h"
   2          #include "lcd1602.h"
   3          
   4          
   5          
   6          
   7          uchar GLengthHigh,GLengthLow,GTempera,LastRcvData,RcvIndex;
   8          uint PreLength;
   9          
  10          
  11          
  12          
  13          void init_UART(void)//波特率9600
  14          { 
  15   1        TMOD=0x20;//设定T1计时器工作方式2
  16   1        TH1=0xfd;//装初值
  17   1        TL1=0xfd;//装初值
  18   1        TR1=1;//启动计时器
  19   1        SM0=0;
  20   1        SM1=1;//设定串口工作方式1
  21   1        REN=1;//允许串口接收
  22   1        EA=1;//开总中断
  23   1        ES=1;//开串口中断
  24   1      }
  25          
  26          
  27          
  28          
  29          
  30          
  31          void UART_Send(uchar dat)         
  32          {
  33   1        SBUF=dat;
  34   1        while(!TI); 
  35   1        TI=0;   
  36   1      }
  37          
  38          
  39          
  40          
  41          
  42          
  43          void MeterLenByUART(void)         //Trig/TX管脚输入0x55
  44          {
  45   1        RcvIndex=0;
  46   1        UART_Send(0X55);
  47   1      }
  48          
  49          
  50          
  51          
  52          void main(void)
  53          {
  54   1        init_UART();
C51 COMPILER V9.54   MAIN                                                                  04/26/2016 14:29:09 PAGE 2   

  55   1        init_lcd1602();
  56   1        while(1)
  57   1        {
  58   2          MeterLenByUART();
  59   2          PreLength=(GLengthHigh<<8)+GLengthLow;
  60   2          display_distance(PreLength);
  61   2          delayms(500);
  62   2        }
  63   1      }
  64          
  65          
  66          
  67          
  68            
  69          void UART_Receive(void) interrupt 4    //Echo/RX管脚输出
  70          {   
  71   1        if(RI)
  72   1        {
  73   2          RI=0;
  74   2          LastRcvData=SBUF;
  75   2          if(RcvIndex==0)
  76   2          {
  77   3            GLengthHigh=LastRcvData;
  78   3            RcvIndex++;
  79   3          }
  80   2          else if(RcvIndex==1)
  81   2          {
  82   3            GLengthLow=LastRcvData;
  83   3            RcvIndex=150;
  84   3          }
  85   2          else if(RcvIndex==100)
  86   2          {
  87   3            GTempera=LastRcvData;
  88   3            RcvIndex++;
  89   3          }     
  90   2        } 
  91   1      }
  92          
  93          
  94          
  95          
  96          
  97          


MODULE INFORMATION:   STATIC OVERLAYABLE
   CODE SIZE        =    127    ----
   CONSTANT SIZE    =   ----    ----
   XDATA SIZE       =   ----    ----
   PDATA SIZE       =   ----    ----
   DATA SIZE        =      7    ----
   IDATA SIZE       =   ----    ----
   BIT SIZE         =   ----    ----
END OF MODULE INFORMATION.


C51 COMPILATION COMPLETE.  0 WARNING(S),  0 ERROR(S)
