C51 COMPILER V9.00   LCD1602                                                               12/21/2014 21:53:58 PAGE 1   


C51 COMPILER V9.00, COMPILATION OF MODULE LCD1602
OBJECT MODULE PLACED IN .\Output\lcd1602.obj
COMPILER INVOKED BY: d:\Keil\C51\BIN\C51.EXE lcd1602.c BROWSE DEBUG OBJECTEXTEND PRINT(.\List\lcd1602.lst) OBJECT(.\Outp
                    -ut\lcd1602.obj)

line level    source

   1          #include "lcd1602.h"
   2          #include "delay.h"
   3          
   4          
   5          void write_com(uchar com)//写命令
   6          {
   7   1              rs=0;//写命令
   8   1              rw=0;//写操作
   9   1              en=1; //下降沿写入数据
  10   1              DATAPORT=com;//写命令数据
  11   1              delayms(5);//等待数据稳定
  12   1              en=0;
  13   1      }
  14          
  15          
  16          void write_data(uchar dat)//写数据
  17          {
  18   1              rs=1;//写数据
  19   1              rw=0;//写操作
  20   1              en=1; //下降沿写入数据
  21   1              DATAPORT=dat;//写数据数据
  22   1              delayms(5);//等待数据稳定
  23   1              en=0;
  24   1      }
  25          
  26          
  27          void init_lcd1602(void)
  28          {
  29   1              write_com(0x01);//清屏
  30   1              write_com(0x06);//输入方式设置
  31   1              write_com(0X38);//显示模式设置
  32   1              write_com(0x0c);//显示开关控制  
  33   1      //      write_com(0x80+0x00);//写输入数据的地址
  34   1      //      write_data(0x30);//写输入的数据 
  35   1      //      write_data(0x31);       
  36   1      //      write_data(0x32);
  37   1      } 
  38          
  39          
  40          void write_char(uchar x,uchar y,char z)
  41          {
  42   1              if(y==0)
  43   1              {
  44   2                      write_com(0x80+x);
  45   2              }
  46   1              else if(y==1) 
  47   1              {
  48   2                      write_com(0x80+0x40+x); 
  49   2              }
  50   1              write_data(z);
  51   1      }
  52          
  53          
  54          void write_string(uchar x,uchar y,char *z)
C51 COMPILER V9.00   LCD1602                                                               12/21/2014 21:53:58 PAGE 2   

  55          {
  56   1              if(y==0)
  57   1              {
  58   2                      write_com(0x80+x);
  59   2              }
  60   1              else if(y==1) 
  61   1              {
  62   2                      write_com(0x80+0x40+x); 
  63   2              }
  64   1              while(*z)
  65   1              {
  66   2                      write_data(*z);
  67   2                      z++;
  68   2              }
  69   1      }
  70          
  71          
  72          


MODULE INFORMATION:   STATIC OVERLAYABLE
   CODE SIZE        =    152    ----
   CONSTANT SIZE    =   ----    ----
   XDATA SIZE       =   ----    ----
   PDATA SIZE       =   ----    ----
   DATA SIZE        =   ----       8
   IDATA SIZE       =   ----    ----
   BIT SIZE         =   ----    ----
END OF MODULE INFORMATION.


C51 COMPILATION COMPLETE.  0 WARNING(S),  0 ERROR(S)
