C51 COMPILER V9.00   MAIN                                                                  12/21/2014 21:53:58 PAGE 1   


C51 COMPILER V9.00, COMPILATION OF MODULE MAIN
OBJECT MODULE PLACED IN .\Output\main.obj
COMPILER INVOKED BY: d:\Keil\C51\BIN\C51.EXE main.c BROWSE DEBUG OBJECTEXTEND PRINT(.\List\main.lst) OBJECT(.\Output\mai
                    -n.obj)

line level    source

   1          #include "common.h"
   2          #include "lcd1602.h"
   3          #include"key.h"
   4          #include <stdio.h>
   5          
   6          uint count=0;
   7          uchar g,s;
   8          
   9          void init_timer0(void)
  10          {
  11   1              TMOD=0x02;
  12   1              TH0=56;
  13   1              TL0=56;
  14   1              EA=1;
  15   1              ET0=1;
  16   1              TR0=1;
  17   1      }
  18          
  19          
  20          
  21          //void init_int0(void)
  22          //{
  23          //      IT0=1;
  24          //      EX0=1;
  25          //      EA=1;
  26          //}
  27          
  28          
  29          
  30          
  31          void main (void)
  32          {
  33   1              init_lcd1602();
  34   1              init_timer0();
  35   1      //      init_int0();
  36   1              write_string(0,1,"   00:00:00  ");
  37   1              while(1)
  38   1              {
  39   2                      if(key1num==0)
  40   2                      {
  41   3      //                      g=miao%10;
  42   3      //                      s=miao/10; 
  43   3      //                      write_char(10,1,g+0x30);
  44   3      //                      write_char(9,1,s+0x30);
  45   3                              sprintf(temp,"%.2d",miao);
  46   3                              write_string(9,1,temp);
  47   3                              sprintf(temp+3,"%.2d",fen);
  48   3                              write_string(6,1,temp+3);
  49   3                              sprintf(temp+6,"%.2d",shi);
  50   3                              write_string(3,1,temp+6);
  51   3                              key();
  52   3                      }
  53   2                      else
  54   2                      {
C51 COMPILER V9.00   MAIN                                                                  12/21/2014 21:53:58 PAGE 2   

  55   3                              key();
  56   3                      }
  57   2              }
  58   1      }
  59          
  60          
  61          
  62          void timer0(void) interrupt 1
  63          {
  64   1              count++;
  65   1              if(count>=5000)
  66   1              {
  67   2                      count=0;
  68   2                      miao++;
  69   2                      if(miao>=60)
  70   2                      {       
  71   3                              miao=0;
  72   3                              fen++;
  73   3                              if(fen>=60)
  74   3                              {
  75   4                                      fen=0;
  76   4                                      shi++;
  77   4                              if(shi>=24)
  78   4                                      {
  79   5                                              shi=0;
  80   5                                      }
  81   4                      }
  82   3                  }
  83   2               }
  84   1      }
  85          
  86          
  87          
  88          //void  int0(void) interrupt 0
  89          //{
  90          //       key();
  91          //}
  92          


MODULE INFORMATION:   STATIC OVERLAYABLE
   CODE SIZE        =    263    ----
   CONSTANT SIZE    =     19    ----
   XDATA SIZE       =   ----    ----
   PDATA SIZE       =   ----    ----
   DATA SIZE        =      4    ----
   IDATA SIZE       =   ----    ----
   BIT SIZE         =   ----    ----
END OF MODULE INFORMATION.


C51 COMPILATION COMPLETE.  0 WARNING(S),  0 ERROR(S)
