C51 COMPILER V9.00   COM                                                                   10/28/2015 21:46:21 PAGE 1   


C51 COMPILER V9.00, COMPILATION OF MODULE COM
OBJECT MODULE PLACED IN .\output\com.obj
COMPILER INVOKED BY: D:\Keil\C51\BIN\C51.EXE com.c BROWSE DEBUG OBJECTEXTEND PRINT(.\list\com.lst) OBJECT(.\output\com.o
                    -bj)

line level    source

   1          #include "com.h"
   2          #include"delay.h"
   3          
   4          
   5          void Print_Char(uchar ch)//发送单个字符
   6          {
   7   1          SBUF=ch; //送入缓冲区
   8   1          while(TI!=1); //等待发送完毕
   9   1          TI=0; //软件清零
  10   1      }
  11          
  12          
  13          void Print_Str(uchar *str)//发送字符串
  14          {
  15   1              while(*str!='\0')
  16   1          {
  17   2              Print_Char(*str);
  18   2              delayms(2);
  19   2              str++;
  20   2          }
  21   1      
  22   1      }


MODULE INFORMATION:   STATIC OVERLAYABLE
   CODE SIZE        =     50    ----
   CONSTANT SIZE    =   ----    ----
   XDATA SIZE       =   ----    ----
   PDATA SIZE       =   ----    ----
   DATA SIZE        =   ----       3
   IDATA SIZE       =   ----    ----
   BIT SIZE         =   ----    ----
END OF MODULE INFORMATION.


C51 COMPILATION COMPLETE.  0 WARNING(S),  0 ERROR(S)
