C51 COMPILER V9.00   DELAY                                                                 10/28/2015 21:46:21 PAGE 1   


C51 COMPILER V9.00, COMPILATION OF MODULE DELAY
OBJECT MODULE PLACED IN .\output\delay.obj
COMPILER INVOKED BY: D:\Keil\C51\BIN\C51.EXE delay.c BROWSE DEBUG OBJECTEXTEND PRINT(.\list\delay.lst) OBJECT(.\output\d
                    -elay.obj)

line level    source

   1          #include"delay.h"
   2          
   3          
   4          
   5          void delayms(uint xms)
   6          {
   7   1              uint i,j;
   8   1              for(i=xms;i>0;i--)
   9   1                      for(j=114;j>0;j--);
  10   1      }
  11          
  12          
  13          
  14          void delay5us(void)
  15          {
  16   1      
  17   1      }
  18          
  19          


MODULE INFORMATION:   STATIC OVERLAYABLE
   CODE SIZE        =     31    ----
   CONSTANT SIZE    =   ----    ----
   XDATA SIZE       =   ----    ----
   PDATA SIZE       =   ----    ----
   DATA SIZE        =   ----    ----
   IDATA SIZE       =   ----    ----
   BIT SIZE         =   ----    ----
END OF MODULE INFORMATION.


C51 COMPILATION COMPLETE.  0 WARNING(S),  0 ERROR(S)
