C51 COMPILER V9.00   MAIN                                                                  12/30/2014 22:19:32 PAGE 1   


C51 COMPILER V9.00, COMPILATION OF MODULE MAIN
OBJECT MODULE PLACED IN .\Output\main.obj
COMPILER INVOKED BY: d:\Keil\C51\BIN\C51.EXE main.c BROWSE DEBUG OBJECTEXTEND PRINT(.\List\main.lst) OBJECT(.\Output\mai
                    -n.obj)

line level    source

   1          #include "common.h"
   2          #include "lcd1602.h"
   3          #include "key.h"
   4          #include "delay.h"
   5          #include <stdio.h>
   6          
   7          uint count=0;
   8          
   9          void init_timer0(void)
  10          {
  11   1              TMOD=0x02;
  12   1              TH0=56;
  13   1              TL0=56;
  14   1              EA=1;
  15   1              ET0=1;
  16   1              TR0=1;
  17   1      }
  18          
  19          
  20          
  21          
  22          void main (void)
  23          {
  24   1              init_lcd1602();
  25   1              init_timer0(); 
  26   1              write_string(0,1,"    00:00:00    ");
  27   1              write_string(0,0,"  0000 00 00  ");
  28   1              while(1)
  29   1              {
  30   2                  if(key4num==0)
  31   2                      {
  32   3                              if(key1num==0)
  33   3                              {
  34   4                                      sprintf(temp,"%02d",miao);
  35   4                                      write_string(10,1,temp);
  36   4                                      sprintf(temp+3,"%02d",fen);
  37   4                                      write_string(7,1,temp+3);
  38   4                                      sprintf(temp+6,"%02d",shi);
  39   4                                      write_string(4,1,temp+6);
  40   4                                      sprintf(temp+9,"%04d",nian);
  41   4                                      write_string(2,0,temp+9);
  42   4                                      sprintf(temp+12,"%02d",yue);
  43   4                                      write_string(7,0,temp+12);
  44   4                                      sprintf(temp+15,"%02d",ri);
  45   4                                      write_string(10,0,temp+15);
  46   4                                      key();
  47   4                              }
  48   3                              if(key1num!=0)
  49   3                              {
  50   4                                      key();
  51   4                              }
  52   3                      }
  53   2                      if(key4num==1)
  54   2                      {       
C51 COMPILER V9.00   MAIN                                                                  12/30/2014 22:19:32 PAGE 2   

  55   3                              if(key1num==0)
  56   3                              {
  57   4                                      if(flag==0)
  58   4                                      {
  59   5                                              write_com(0x01);
  60   5                                              write_string(0,1,"    00:00:00    ");
  61   5                                              write_string(0,0,"    00 00 00  ");
  62   5                                      }
  63   4                                      sprintf(temp+21,"%02d",xfen);
  64   4                                      write_string(7,1,temp+21);
  65   4                                      sprintf(temp+24,"%02d",xshi);
  66   4                                      write_string(4,1,temp+24);
  67   4                                      sprintf(temp+33,"%02d",x);
  68   4                                      write_string(10,0,temp+33);
  69   4                                      sprintf(temp+30,"%02d",y);
  70   4                                      write_string(7,0,temp+30);
  71   4                                      sprintf(temp+27,"%02d",z);
  72   4                                      write_string(4,0,temp+27);
  73   4                                      sprintf(temp+18,"%02d",xmiao);
  74   4                                      write_string(10,1,temp+18);
  75   4                                      key();
  76   4                              }
  77   3                              if(key1num!=0)
  78   3                              {
  79   4                                      key();
  80   4                              }
  81   3                      }
  82   2                      if(shi==xshi&&fen==xfen&&miao==xmiao)
  83   2                      {
  84   3                              jiao=0;
  85   3                      }
  86   2                      if(shi==xshi+z&&fen==xfen+y&&miao==xmiao+x)
  87   2                      {
  88   3                              jiao=1;
  89   3                      }
  90   2              }       
  91   1      }
  92          
  93          
  94          
  95          void timer0(void) interrupt 1
  96          {
  97   1              count++;
  98   1              if(count>=5000)
  99   1              {
 100   2                      count=0;
 101   2                      miao++;
 102   2                      if(miao>=60)
 103   2                      {       
 104   3                              miao=0;
 105   3                              fen++;
 106   3                              if(fen>=60)
 107   3                              {
 108   4                                      fen=0;
 109   4                                      shi++;
 110   4                              if(shi>=24)
 111   4                                      {
 112   5                                              shi=0;
 113   5                                              ri++;
 114   5                                              if((nian%400==0)||(nian%4==0&&nian%100!=0))
 115   5                                             {
 116   6                                                              if(yue==2) xri=29;
C51 COMPILER V9.00   MAIN                                                                  12/30/2014 22:19:32 PAGE 3   

 117   6                                                 }
 118   5                                                 else
 119   5                                                 {
 120   6                                                          if(yue==2) xri=28;
 121   6                                                 }
 122   5                                                 if(yue==1||yue==3||yue==5||yue==7||yue==8||yue==10||yue==12) xri=31;
 123   5                                                 if(yue==4||yue==6||yue==9||yue==11) xri=30;
 124   5                                                 if(ri>xri)
 125   5                                                 {
 126   6                                                              ri=1;
 127   6                                                              yue++;
 128   6                                                              if(yue>12)
 129   6                                                              {
 130   7                                                                      yue=1;
 131   7                                                                      nian++;
 132   7                                                              }
 133   6                                                 }
 134   5                                      }
 135   4                      }
 136   3                  }
 137   2               }
 138   1      }
 139          


MODULE INFORMATION:   STATIC OVERLAYABLE
   CODE SIZE        =   1045    ----
   CONSTANT SIZE    =     57    ----
   XDATA SIZE       =   ----    ----
   PDATA SIZE       =   ----    ----
   DATA SIZE        =      2    ----
   IDATA SIZE       =   ----    ----
   BIT SIZE         =   ----    ----
END OF MODULE INFORMATION.


C51 COMPILATION COMPLETE.  0 WARNING(S),  0 ERROR(S)
