C51 COMPILER V9.00   BMP                                                                   09/28/2015 21:22:05 PAGE 1   


C51 COMPILER V9.00, COMPILATION OF MODULE BMP
OBJECT MODULE PLACED IN .\output\bmp.obj
COMPILER INVOKED BY: d:\Keil4\C51\BIN\C51.EXE bmp.c BROWSE DEBUG OBJECTEXTEND PRINT(.\list\bmp.lst) OBJECT(.\output\bmp.
                    -obj)

line level    source

   1          #include "bmp.h"
   2          
   3          
   4          
   5          uchar code table[]={
   6          0x00,0x00,0x00,0x7F,0xF0,0x00,0x00,0x00,0x00,0xFF,0xFF,0xF0,0x00,0x00,0x00,0x00,
   7          0x00,0x00,0x00,0x7F,0xF0,0x00,0x00,0x00,0x00,0xFF,0xFF,0xF0,0x00,0x00,0x00,0x00,
   8          0x00,0x00,0x00,0x7F,0xF0,0x00,0x00,0x00,0x00,0x7F,0xFF,0xF0,0x00,0x00,0x00,0x00,
   9          0x00,0x00,0x00,0x7F,0xE0,0x00,0x00,0x00,0x00,0x7F,0xFF,0xF0,0x00,0x00,0x00,0x00,
  10          0x00,0x00,0x00,0x7F,0xE0,0x00,0x00,0x00,0x00,0x7F,0xFF,0xF0,0x00,0x00,0x00,0x00,
  11          0x00,0x00,0x00,0x7F,0xE0,0x00,0x00,0x00,0x00,0x4F,0xFF,0xF0,0x00,0x00,0x00,0x00,
  12          0x00,0x00,0x00,0x3F,0xE0,0x00,0x00,0x00,0x00,0x07,0xFF,0xF0,0x00,0x00,0x00,0x00,
  13          0x00,0x00,0x00,0x3F,0xE0,0x00,0x00,0x00,0x00,0x07,0xFF,0xF0,0x00,0x00,0x00,0x00,
  14          0x00,0x00,0x00,0x3F,0xE0,0x00,0x00,0x00,0x00,0x07,0xFF,0xF0,0x00,0x00,0x00,0x00,
  15          0x00,0x00,0x00,0x3F,0xE0,0x00,0x00,0x00,0x00,0x07,0xFF,0xF0,0x00,0x00,0x00,0x00,
  16          0x00,0x00,0x00,0x1F,0x00,0x00,0x00,0x00,0x00,0x03,0xFF,0xF0,0x00,0x00,0x00,0x00,
  17          0x00,0x00,0x00,0x1F,0x00,0x00,0x00,0x00,0x00,0x03,0xFF,0xF0,0x00,0x00,0x00,0x00,
  18          0x00,0x00,0x00,0x1F,0x80,0x00,0x00,0x00,0x00,0x07,0xFF,0xF0,0x00,0x00,0x00,0x00,
  19          0x00,0x00,0x00,0x1F,0x80,0x00,0x00,0x00,0x00,0x03,0xFF,0xF8,0x00,0x00,0x00,0x00,
  20          0x00,0x00,0x00,0x0F,0xC0,0x00,0x00,0x00,0x03,0x84,0xFF,0xF8,0x00,0x00,0x00,0x00,
  21          0x00,0x00,0x00,0x0F,0x00,0x00,0x00,0x00,0x1F,0xFC,0xFF,0x7C,0x00,0x00,0x00,0x00,
  22          0x00,0x00,0x00,0x0F,0x10,0x00,0x00,0x07,0xFF,0xFE,0xFF,0xFC,0x00,0x00,0x00,0x00,
  23          0x00,0x00,0x00,0x0F,0x3C,0x00,0x00,0x1F,0xFF,0xFF,0x7F,0xD8,0x00,0x00,0x00,0x00,
  24          0x00,0x00,0x00,0x17,0x7F,0xF8,0x00,0x3F,0xFF,0xFF,0x7F,0x98,0x00,0x00,0x00,0x00,
  25          0x00,0x00,0x00,0x17,0x7F,0xFF,0x00,0xFF,0xC0,0xFF,0x7F,0x98,0x00,0x00,0x00,0x00,
  26          0x00,0x00,0x00,0x1F,0x7F,0xFF,0xE0,0x7F,0x97,0xFF,0x3F,0x80,0x00,0x00,0x00,0x00,
  27          0x00,0x00,0x00,0x1F,0x7C,0x7F,0xE0,0x7F,0xFF,0xFE,0x3F,0xE4,0x00,0x00,0x00,0x00,
  28          0x00,0x00,0x00,0x1B,0x79,0xFF,0xE0,0x7F,0xFF,0xFC,0x7F,0xE4,0x00,0x00,0x00,0x00,
  29          0x00,0x00,0x00,0x13,0x7F,0xFF,0xF0,0x7F,0x7F,0xF9,0xFF,0xE4,0x00,0x00,0x00,0x00,
  30          0x00,0x00,0x00,0x13,0x7F,0xFF,0xF0,0x7F,0x7F,0xF9,0xFF,0xE0,0x00,0x00,0x00,0x00,
  31          0x00,0x00,0x00,0x13,0x3E,0xFF,0xE0,0x73,0xCD,0x80,0xFF,0xE0,0x00,0x00,0x00,0x00,
  32          0x00,0x00,0x00,0x13,0x1F,0xFF,0xE0,0x7F,0x00,0x80,0xFF,0xE0,0x00,0x00,0x00,0x00,
  33          0x00,0x00,0x00,0x00,0x0F,0xF7,0xE0,0x3C,0x02,0x00,0xFF,0xC0,0x00,0x00,0x00,0x00,
  34          0x00,0x00,0x00,0x00,0x07,0x02,0xE0,0x38,0x00,0x00,0x7F,0x80,0x00,0x00,0x00,0x00,
  35          0x00,0x00,0x00,0x00,0x00,0x00,0x60,0x0C,0x00,0x00,0xFF,0x00,0x00,0x00,0x00,0x00,
  36          0x00,0x00,0x00,0x00,0x00,0x00,0x60,0x04,0x00,0x00,0xFF,0x00,0x00,0x00,0x00,0x00,
  37          0x00,0x00,0x00,0x00,0x00,0x00,0x60,0x00,0x00,0x00,0xFF,0x00,0x00,0x00,0x00,0x00,
  38          0x00,0x00,0x00,0x00,0x00,0x00,0x00,0x20,0x00,0x01,0xFF,0xC0,0x00,0x00,0x00,0x00,
  39          0x00,0x00,0x00,0x00,0x00,0x00,0x00,0x38,0x00,0x01,0xFF,0xC0,0x00,0x00,0x00,0x00,
  40          0x00,0x00,0x00,0x00,0x00,0x00,0x00,0x3C,0x00,0x03,0xFF,0x80,0x00,0x00,0x00,0x00,
  41          0x00,0x00,0x00,0x00,0x00,0x00,0x00,0x16,0x00,0x03,0xFB,0x00,0x00,0x00,0x00,0x00,
  42          0x00,0x00,0x00,0x00,0x00,0x00,0x00,0x13,0x80,0x03,0xFF,0x00,0x00,0x00,0x00,0x00,
  43          0x00,0x00,0x00,0x00,0x40,0x00,0x00,0x03,0xF0,0x03,0xFF,0x00,0x00,0x00,0x00,0x00,
  44          0x00,0x00,0x00,0x00,0x20,0x01,0x00,0x03,0xF0,0x03,0xFF,0x00,0x00,0x00,0x00,0x00,
  45          0x00,0x00,0x00,0x00,0x20,0x07,0xC0,0x1F,0xBE,0x07,0xFF,0x00,0x00,0x00,0x00,0x00,
  46          0x00,0x00,0x00,0x00,0x38,0x0F,0xF0,0x7F,0xFE,0x07,0xFF,0x00,0x00,0x00,0x00,0x00,
  47          0x00,0x00,0x00,0x00,0x38,0x1E,0xFF,0xFF,0xFF,0xBF,0xFF,0x00,0x00,0x00,0x00,0x00,
  48          0x00,0x00,0x00,0x00,0x3E,0x3F,0xFF,0xFE,0xFF,0xFF,0xFF,0x00,0x00,0x00,0x00,0x00,
  49          0x00,0x00,0x00,0x00,0x3F,0xFD,0xFF,0xFF,0xFF,0xFF,0xFF,0x00,0x00,0x00,0x00,0x00,
  50          0x00,0x00,0x00,0x00,0x1F,0xFF,0xFF,0xFF,0xFF,0xFF,0xFF,0x80,0x00,0x00,0x00,0x00,
  51          0x00,0x00,0x00,0x00,0x1F,0xFF,0xF1,0x0C,0x7F,0xDE,0xFF,0x00,0x00,0x00,0x00,0x00,
  52          0x00,0x00,0x00,0x00,0x1F,0xFF,0xC0,0x01,0x7F,0xDC,0xFF,0x80,0x00,0x00,0x00,0x00,
  53          0x00,0x00,0x00,0x00,0x1F,0xFF,0x80,0x07,0xFF,0x9C,0xFF,0x80,0x00,0x00,0x00,0x00,
  54          0x00,0x00,0x00,0x00,0x1F,0xFF,0x00,0x3F,0xFF,0x9C,0xFF,0xC0,0x00,0x00,0x00,0x00,
C51 COMPILER V9.00   BMP                                                                   09/28/2015 21:22:05 PAGE 2   

  55          0x00,0x00,0x00,0x00,0x0F,0x3F,0xFF,0xFF,0xFF,0x98,0xFF,0xC0,0x00,0x00,0x00,0x00,
  56          0x00,0x00,0x00,0x00,0x0F,0x3F,0xFF,0xFF,0xF1,0x39,0xFF,0xC0,0x00,0x00,0x00,0x00,
  57          0x00,0x00,0x00,0x00,0x0F,0xBF,0xFF,0xFF,0xF3,0x79,0xFF,0xC0,0x00,0x00,0x00,0x00,
  58          0x00,0x00,0x00,0x00,0x07,0xEF,0xFF,0x3F,0xF3,0xBB,0xFF,0x88,0x00,0x00,0x00,0x00,
  59          0x00,0x00,0x00,0x00,0x07,0xEF,0xF0,0x0F,0xF3,0xFF,0xFF,0x8E,0x00,0x00,0x00,0x00,
  60          0x00,0x00,0x00,0x00,0x03,0xFF,0xFE,0x3F,0xFF,0xFF,0xFF,0x06,0x00,0x00,0x00,0x00,
  61          0x00,0x00,0x00,0x00,0x01,0xFF,0xFF,0xFF,0xFF,0xFF,0xFF,0x07,0x00,0x00,0x00,0x00,
  62          0x00,0x00,0x00,0x00,0x00,0xFD,0xFF,0xFF,0xFF,0xFF,0xFE,0x07,0x80,0x00,0x00,0x00,
  63          0x00,0x00,0x00,0x00,0x00,0x7E,0xFF,0xFF,0xFF,0xFF,0xFC,0x0F,0xC0,0x00,0x00,0x00,
  64          0x00,0x00,0x00,0x00,0x00,0x3F,0xFF,0xFF,0xFF,0xFF,0xF8,0x0F,0xE0,0x00,0x00,0x00,
  65          0x00,0x00,0x00,0x00,0x00,0x1F,0xFF,0xC7,0x7F,0xFF,0xF0,0x1F,0xF0,0x00,0x00,0x00,
  66          0x00,0x00,0x00,0x00,0x00,0x0F,0xC6,0x06,0x1F,0xFF,0xC0,0x1F,0xF8,0x00,0x00,0x00,
  67          0x00,0x00,0x00,0x00,0x00,0x07,0x86,0x02,0x3F,0xFF,0x80,0x3F,0xFC,0x00,0x00,0x00,
  68          0x00,0x00,0x00,0x00,0x00,0x03,0x80,0x00,0x3F,0xFF,0x00,0x7F,0xFF,0x00,0x00,0x00,
  69          0x00,0x00,0x00,0x00,0x00,0x01,0x89,0xE0,0x7F,0xFC,0x00,0x7F,0xFF,0xC0,0x00,0x00
  70          };
  71          
  72          
  73          
  74          
  75          uchar code table1[]={
  76          0x00,0x00,0x00,0x00,0x00,0x00,0x00,0x00,0x00,0x00,0x00,0x00,0x00,0x00,0x00,0x18,
  77          0x00,0x00,0x00,0x00,0x00,0x00,0x00,0x00,0x00,0x00,0x00,0x00,0x00,0x00,0x00,0x18,
  78          0x00,0x9B,0xD0,0x00,0x00,0x00,0x00,0x00,0x00,0x00,0x00,0x00,0x00,0x00,0x00,0x18,
  79          0x46,0x7F,0xF4,0x00,0x00,0x00,0x00,0x00,0x00,0x00,0x00,0x00,0x00,0x00,0x00,0x18,
  80          0x7F,0xFF,0xFF,0x00,0x00,0x00,0x00,0x00,0x00,0x00,0x00,0x00,0x00,0x00,0x00,0x18,
  81          0x7F,0xEF,0xFF,0x80,0x00,0x00,0x00,0x00,0x00,0x00,0x00,0x00,0x00,0x00,0x00,0x18,
  82          0x7F,0x2C,0xFF,0xC0,0x00,0x00,0x00,0x00,0x00,0x00,0x00,0x00,0x00,0x00,0x00,0x18,
  83          0x7F,0x03,0x0F,0xF8,0x00,0x00,0x00,0x00,0x00,0x00,0x00,0x00,0x00,0x00,0x00,0x18,
  84          0x70,0x80,0x03,0xFC,0x00,0x00,0x00,0x00,0x00,0x00,0x00,0x00,0x00,0x00,0x00,0x18,
  85          0x7C,0x00,0x01,0xFE,0x80,0x00,0x00,0x00,0x00,0x00,0x00,0x00,0x00,0x00,0x00,0x18,
  86          0x71,0xC0,0x00,0x3E,0x00,0x00,0x00,0x00,0x00,0x00,0x00,0x00,0x00,0x00,0x00,0x18,
  87          0x7C,0x00,0x00,0x0F,0xD0,0x00,0x00,0x00,0x00,0x00,0x00,0x00,0x00,0x00,0x00,0x18,
  88          0x3F,0x80,0x00,0x03,0xC8,0x00,0x00,0x00,0x00,0x00,0x00,0x00,0x00,0x00,0x00,0x18,
  89          0x3E,0x00,0x00,0x00,0xF9,0x00,0x00,0x00,0x00,0x00,0x00,0x00,0x00,0x00,0x00,0x18,
  90          0x1F,0x80,0x00,0x00,0x1F,0x20,0x00,0x00,0x00,0x00,0x00,0x00,0x00,0x00,0x00,0x18,
  91          0x2F,0xE0,0x00,0x00,0x0F,0xCC,0x00,0x00,0x00,0x00,0x00,0x00,0x00,0x00,0x00,0x18,
  92          0x0F,0x80,0x00,0x00,0x03,0xFE,0x00,0x00,0x00,0x00,0x00,0x00,0x00,0x00,0x00,0x18,
  93          0x07,0xE0,0x00,0x00,0x40,0x3F,0x80,0x00,0x00,0x00,0x00,0x00,0x00,0x00,0x00,0x18,
  94          0x02,0xF0,0x00,0x00,0x30,0x0F,0x00,0x00,0x00,0x00,0x00,0x00,0x00,0x00,0x00,0x18,
  95          0x00,0x70,0x00,0x00,0x3E,0x07,0xE0,0x00,0x00,0x00,0x00,0x00,0x00,0x00,0x00,0x18,
  96          0x00,0xFC,0x00,0x00,0x3F,0x83,0xE8,0x00,0x01,0x02,0x80,0x00,0x00,0x00,0x00,0x18,
  97          0x00,0x3E,0x00,0x00,0x3F,0xE1,0xF0,0x00,0x05,0xFF,0xC0,0x00,0x00,0x00,0x00,0x18,
  98          0x00,0x1F,0x00,0x00,0xFF,0xF8,0x64,0x00,0x2F,0xFF,0xE0,0x00,0x00,0x00,0x00,0x18,
  99          0x00,0x0F,0x00,0x00,0x3F,0xFC,0x3E,0x00,0x7F,0x03,0xE0,0x00,0x00,0x00,0x00,0x18,
 100          0x00,0x0F,0x80,0x00,0x0F,0xFF,0x1F,0x01,0xFC,0x1F,0xF8,0x00,0x00,0x00,0x00,0x18,
 101          0x00,0x01,0xC0,0x00,0x1F,0xFE,0x8F,0x99,0xF0,0x1F,0xE0,0x00,0x00,0x00,0x00,0x18,
 102          0x00,0x0B,0xC0,0x00,0x07,0xFF,0xE3,0xFB,0xC0,0x7F,0xF0,0x00,0x00,0x00,0x00,0x18,
 103          0x00,0x03,0xF0,0x00,0x03,0xFF,0xF0,0xFF,0x00,0x7F,0xD8,0x00,0x00,0x00,0x00,0x18,
 104          0x00,0x01,0xF8,0x00,0x00,0xFF,0xFE,0x38,0x00,0xFF,0x10,0x00,0x00,0x00,0x00,0x18,
 105          0x00,0x00,0x78,0x00,0x00,0xFF,0xFF,0x80,0x03,0xDE,0x00,0x00,0x00,0x00,0x00,0x18,
 106          0x00,0x00,0x7E,0x00,0x00,0xFF,0xFF,0xC0,0x0F,0xFC,0x00,0x00,0x00,0x00,0x00,0x18,
 107          0x00,0x00,0x3F,0x80,0x00,0x7F,0xFF,0xE0,0x3F,0xF0,0x00,0x00,0x00,0x00,0x00,0x18,
 108          0x00,0x00,0x0F,0x80,0x00,0x1F,0xFF,0xFF,0x3F,0xE0,0x00,0x00,0x00,0x00,0x00,0x18,
 109          0x00,0x00,0x03,0xF0,0x00,0x1F,0xFF,0xFF,0xFF,0xC0,0x00,0x00,0x00,0x00,0x00,0x18,
 110          0x00,0x00,0x05,0xF8,0x00,0x0F,0xFF,0xFF,0xFF,0x80,0x00,0x00,0x00,0x00,0x00,0x18,
 111          0x00,0x00,0x00,0x9F,0x00,0x07,0xFF,0xFF,0xFF,0x00,0x00,0x00,0x00,0x00,0x00,0x18,
 112          0x00,0x00,0x00,0x1F,0xC0,0x07,0xFF,0xDF,0xFE,0x00,0x00,0x00,0x00,0x00,0x00,0x18,
 113          0x00,0x00,0x00,0x33,0xFE,0x0F,0xFF,0xDF,0xF8,0x00,0x00,0x00,0x00,0x00,0x00,0x18,
 114          0x00,0x00,0x00,0x0B,0xFF,0xFF,0xFF,0xBF,0xFE,0x00,0x00,0x00,0x00,0x00,0x00,0x18,
 115          0x00,0x00,0x00,0x01,0xDF,0xFF,0xFF,0xFF,0xF8,0x00,0x00,0x00,0x00,0x00,0x00,0x18,
 116          0x00,0x00,0x00,0x00,0xBE,0xFF,0xFF,0xFF,0xF0,0x00,0x00,0x00,0x00,0x00,0x00,0x18,
C51 COMPILER V9.00   BMP                                                                   09/28/2015 21:22:05 PAGE 3   

 117          0x00,0x00,0x00,0x00,0x1F,0xFD,0x7F,0xFF,0x78,0x00,0x00,0x00,0x00,0x00,0x00,0x18,
 118          0x00,0x00,0x00,0x00,0x0F,0xFB,0xFF,0xFF,0xF8,0x00,0x00,0x00,0x00,0x00,0x00,0x18,
 119          0x00,0x00,0x00,0x00,0x05,0xFF,0xEF,0xFF,0xF0,0x00,0x00,0x00,0x00,0x00,0x00,0x18,
 120          0x00,0x00,0x00,0x00,0x00,0x1F,0xFD,0xFF,0xE0,0x00,0x00,0x00,0x00,0x00,0x00,0x18,
 121          0x00,0x00,0x00,0x00,0x01,0x7F,0xFF,0xFF,0xC0,0x00,0x00,0x00,0x00,0x00,0x00,0x18,
 122          0x00,0x00,0x00,0x00,0x00,0xFF,0xFF,0xFF,0x80,0x00,0x00,0x00,0x00,0x00,0x00,0x18,
 123          0x00,0x00,0x00,0x00,0x01,0xFD,0xFF,0xFE,0x00,0x00,0x00,0x00,0x00,0x00,0x00,0x18,
 124          0x00,0x00,0x00,0x00,0x01,0xF9,0xFF,0xF8,0x00,0x00,0x00,0x00,0x00,0x00,0x00,0x18,
 125          0x00,0x00,0x00,0x00,0x13,0xF3,0xFF,0xF8,0x00,0x00,0x00,0x00,0x00,0x00,0x00,0x18,
 126          0x00,0x00,0x00,0x00,0x3E,0xE7,0xFC,0x40,0x00,0x00,0x00,0x00,0x00,0x00,0x00,0x18,
 127          0x00,0x00,0x00,0x00,0x7F,0xDF,0xFE,0x00,0x00,0x00,0x00,0x00,0x00,0x00,0x00,0x18,
 128          0x00,0x00,0x00,0x00,0xFF,0xCF,0xEE,0x00,0x00,0x00,0x00,0x00,0x00,0x00,0x00,0x18,
 129          0x00,0x00,0x00,0x01,0xFF,0xFF,0xE0,0x00,0x00,0x00,0x00,0x00,0x00,0x00,0x00,0x18,
 130          0x00,0x00,0x00,0x00,0xFF,0xFF,0xC0,0x00,0x00,0x00,0x00,0x00,0x00,0x00,0x00,0x18,
 131          0x00,0x00,0x00,0x01,0xFF,0xF2,0x00,0x00,0x00,0x00,0x00,0x00,0x00,0x00,0x00,0x18,
 132          0x00,0x00,0x00,0x03,0xFF,0xF0,0x00,0x00,0x00,0x00,0x00,0x00,0x00,0x00,0x00,0x18,
 133          0x00,0x00,0x00,0x0F,0xFE,0x30,0x00,0x00,0x00,0x00,0x00,0x00,0x00,0x00,0x00,0x18,
 134          0x00,0x00,0x00,0x03,0xFF,0x00,0x00,0x00,0x00,0x00,0x00,0x00,0x00,0x00,0x00,0x18,
 135          0x00,0x00,0x00,0x07,0xFC,0x00,0x00,0x00,0x00,0x00,0x00,0x00,0x00,0x00,0x00,0x18,
 136          0x7F,0xFF,0xFF,0xFF,0xFF,0xFF,0xFF,0xFF,0xFF,0xFF,0xFF,0xFF,0xFF,0xFF,0xFF,0xF8,
 137          0x7F,0xFF,0xFF,0xFF,0xC0,0x00,0x00,0x00,0x00,0x00,0x00,0x00,0x00,0x00,0x00,0x18,
 138          0x00,0x00,0x00,0x00,0x00,0x00,0x00,0x00,0x00,0x00,0x00,0x00,0x00,0x00,0x00,0x00,
 139          0x00,0x00,0x00,0x00,0x00,0x00,0x00,0x00,0x00,0x00,0x00,0x00,0x00,0x00,0x00,0x00
 140          };
 141          
 142          
 143          
 144          uchar code table2[]={
 145          0x00,0x00,0x00,0x00,0x00,0x00,0x00,0x00,0x00,0x00,0x00,0x00,0x00,0x00,0x00,0x00,
 146          0x00,0x00,0x00,0x00,0x00,0x00,0x00,0x00,0x00,0x00,0x00,0x00,0x00,0x00,0x00,0x00,
 147          0x00,0x00,0x00,0x00,0x00,0x00,0x00,0x00,0x00,0x00,0x00,0x00,0x00,0x00,0x00,0x00,
 148          0x00,0x00,0x00,0x00,0x00,0x00,0x00,0x00,0x00,0x00,0x00,0x00,0x00,0x00,0x00,0x00,
 149          0x00,0x00,0x00,0x00,0x00,0x00,0x00,0x00,0x00,0x00,0x00,0x00,0x00,0x00,0x00,0x00,
 150          0x00,0x00,0x00,0x2E,0xC0,0x00,0x00,0x00,0x00,0x00,0x00,0x00,0x00,0x00,0x00,0x00,
 151          0x00,0x00,0x00,0x1F,0xF3,0xC0,0x00,0x00,0x00,0x00,0x00,0x00,0x00,0x00,0x00,0x00,
 152          0x00,0x00,0x00,0x3F,0xFF,0xD0,0x00,0x00,0x00,0x00,0x00,0x00,0x00,0x00,0x00,0x00,
 153          0x00,0x00,0x00,0x3F,0xFF,0xE0,0x00,0x00,0x00,0x00,0x00,0x00,0x00,0x00,0x00,0x00,
 154          0x00,0x00,0x00,0x1F,0xFC,0x7C,0x00,0x00,0x00,0x00,0x00,0x00,0x00,0x00,0x00,0x00,
 155          0x00,0x00,0x00,0x3F,0x78,0x38,0x00,0x00,0x00,0x00,0x00,0x00,0x00,0x00,0x00,0x00,
 156          0x00,0x00,0x00,0x1F,0x18,0x3C,0x00,0x00,0x00,0x00,0x00,0x00,0x00,0x00,0x00,0x00,
 157          0x00,0x00,0x00,0x1F,0x88,0x3D,0x00,0x00,0x00,0x00,0x00,0x00,0x00,0x00,0x00,0x00,
 158          0x00,0x00,0x00,0x1E,0xE0,0x1F,0xA0,0x00,0x00,0x00,0x00,0x00,0x00,0x00,0x00,0x00,
 159          0x00,0x00,0x00,0x00,0xF0,0x1F,0xC8,0x00,0x00,0x00,0x00,0x00,0x00,0x00,0x00,0x00,
 160          0x00,0x00,0x00,0x02,0xFC,0x03,0xFC,0x00,0x00,0x00,0x00,0x00,0x00,0x00,0x00,0x00,
 161          0x00,0x00,0x00,0x00,0xFE,0x00,0x38,0x00,0x00,0x00,0x00,0x00,0x00,0x00,0x00,0x00,
 162          0x00,0x00,0x00,0x00,0x7F,0x00,0x0D,0x00,0x00,0x00,0x00,0x00,0x00,0x00,0x00,0x00,
 163          0x00,0x00,0x00,0x00,0x0F,0x80,0x06,0x00,0x00,0x00,0x00,0x00,0x00,0x00,0x00,0x00,
 164          0x00,0x00,0x00,0x00,0x0F,0xE0,0x02,0x00,0x00,0xFF,0xA0,0x00,0x00,0x00,0x00,0x00,
 165          0x00,0x00,0x00,0x00,0x03,0xE0,0x03,0x80,0x03,0xFF,0xF0,0x00,0x00,0x00,0x00,0x00,
 166          0x00,0x00,0x00,0x00,0x00,0xE0,0x01,0xE0,0xA3,0xC0,0x64,0x00,0x00,0x00,0x00,0x00,
 167          0x00,0x00,0x00,0x00,0x00,0xF8,0x01,0xF3,0xFF,0x03,0x34,0x00,0x00,0x00,0x00,0x00,
 168          0x00,0x00,0x00,0x00,0x00,0x78,0x00,0x77,0xFC,0x03,0xDE,0x00,0x00,0x00,0x00,0x00,
 169          0x00,0x00,0x00,0x00,0x00,0xF8,0x00,0x7F,0x20,0x0F,0xFC,0x00,0x00,0x00,0x00,0x00,
 170          0x00,0x00,0x00,0x00,0x00,0x70,0x00,0x18,0x00,0x1F,0xFE,0x00,0x00,0x00,0x00,0x00,
 171          0x00,0x00,0x00,0x00,0x01,0xE0,0x10,0x00,0x00,0x3F,0xFE,0x00,0x00,0x00,0x00,0x00,
 172          0x00,0x00,0x00,0x00,0x00,0xE0,0x3C,0x00,0x03,0xFF,0x0E,0x00,0x00,0x00,0x00,0x00,
 173          0x00,0x00,0x00,0x00,0x01,0xDE,0x11,0x00,0x3F,0xFC,0xB4,0x00,0x00,0x00,0x00,0x00,
 174          0x00,0x00,0x00,0x00,0x01,0xFE,0x19,0xFF,0xFF,0xFE,0x00,0x00,0x00,0x00,0x00,0x00,
 175          0x00,0x00,0x00,0x00,0x01,0xFE,0x1F,0xFF,0xFF,0xFC,0x00,0x00,0x00,0x00,0x00,0x00,
 176          0x00,0x00,0x00,0x00,0x03,0xFE,0x1E,0xFF,0xFF,0xC8,0x00,0x00,0x00,0x00,0x00,0x00,
 177          0x00,0x00,0x00,0x00,0x07,0xFF,0x1F,0xFF,0xFF,0x90,0x00,0x00,0x00,0x00,0x00,0x00,
 178          0x00,0x00,0x00,0x00,0x03,0xFF,0xBF,0xFF,0xFE,0x40,0x00,0x00,0x00,0x00,0x00,0x00,
C51 COMPILER V9.00   BMP                                                                   09/28/2015 21:22:05 PAGE 4   

 179          0x00,0x00,0x00,0x00,0x07,0xFF,0xFF,0xFF,0xFC,0x80,0x00,0x00,0x00,0x00,0x00,0x00,
 180          0x00,0x00,0x00,0x00,0x07,0xFB,0xFF,0xFF,0xFE,0x00,0x00,0x00,0x00,0x00,0x00,0x00,
 181          0x00,0x00,0x00,0x00,0x07,0xFB,0xDF,0xFF,0xFC,0x00,0x00,0x00,0x00,0x00,0x00,0x00,
 182          0x00,0x00,0x00,0x00,0x03,0xFF,0x9F,0xFF,0xFC,0x00,0x00,0x00,0x00,0x00,0x00,0x00,
 183          0x00,0x00,0x00,0x00,0x01,0xFD,0xFF,0xFF,0xF8,0x00,0x00,0x00,0x00,0x00,0x00,0x00,
 184          0x00,0x00,0x00,0x00,0x03,0xFB,0xFF,0xFF,0xF4,0x00,0x00,0x00,0x00,0x00,0x00,0x00,
 185          0x00,0x00,0x00,0x00,0x03,0xC3,0xFF,0xFF,0xE0,0x00,0x00,0x00,0x00,0x00,0x00,0x00,
 186          0x00,0x00,0x00,0x00,0x0F,0x8F,0xFF,0xFF,0xF0,0x00,0x00,0x00,0x00,0x00,0x00,0x00,
 187          0x00,0x00,0x00,0x00,0x0F,0x1F,0xFF,0xFF,0xE0,0x00,0x00,0x00,0x00,0x00,0x00,0x00,
 188          0x00,0x00,0x00,0x00,0x1E,0x1F,0xFF,0xFE,0x40,0x00,0x00,0x00,0x00,0x00,0x00,0x00,
 189          0x00,0x00,0x00,0x00,0x3E,0x07,0xFF,0xF9,0x00,0x00,0x00,0x00,0x00,0x00,0x00,0x00,
 190          0x00,0x00,0x00,0x00,0x1C,0x07,0xFF,0x84,0x00,0x00,0x00,0x00,0x00,0x00,0x00,0x00,
 191          0x00,0x00,0x00,0x00,0x3C,0x0F,0xF8,0x40,0x00,0x00,0x00,0x00,0x00,0x00,0x00,0x00,
 192          0x00,0x00,0x00,0x00,0x3C,0x1F,0xFC,0x00,0x00,0x00,0x00,0x00,0x00,0x00,0x00,0x00,
 193          0x00,0x00,0x00,0x00,0x1C,0x1F,0xF8,0x00,0x00,0x00,0x00,0x00,0x00,0x00,0x00,0x00,
 194          0x00,0x00,0x00,0x00,0x3E,0x3F,0xF4,0x00,0x00,0x00,0x00,0x00,0x00,0x00,0x00,0x00,
 195          0x00,0x00,0x00,0x00,0x3C,0x7B,0x00,0x00,0x00,0x00,0x00,0x00,0x00,0x00,0x00,0x00,
 196          0x00,0x00,0x00,0x00,0x39,0xF0,0x00,0x00,0x00,0x00,0x00,0x00,0x00,0x00,0x00,0x00,
 197          0x00,0x00,0x00,0x00,0x39,0xFC,0x00,0x00,0x00,0x00,0x00,0x00,0x00,0x00,0x00,0x00,
 198          0x00,0x00,0x00,0x00,0x3F,0xF0,0x00,0x00,0x00,0x00,0x00,0x00,0x00,0x00,0x00,0x00,
 199          0x00,0x00,0x00,0x00,0x7F,0xF0,0x00,0x00,0x00,0x00,0x00,0x00,0x00,0x00,0x00,0x00,
 200          0x00,0x00,0x00,0x00,0xFF,0xE0,0x00,0x00,0x00,0x00,0x00,0x00,0x00,0x00,0x00,0x00,
 201          0x00,0x00,0x00,0x00,0x7F,0xC0,0x00,0x00,0x00,0x00,0x00,0x00,0x00,0x00,0x00,0x00,
 202          0x00,0x00,0x00,0x01,0xFF,0xA0,0x00,0x00,0x00,0x00,0x00,0x00,0x00,0x00,0x00,0x00,
 203          0x00,0x00,0x00,0x00,0xFF,0x80,0x00,0x00,0x00,0x00,0x00,0x00,0x00,0x00,0x00,0x00,
 204          0x00,0x00,0x00,0x00,0xFF,0x00,0x00,0x00,0x00,0x00,0x00,0x00,0x00,0x00,0x00,0x00,
 205          0x00,0x00,0x00,0x02,0xFF,0x80,0x00,0x00,0x00,0x00,0x00,0x00,0x00,0x00,0x00,0x00,
 206          0x00,0x00,0x00,0x01,0xFE,0x00,0x00,0x00,0x00,0x00,0x00,0x00,0x00,0x00,0x00,0x00,
 207          0x00,0x00,0x00,0x03,0xF8,0x00,0x00,0x00,0x00,0x00,0x00,0x00,0x00,0x00,0x00,0x00,
 208          0x00,0x00,0x00,0x03,0xFC,0x00,0x00,0x00,0x00,0x00,0x00,0x00,0x00,0x00,0x00,0x00
 209          };
 210          
 211          
 212          
 213          
 214          uchar code table3[]={
 215          0x00,0x00,0x00,0x00,0x00,0x00,0x00,0x00,0x00,0x00,0x00,0x00,0x00,0x00,0x00,0x00,
 216          0x00,0x00,0x00,0x00,0x00,0x00,0x00,0x00,0x00,0x00,0x00,0x00,0x00,0x00,0x00,0x00,
 217          0x00,0x00,0x00,0x00,0x00,0x00,0x00,0x00,0x00,0x00,0x00,0x00,0x00,0x00,0x00,0x00,
 218          0x00,0x00,0x00,0x00,0x00,0x00,0x00,0x00,0x00,0x00,0x00,0x00,0x00,0x00,0x00,0x00,
 219          0x00,0x00,0x00,0x00,0x00,0x00,0x00,0x00,0x00,0x00,0x00,0x00,0x00,0x00,0x00,0x00,
 220          0x00,0x00,0x00,0x00,0x00,0x00,0x00,0x00,0x00,0x00,0x00,0x00,0x00,0x00,0x00,0x00,
 221          0x00,0x00,0x00,0x00,0x00,0x02,0xD0,0x00,0x00,0x00,0x00,0x00,0x00,0x00,0x00,0x00,
 222          0x00,0x00,0x00,0x00,0x00,0x00,0x09,0x00,0x00,0x00,0x00,0x00,0x00,0x00,0x00,0x00,
 223          0x00,0x00,0x00,0x00,0x00,0x01,0xF1,0x50,0x00,0x00,0x00,0x00,0x00,0x00,0x00,0x00,
 224          0x00,0x00,0x00,0x00,0x00,0x2F,0xFD,0xE0,0x00,0x00,0x00,0x00,0x00,0x00,0x00,0x00,
 225          0x00,0x00,0x00,0x00,0x00,0x1F,0x9F,0xFE,0x00,0x00,0x00,0x00,0x00,0x00,0x00,0x00,
 226          0x00,0x00,0x00,0x00,0x00,0x5D,0x8E,0x7E,0x00,0x00,0x00,0x00,0x00,0x00,0x00,0x00,
 227          0x00,0x00,0x00,0x00,0x00,0xFC,0x84,0x3F,0x04,0x00,0x00,0x00,0x00,0x00,0x00,0x00,
 228          0x00,0x00,0x00,0x00,0x00,0xFC,0x00,0x1F,0xFF,0x00,0x00,0x00,0x00,0x00,0x00,0x00,
 229          0x00,0x00,0x00,0x00,0x01,0xE0,0x00,0x07,0xFE,0x00,0x00,0x00,0x00,0x00,0x00,0x00,
 230          0x00,0x00,0x00,0x00,0x03,0xE0,0x00,0x03,0x8F,0x00,0x00,0x00,0x00,0x00,0x00,0x00,
 231          0x00,0x00,0x00,0x00,0x03,0x80,0x00,0x03,0x0F,0x00,0x00,0x00,0x00,0x00,0x00,0x00,
 232          0x00,0x00,0x00,0x00,0x07,0x80,0x00,0x00,0x0E,0x00,0x00,0x00,0x00,0x00,0x00,0x00,
 233          0x00,0x00,0x00,0x00,0x07,0x00,0x00,0x00,0x0F,0x4E,0x00,0x00,0x00,0x00,0x00,0x00,
 234          0x00,0x00,0x00,0x00,0x0F,0x00,0x00,0x00,0x0E,0x4F,0x80,0x00,0x00,0x00,0x00,0x00,
 235          0x00,0x00,0x00,0x00,0x07,0x00,0x00,0x00,0x0F,0x7F,0xC0,0x00,0x00,0x00,0x00,0x00,
 236          0x00,0x00,0x00,0x00,0x0E,0x00,0x00,0x00,0x0F,0x80,0xE0,0x00,0x00,0x00,0x00,0x00,
 237          0x00,0x00,0x00,0x00,0x06,0x00,0x00,0x00,0x0F,0x0E,0xC8,0x00,0x00,0x00,0x00,0x00,
 238          0x00,0x00,0x00,0x00,0x0E,0x00,0x00,0x00,0x0C,0x07,0xE0,0x00,0x00,0x00,0x00,0x00,
 239          0x00,0x00,0x00,0x00,0x0E,0x00,0x00,0x00,0x08,0x0F,0xF8,0x00,0x00,0x00,0x00,0x00,
 240          0x00,0x00,0x00,0x00,0x3F,0x00,0x00,0x00,0x00,0x1F,0xF8,0x00,0x00,0x00,0x00,0x00,
C51 COMPILER V9.00   BMP                                                                   09/28/2015 21:22:05 PAGE 5   

 241          0x00,0x00,0x00,0x00,0x0F,0x00,0x00,0x00,0x00,0x0F,0xF0,0x00,0x00,0x00,0x00,0x00,
 242          0x00,0x00,0x00,0x00,0x3C,0x00,0x00,0x00,0x00,0x0E,0x08,0x00,0x00,0x00,0x00,0x00,
 243          0x00,0x00,0x00,0x00,0x3E,0x00,0x00,0x00,0x00,0x3F,0x00,0x00,0x00,0x00,0x00,0x00,
 244          0x00,0x00,0x00,0x00,0x1E,0x00,0x00,0x07,0x80,0x7E,0x00,0x00,0x00,0x00,0x00,0x00,
 245          0x00,0x00,0x00,0x00,0x3E,0x00,0x00,0x03,0x82,0xF8,0x00,0x00,0x00,0x00,0x00,0x00,
 246          0x00,0x00,0x00,0x00,0x1E,0x00,0x00,0x03,0xE3,0xF8,0x00,0x00,0x00,0x00,0x00,0x00,
 247          0x00,0x00,0x00,0x00,0x1E,0x00,0x00,0x0F,0xF1,0xFC,0x00,0x00,0x00,0x00,0x00,0x00,
 248          0x00,0x00,0x00,0x00,0x1E,0x00,0x00,0x1F,0xFF,0xF8,0x00,0x00,0x00,0x00,0x00,0x00,
 249          0x00,0x00,0x00,0x00,0x1E,0x00,0x01,0xFF,0xFF,0xF0,0x00,0x00,0x00,0x00,0x00,0x00,
 250          0x00,0x00,0x00,0x00,0x1E,0x00,0x07,0xFF,0xFF,0xE0,0x00,0x00,0x00,0x00,0x00,0x00,
 251          0x00,0x00,0x00,0x00,0x0E,0x00,0x0F,0xFF,0xFF,0xC0,0x00,0x00,0x00,0x00,0x00,0x00,
 252          0x00,0x00,0x00,0x00,0x1F,0x00,0x1F,0xFF,0xFF,0xC0,0x00,0x00,0x00,0x00,0x00,0x00,
 253          0x00,0x00,0x00,0x00,0x07,0x00,0x1F,0xFF,0xFF,0x80,0x00,0x00,0x00,0x00,0x00,0x00,
 254          0x00,0x00,0x00,0x00,0x0F,0x80,0x7F,0xFF,0xFF,0x80,0x00,0x00,0x00,0x00,0x00,0x00,
 255          0x00,0x00,0x00,0x00,0x07,0xE0,0x7F,0xFF,0xFF,0x00,0x00,0x00,0x00,0x00,0x00,0x00,
 256          0x00,0x00,0x00,0x00,0x03,0xF9,0xFF,0xFF,0xFF,0x80,0x00,0x00,0x00,0x00,0x00,0x00,
 257          0x00,0x00,0x00,0x00,0x05,0xF1,0xFF,0xFF,0xF4,0x00,0x00,0x00,0x00,0x00,0x00,0x00,
 258          0x00,0x00,0x00,0x00,0x00,0xE1,0xFF,0xFF,0xF0,0x00,0x00,0x00,0x00,0x00,0x00,0x00,
 259          0x00,0x00,0x00,0x00,0x01,0xE1,0xFF,0xFC,0xA0,0x00,0x00,0x00,0x00,0x00,0x00,0x00,
 260          0x00,0x00,0x00,0x00,0x05,0xC0,0x7F,0xFE,0x80,0x00,0x00,0x00,0x00,0x00,0x00,0x00,
 261          0x00,0x00,0x00,0x00,0x17,0x80,0x7F,0xFC,0x00,0x00,0x00,0x00,0x00,0x00,0x00,0x00,
 262          0x00,0x00,0x00,0x00,0x3F,0x00,0x5F,0xF0,0x00,0x00,0x00,0x00,0x00,0x00,0x00,0x00,
 263          0x00,0x00,0x00,0x00,0x1C,0x00,0xF8,0x40,0x00,0x00,0x00,0x00,0x00,0x00,0x00,0x00,
 264          0x00,0x00,0x00,0x00,0x38,0x00,0xE4,0x00,0x00,0x00,0x00,0x00,0x00,0x00,0x00,0x00,
 265          0x00,0x00,0x00,0x00,0x78,0x01,0xC8,0x00,0x00,0x00,0x00,0x00,0x00,0x00,0x00,0x00,
 266          0x00,0x00,0x00,0x00,0xF0,0x03,0xE0,0x00,0x00,0x00,0x00,0x00,0x00,0x00,0x00,0x00,
 267          0x00,0x00,0x00,0x00,0x70,0x07,0xC0,0x00,0x00,0x00,0x00,0x00,0x00,0x00,0x00,0x00,
 268          0x00,0x00,0x00,0x00,0xF0,0x0F,0x80,0x00,0x00,0x00,0x00,0x00,0x00,0x00,0x00,0x00,
 269          0x00,0x00,0x00,0x01,0xF0,0x1F,0x40,0x00,0x00,0x00,0x00,0x00,0x00,0x00,0x00,0x00,
 270          0x00,0x00,0x00,0x03,0xC0,0x3E,0x00,0x00,0x00,0x00,0x00,0x00,0x00,0x00,0x00,0x00,
 271          0x00,0x00,0x00,0x07,0x80,0xFC,0x00,0x00,0x00,0x00,0x00,0x00,0x00,0x00,0x00,0x00,
 272          0x00,0x00,0x00,0x03,0x80,0xF8,0x00,0x00,0x00,0x00,0x00,0x00,0x00,0x00,0x00,0x00,
 273          0x00,0x00,0x00,0x07,0x13,0xF4,0x00,0x00,0x00,0x00,0x00,0x00,0x00,0x00,0x00,0x00,
 274          0x00,0x00,0x00,0x07,0xBF,0xD0,0x00,0x00,0x00,0x00,0x00,0x00,0x00,0x00,0x00,0x00,
 275          0x00,0x00,0x00,0x01,0xFD,0x00,0x00,0x00,0x00,0x00,0x00,0x00,0x00,0x00,0x00,0x00,
 276          0x00,0x00,0x00,0x02,0xBC,0x00,0x00,0x00,0x00,0x00,0x00,0x00,0x00,0x00,0x00,0x00,
 277          0x00,0x00,0x00,0x04,0x08,0x00,0x00,0x00,0x00,0x00,0x00,0x00,0x00,0x00,0x00,0x00,
 278          0x00,0x00,0x00,0x00,0x00,0x00,0x00,0x00,0x00,0x00,0x00,0x00,0x00,0x00,0x00,0x00
 279          };
 280          
 281          
 282          
 283          
 284          uchar code table4[]={
 285          0x00,0x00,0x00,0x00,0x00,0x00,0x00,0x00,0x00,0x00,0x00,0x00,0x00,0x00,0x00,0x04,
 286          0x00,0x00,0x00,0x00,0x00,0x00,0x00,0x00,0x00,0x00,0x00,0x00,0x00,0x00,0x00,0x04,
 287          0x00,0x00,0x00,0x00,0x00,0x00,0x00,0x00,0x00,0x00,0x00,0x00,0x00,0x00,0x00,0x04,
 288          0x00,0x00,0x00,0x00,0x00,0x00,0x00,0x00,0x00,0x00,0x00,0x00,0x00,0x00,0x00,0x04,
 289          0x00,0x00,0x00,0x00,0x00,0x00,0x00,0x00,0x00,0x00,0x00,0x00,0x00,0x00,0x00,0x04,
 290          0x00,0x00,0x00,0x00,0x00,0x00,0x00,0x00,0x00,0x00,0x00,0x00,0x00,0x00,0x00,0x04,
 291          0x00,0x00,0x00,0x00,0x00,0x00,0x00,0x00,0x00,0x00,0x00,0x00,0x00,0x00,0x00,0x04,
 292          0x00,0x00,0x00,0x00,0x00,0x00,0x00,0x00,0x00,0x00,0x00,0x00,0x00,0x00,0x00,0x04,
 293          0x00,0x00,0x00,0x00,0x00,0x00,0x00,0x00,0x00,0x00,0x00,0x00,0x02,0xE8,0x00,0x04,
 294          0x00,0x00,0x00,0x00,0x00,0x00,0x00,0x00,0x00,0x00,0x00,0x00,0x28,0xE0,0x00,0x04,
 295          0x00,0x00,0x00,0x00,0x00,0x00,0x00,0x00,0x00,0x00,0x00,0x00,0xBF,0xF8,0x00,0x04,
 296          0x00,0x00,0x00,0x00,0x00,0x00,0x00,0x00,0x00,0x00,0x00,0xB1,0xFF,0xF8,0x00,0x04,
 297          0x00,0x00,0x00,0x00,0x00,0x00,0x00,0x00,0x00,0x00,0x01,0x3F,0xFB,0xFD,0x00,0x04,
 298          0x00,0x00,0x00,0x00,0x00,0x00,0x00,0x00,0x00,0x00,0x59,0xFE,0x0F,0x3E,0x00,0x04,
 299          0x00,0x00,0x00,0x00,0x00,0x00,0x00,0x00,0x00,0x00,0x3F,0xF0,0x30,0xFF,0x00,0x04,
 300          0x00,0x00,0x00,0x00,0x00,0x00,0x00,0x00,0x00,0x08,0xFF,0x80,0x00,0x0F,0x80,0x04,
 301          0x00,0x00,0x00,0x00,0x00,0x00,0x00,0x01,0x7F,0xFF,0xF8,0x00,0x00,0x0F,0x00,0x04,
 302          0x00,0x00,0x00,0x00,0x00,0x00,0x00,0x0C,0x7F,0xFF,0x80,0x00,0x00,0x3F,0x80,0x04,
C51 COMPILER V9.00   BMP                                                                   09/28/2015 21:22:05 PAGE 6   

 303          0x00,0x00,0x00,0x00,0x00,0x00,0x00,0x0D,0xFF,0xFC,0x18,0x00,0x00,0x3F,0x80,0x04,
 304          0x00,0x00,0x00,0x00,0x00,0x00,0x00,0xBF,0xC0,0x07,0xFC,0x00,0x03,0xFF,0x00,0x04,
 305          0x00,0x00,0x00,0x00,0x00,0x00,0x00,0x7C,0x1F,0xFF,0xF8,0x00,0x00,0xFE,0x80,0x04,
 306          0x00,0x00,0x00,0x00,0x00,0x00,0x00,0xF9,0xFF,0xFF,0xF0,0x00,0x07,0xFC,0x00,0x04,
 307          0x00,0x00,0x00,0x00,0x00,0x00,0x01,0xE7,0xFF,0xFF,0xE0,0x00,0x3F,0xFE,0x00,0x04,
 308          0x00,0x00,0x00,0x00,0x00,0x00,0x03,0xCF,0xFF,0xFD,0x80,0x00,0x03,0xF4,0x00,0x04,
 309          0x00,0x00,0x00,0x00,0x00,0x00,0x0B,0xBF,0xFF,0xFC,0x00,0x00,0x3F,0xC0,0x00,0x04,
 310          0x00,0x00,0x00,0x00,0x00,0x00,0x1F,0x7F,0xFF,0xF8,0x00,0x05,0xFF,0x20,0x00,0x04,
 311          0x00,0x00,0x00,0x00,0x00,0x00,0x9E,0xFF,0xFF,0xF0,0x00,0x00,0x7C,0x40,0x00,0x04,
 312          0x00,0x00,0x00,0x00,0x00,0x01,0xF9,0xFF,0xFF,0xC0,0x00,0x03,0xFE,0x00,0x00,0x04,
 313          0x00,0x00,0x00,0x00,0x00,0x09,0xF1,0xFF,0xFF,0xC0,0x00,0x07,0xC4,0x00,0x00,0x04,
 314          0x00,0x00,0x00,0x00,0x00,0x1F,0xC3,0xFF,0xFC,0x00,0x00,0x7F,0xC0,0x00,0x00,0x04,
 315          0x00,0x00,0x00,0x00,0x00,0x5F,0x03,0xFF,0xF0,0x00,0x00,0x7F,0x80,0x00,0x00,0x04,
 316          0x00,0x00,0x00,0x00,0x00,0xFC,0x07,0xFF,0xF8,0x00,0x01,0xFB,0x00,0x00,0x00,0x04,
 317          0x00,0x00,0x00,0x00,0x06,0xF0,0x1F,0xFF,0xF0,0x00,0x03,0xF8,0x00,0x00,0x00,0x04,
 318          0x00,0x00,0x00,0x00,0x07,0xE0,0x3F,0xFF,0xF0,0x00,0x17,0xF4,0x00,0x00,0x00,0x04,
 319          0x00,0x00,0x00,0x00,0x0F,0x80,0x7F,0xFF,0xF0,0x00,0x3F,0xA0,0x00,0x00,0x00,0x04,
 320          0x00,0x00,0x00,0x00,0x5F,0x00,0xFF,0xFF,0xF0,0x00,0xFF,0x00,0x00,0x00,0x00,0x04,
 321          0x00,0x00,0x00,0x00,0x7C,0x01,0xFF,0xFF,0xE9,0x3F,0xF2,0x00,0x00,0x00,0x00,0x04,
 322          0x00,0x00,0x00,0x00,0xF8,0x1F,0xFF,0xFF,0xFD,0xFF,0x80,0x00,0x00,0x00,0x00,0x04,
 323          0x00,0x00,0x00,0x00,0x38,0xFF,0xFF,0xFF,0xFF,0xF1,0x40,0x00,0x00,0x00,0x00,0x04,
 324          0x00,0x00,0x00,0x01,0xE8,0x3F,0xFF,0xFF,0xBF,0xD4,0x00,0x00,0x00,0x00,0x00,0x04,
 325          0x00,0x00,0x00,0x03,0xE0,0x1F,0xFF,0xFF,0xFE,0x80,0x00,0x00,0x00,0x00,0x00,0x04,
 326          0x00,0x00,0x00,0x01,0xE0,0x07,0xFF,0xFF,0xFE,0x00,0x00,0x00,0x00,0x00,0x00,0x04,
 327          0x00,0x00,0x00,0x03,0xC0,0x1F,0xFF,0xFF,0xBC,0x00,0x00,0x00,0x00,0x00,0x00,0x04,
 328          0x00,0x00,0x00,0x07,0xC0,0x39,0xFF,0xFD,0x08,0x00,0x00,0x00,0x00,0x00,0x00,0x04,
 329          0x00,0x00,0x00,0x1F,0x80,0x79,0x7F,0xC1,0x00,0x00,0x00,0x00,0x00,0x00,0x00,0x04,
 330          0x00,0x00,0x00,0x0F,0x00,0xF8,0x1C,0x24,0x00,0x00,0x00,0x00,0x00,0x00,0x00,0x04,
 331          0x00,0x00,0x00,0x1F,0x01,0xF0,0x2E,0x80,0x00,0x00,0x00,0x00,0x00,0x00,0x00,0x04,
 332          0x00,0x00,0x00,0x3E,0x03,0xF0,0x00,0x00,0x00,0x00,0x00,0x00,0x00,0x00,0x00,0x04,
 333          0x00,0x00,0x01,0xBC,0x07,0xC0,0x00,0x00,0x00,0x00,0x00,0x00,0x00,0x00,0x00,0x04,
 334          0x00,0x00,0x00,0x3E,0x0F,0x90,0x00,0x00,0x00,0x00,0x00,0x00,0x00,0x00,0x00,0x04,
 335          0x00,0x00,0x01,0xF6,0x3F,0xC0,0x00,0x00,0x00,0x00,0x00,0x00,0x00,0x00,0x00,0x04,
 336          0x00,0x00,0x03,0xFD,0xFE,0x80,0x00,0x00,0x00,0x00,0x00,0x00,0x00,0x00,0x00,0x04,
 337          0x00,0x00,0x07,0xFB,0xFC,0x00,0x00,0x00,0x00,0x00,0x00,0x00,0x00,0x00,0x00,0x04,
 338          0x00,0x00,0x03,0xFF,0xF4,0x00,0x00,0x00,0x00,0x00,0x00,0x00,0x00,0x00,0x00,0x04,
 339          0x00,0x00,0x07,0xFF,0xF0,0x00,0x00,0x00,0x00,0x00,0x00,0x00,0x00,0x00,0x00,0x04,
 340          0x00,0x00,0x07,0xFF,0x40,0x00,0x00,0x00,0x00,0x00,0x00,0x00,0x00,0x00,0x00,0x04,
 341          0x00,0x00,0x03,0xFE,0x00,0x00,0x00,0x00,0x00,0x00,0x00,0x00,0x00,0x00,0x00,0x04,
 342          0x00,0x00,0x05,0xD8,0x00,0x00,0x00,0x00,0x00,0x00,0x00,0x00,0x00,0x00,0x00,0x04,
 343          0x00,0x00,0x00,0x00,0x00,0x00,0x00,0x00,0x00,0x00,0x00,0x00,0x00,0x00,0x00,0x04,
 344          0x00,0x00,0x00,0x00,0x00,0x00,0x00,0x00,0x00,0x00,0x00,0x00,0x00,0x00,0x00,0x04,
 345          0x00,0x00,0x00,0x00,0x00,0x00,0x00,0x00,0x00,0x00,0x00,0x00,0x00,0x00,0x00,0x04,
 346          0x00,0x00,0x00,0x00,0x00,0x00,0x00,0x00,0x00,0x00,0x00,0x00,0x00,0x00,0x00,0x04,
 347          0x00,0x00,0x00,0x00,0x00,0x00,0x00,0x00,0x00,0x00,0x00,0x00,0x00,0x00,0x00,0x04,
 348          0x00,0x00,0x00,0x00,0x00,0x00,0x00,0x00,0x00,0x00,0x00,0x00,0x00,0x00,0x00,0x04
 349          };
 350          
 351          
 352          
 353          uchar code table5[]={
 354          0x10,0x00,0x00,0x00,0x00,0x00,0x00,0x00,0x00,0x00,0x00,0x00,0x00,0x00,0x00,0x02,
 355          0x10,0x00,0x00,0x00,0x00,0x00,0x00,0x00,0x00,0x00,0x00,0x00,0x00,0x00,0x00,0x02,
 356          0x10,0x00,0x00,0x00,0x00,0x00,0x00,0x00,0x00,0x00,0x00,0x00,0x00,0x00,0x00,0x02,
 357          0x10,0x00,0x00,0x00,0x00,0x00,0x00,0x00,0x00,0x00,0x00,0x00,0x00,0x00,0x00,0x02,
 358          0x10,0x00,0x00,0x00,0x00,0x00,0x00,0x00,0x00,0x00,0x00,0x00,0x00,0x00,0x00,0x02,
 359          0x10,0x00,0x00,0x00,0x00,0x00,0x00,0x00,0x00,0x00,0x00,0x00,0x00,0x00,0x00,0x02,
 360          0x10,0x00,0x00,0x00,0x00,0x00,0x00,0x00,0x00,0x00,0x00,0x00,0x00,0x00,0x00,0x02,
 361          0x10,0x00,0x00,0x00,0x00,0x00,0x00,0x00,0x00,0x00,0x00,0x00,0x00,0x00,0x00,0x02,
 362          0x10,0x00,0x00,0x00,0x00,0x00,0x00,0x00,0x00,0x00,0x00,0x00,0x00,0x00,0x00,0x02,
 363          0x10,0x00,0x00,0x00,0x00,0x00,0x00,0x00,0x00,0x00,0x00,0x00,0x00,0x00,0x00,0x02,
 364          0x10,0x00,0x00,0x00,0x00,0x00,0x00,0x00,0x00,0x00,0x00,0x00,0x00,0x00,0x00,0x02,
C51 COMPILER V9.00   BMP                                                                   09/28/2015 21:22:05 PAGE 7   

 365          0x10,0x00,0x00,0x00,0x00,0x00,0x00,0x00,0x00,0x00,0x00,0x00,0x00,0x00,0x00,0x02,
 366          0x10,0x00,0x00,0x00,0x00,0x00,0x00,0x00,0x00,0x00,0x00,0x00,0x00,0x00,0x00,0x02,
 367          0x10,0x00,0x00,0x00,0x00,0x00,0x00,0x00,0x00,0x00,0x00,0x00,0x00,0x00,0x00,0x02,
 368          0x10,0x00,0x00,0x00,0x00,0x00,0x00,0x00,0x00,0x00,0x00,0x00,0x00,0x00,0x00,0x02,
 369          0x10,0x00,0x00,0x00,0x00,0x00,0x00,0x00,0x00,0x00,0x00,0x00,0x00,0x00,0x00,0x02,
 370          0x10,0x00,0x00,0x00,0x00,0x00,0x00,0x00,0x07,0xBF,0x40,0x00,0x00,0x00,0x00,0x02,
 371          0x10,0x00,0x00,0x00,0x00,0x00,0x00,0x00,0x03,0xFF,0xE0,0x00,0x00,0x00,0x00,0x02,
 372          0x10,0x00,0x00,0x00,0x00,0x00,0x00,0x00,0x0F,0xC0,0xF0,0x00,0x00,0x00,0x00,0x02,
 373          0x10,0x00,0x00,0x00,0x00,0x00,0x00,0x00,0x1F,0x82,0xF8,0x00,0x00,0x00,0x00,0x02,
 374          0x10,0x00,0x00,0x00,0x00,0x00,0x00,0x00,0x5E,0x0F,0xFC,0x00,0x00,0x00,0x00,0x02,
 375          0x10,0x00,0x00,0x00,0x00,0x00,0x00,0x07,0xDC,0x0E,0xF8,0x00,0x00,0x00,0x00,0x02,
 376          0x10,0x00,0x00,0x00,0x00,0x00,0x00,0xBF,0xF0,0x09,0xFC,0x00,0x00,0x00,0x00,0x02,
 377          0x10,0x00,0x00,0x00,0x00,0x00,0x03,0xFF,0xC0,0x03,0xFF,0xA0,0x00,0x00,0x00,0x02,
 378          0x10,0x00,0x00,0x00,0x00,0x00,0x03,0xF0,0x00,0x0F,0xFF,0xF8,0x00,0x00,0x19,0x02,
 379          0x10,0x00,0x00,0x00,0x00,0x00,0x0F,0xC0,0x00,0x1F,0xFF,0xF0,0x00,0x00,0xDF,0xE2,
 380          0x10,0x00,0x00,0x00,0x00,0x00,0x2F,0x80,0x00,0x1F,0xFF,0xFF,0xEF,0x56,0xFF,0xC2,
 381          0x10,0x00,0x00,0x00,0x00,0x01,0x7C,0x00,0x00,0x00,0x01,0xFF,0xFF,0xFF,0xFB,0xE2,
 382          0x10,0x00,0x00,0x00,0x00,0x03,0xF8,0x00,0x00,0x00,0x00,0x7F,0xFF,0xFF,0xE7,0xF2,
 383          0x10,0x00,0x00,0x00,0x00,0x13,0xC0,0x00,0x00,0x00,0x00,0x00,0x00,0x00,0x0F,0xFE,
 384          0x10,0x00,0x00,0x00,0x00,0x3F,0x80,0x00,0x00,0x00,0x00,0x00,0x00,0x00,0x1F,0xFE,
 385          0x10,0x00,0x00,0x00,0x00,0x7E,0x00,0x00,0x10,0x00,0x00,0x00,0x00,0x00,0x03,0xC6,
 386          0x10,0x00,0x00,0x00,0x00,0xF8,0x00,0x00,0xF7,0xA0,0x20,0x00,0x00,0x00,0x00,0x0E,
 387          0x10,0x00,0x00,0x00,0x02,0xF0,0x00,0x03,0xFF,0xFE,0x20,0x00,0x00,0x00,0x00,0x3E,
 388          0x10,0x00,0x00,0x00,0x07,0xC0,0x00,0x1F,0xFF,0xFE,0x80,0x00,0x00,0x00,0x03,0xFE,
 389          0x10,0x00,0x00,0x00,0x1F,0x80,0x00,0x7F,0xFF,0xFC,0x71,0x00,0x00,0x00,0x00,0x0E,
 390          0x10,0x00,0x00,0x00,0x5E,0x02,0x31,0xFF,0xFF,0xE8,0x30,0x00,0x00,0x00,0x00,0x1E,
 391          0x10,0x00,0x00,0x00,0x3C,0x3F,0xFF,0xFF,0xFF,0x96,0x03,0x00,0x00,0x00,0x01,0xFE,
 392          0x10,0x00,0x00,0x00,0xF8,0x0F,0xFF,0xFF,0xE3,0xFE,0x11,0x80,0x00,0x00,0x0F,0xFE,
 393          0x10,0x00,0x00,0x00,0x78,0x01,0x3F,0xFF,0xE1,0xFF,0x00,0x40,0x00,0x00,0x00,0x7E,
 394          0x10,0x00,0x00,0x00,0xF0,0x00,0x43,0xFB,0xF0,0x3F,0xC0,0x40,0x00,0x00,0x03,0xFA,
 395          0x10,0x00,0x00,0x03,0xF0,0x07,0xCC,0x00,0xFF,0x8F,0x01,0x20,0x00,0x00,0xFF,0xD2,
 396          0x10,0x00,0x00,0x03,0xE0,0x3F,0xFF,0x0D,0xFF,0xFE,0x00,0x90,0x00,0x00,0x04,0x52,
 397          0x10,0x00,0x00,0x03,0xE0,0x7F,0xFF,0x01,0xFF,0x58,0x00,0x00,0x00,0x07,0xFE,0x02,
 398          0x10,0x00,0x00,0x07,0xC0,0xE6,0xFE,0x01,0xFE,0x0C,0x00,0x04,0x00,0x03,0xFC,0x02,
 399          0x10,0x00,0x00,0x0F,0x83,0xE0,0x4F,0xF7,0xE0,0x20,0x00,0x01,0x4B,0xFF,0xFA,0x02,
 400          0x10,0x00,0x00,0x17,0x07,0xC8,0x81,0xFF,0xE3,0xF2,0x01,0xFF,0xFF,0xFF,0xD0,0x02,
 401          0x10,0x00,0x00,0x07,0x0F,0x80,0x00,0x7F,0xFF,0xFF,0xF1,0xFF,0xFF,0xFF,0x80,0x02,
 402          0x10,0x00,0x00,0x2E,0x3F,0x00,0x03,0x81,0xFF,0xFF,0xFF,0xFF,0xF3,0xE7,0x40,0x02,
 403          0x10,0x00,0x01,0xF8,0x7B,0x80,0x00,0x01,0x7F,0x77,0xFF,0xFF,0xD8,0x80,0x00,0x02,
 404          0x10,0x00,0x00,0xF1,0xF8,0x00,0x00,0x00,0x01,0x12,0x80,0x02,0x10,0x00,0x00,0x02,
 405          0x10,0x00,0x03,0xEB,0xF0,0x00,0x00,0x00,0x00,0x00,0x00,0x00,0x00,0x00,0x00,0x02,
 406          0x10,0x00,0x01,0xE7,0xE8,0x00,0x00,0x00,0x00,0x00,0x00,0x00,0x00,0x00,0x00,0x02,
 407          0x10,0x00,0x03,0xFF,0xE0,0x00,0x00,0x00,0x00,0x00,0x00,0x00,0x00,0x00,0x00,0x02,
 408          0x10,0x00,0x03,0xFF,0x00,0x00,0x00,0x00,0x00,0x00,0x00,0x00,0x00,0x00,0x00,0x02,
 409          0x10,0x00,0x01,0x7A,0x00,0x00,0x00,0x00,0x00,0x00,0x00,0x00,0x00,0x00,0x00,0x02,
 410          0x10,0x00,0x02,0x08,0x00,0x00,0x00,0x00,0x00,0x00,0x00,0x00,0x00,0x00,0x00,0x02,
 411          0x10,0x00,0x00,0x00,0x00,0x00,0x00,0x00,0x00,0x00,0x00,0x00,0x00,0x00,0x00,0x02,
 412          0x10,0x00,0x00,0x00,0x00,0x00,0x00,0x00,0x00,0x00,0x00,0x00,0x00,0x00,0x00,0x02,
 413          0x10,0x00,0x00,0x00,0x00,0x00,0x00,0x00,0x00,0x00,0x00,0x00,0x00,0x00,0x00,0x02,
 414          0x10,0x00,0x00,0x00,0x00,0x00,0x00,0x00,0x00,0x00,0x00,0x00,0x00,0x00,0x00,0x02,
 415          0x10,0x00,0x00,0x00,0x00,0x00,0x00,0x00,0x00,0x00,0x00,0x00,0x00,0x00,0x00,0x02,
 416          0x10,0x00,0x00,0x00,0x00,0x00,0x00,0x00,0x00,0x00,0x00,0x00,0x00,0x00,0x00,0x02,
 417          0x10,0x00,0x00,0x00,0x00,0x00,0x00,0x00,0x00,0x00,0x00,0x00,0x00,0x00,0x00,0x02
 418          };


MODULE INFORMATION:   STATIC OVERLAYABLE
   CODE SIZE        =   ----    ----
   CONSTANT SIZE    =   6144    ----
   XDATA SIZE       =   ----    ----
   PDATA SIZE       =   ----    ----
   DATA SIZE        =   ----    ----
C51 COMPILER V9.00   BMP                                                                   09/28/2015 21:22:05 PAGE 8   

   IDATA SIZE       =   ----    ----
   BIT SIZE         =   ----    ----
END OF MODULE INFORMATION.


C51 COMPILATION COMPLETE.  0 WARNING(S),  0 ERROR(S)
