C51 COMPILER V9.00   LCD12864                                                              09/28/2015 21:22:05 PAGE 1   


C51 COMPILER V9.00, COMPILATION OF MODULE LCD12864
OBJECT MODULE PLACED IN .\output\lcd12864.obj
COMPILER INVOKED BY: d:\Keil4\C51\BIN\C51.EXE lcd12864.c BROWSE DEBUG OBJECTEXTEND PRINT(.\list\lcd12864.lst) OBJECT(.\o
                    -utput\lcd12864.obj)

line level    source

   1          #include "lcd12864.h"
   2          #include "delay.h"
   3          
   4          
   5          void write_com(uchar com)//写命令
   6          {
   7   1              rs=0;//写命令
   8   1              rw=0;//写操作
   9   1              en=1; //下降沿写入数据
  10   1              DATAPORT=com;//写命令数据
  11   1              delayms(1);//等待数据稳定
  12   1              en=0;
  13   1      }
  14          
  15          
  16          void write_data(uchar dat)//写数据
  17          {
  18   1              rs=1;//写数据
  19   1              rw=0;//写操作
  20   1              en=1; //下降沿写入数据
  21   1              DATAPORT=dat;//写数据数据
  22   1              delayms(1);//等待数据稳定
  23   1              en=0;
  24   1      }
  25          
  26          
  27          void init_lcd12864(void)//初始化
  28          {
  29   1      //      beiguang=1;
  30   1              PSB=1;            //选择并行
  31   1              write_com(0x36);  //基本设置
  32   1              delayms(5); 
  33   1              write_com(0x3e);  //显示开,游标关
  34   1              delayms(5);
  35   1              write_com(0x01);  //显示清零
  36   1              delayms(5);             
  37   1      }
  38          
  39          
  40          void display_bmp(uchar *address)        
  41          {
  42   1              uchar i,j;
  43   1              write_com(0x34);
  44   1              for(i=0;i<32;i++)               
  45   1              {
  46   2                      write_com(0x80+i);//先送垂直地址 
  47   2                      write_com(0x80);  //再送水平地址 ----显示图片的上半部分 
  48   2                      for(j=0;j<16;j++)
  49   2                      {
  50   3                              write_data(*address);
  51   3                              address++;
  52   3                      }
  53   2              }
  54   1              for(i=0;i<32;i++)
C51 COMPILER V9.00   LCD12864                                                              09/28/2015 21:22:05 PAGE 2   

  55   1              {
  56   2                      write_com(0x80+i);      //先送垂直地址
  57   2                      write_com(0x88);        //显示图片的下半部分 
  58   2                      for(j=0;j<16;j++)
  59   2                      {
  60   3                              write_data(*address);
  61   3                              address++;                      //指针地址指向下个位置 
  62   3                      }
  63   2              }
  64   1              write_com(0x36);
  65   1      }
  66          
  67          
  68          
  69          void clear_bmp_RAM()//清除图片显示RAM区的数据，与清屏指令write_LCD_command(0x01)不同 
  70          {
  71   1              uchar i,j;
  72   1      //      write_com(0x34);
  73   1              for(i=0;i<32;i++)
  74   1              {
  75   2                      write_com(0x80+i);
  76   2                      write_com(0x80);
  77   2                      for(j=0;j<16;j++)
  78   2                      {
  79   3                              write_data(0);//清0 
  80   3                      }
  81   2              }
  82   1              
  83   1              for(i=0;i<32;i++)
  84   1              {
  85   2                      write_com(0x80+i);
  86   2                      write_com(0x88);
  87   2                      for(j=0;j<16;j++)
  88   2                      {
  89   3                              write_data(0);//清0
  90   3                      }
  91   2              }
  92   1      //      write_com(0x36);        
  93   1      }


MODULE INFORMATION:   STATIC OVERLAYABLE
   CODE SIZE        =    282    ----
   CONSTANT SIZE    =   ----    ----
   XDATA SIZE       =   ----    ----
   PDATA SIZE       =   ----    ----
   DATA SIZE        =   ----       7
   IDATA SIZE       =   ----    ----
   BIT SIZE         =   ----    ----
END OF MODULE INFORMATION.


C51 COMPILATION COMPLETE.  0 WARNING(S),  0 ERROR(S)
