C51 COMPILER V9.00   MAIN                                                                  09/28/2015 21:22:05 PAGE 1   


C51 COMPILER V9.00, COMPILATION OF MODULE MAIN
OBJECT MODULE PLACED IN .\output\main.obj
COMPILER INVOKED BY: d:\Keil4\C51\BIN\C51.EXE main.c BROWSE DEBUG OBJECTEXTEND PRINT(.\list\main.lst) OBJECT(.\output\ma
                    -in.obj)

line level    source

   1          #include "common.h"
   2          #include "lcd12864.h"
   3          #include "delay.h"
   4          #include "bmp.h"
   5          
   6          
   7          void main (void)
   8          {
   9   1              init_lcd12864();
  10   1              while(1)
  11   1              {
  12   2                      display_bmp(table1);
  13   2                      delayms(500);
  14   2                      display_bmp(table2);
  15   2                      delayms(500);
  16   2                      display_bmp(table3);
  17   2                      delayms(500);
  18   2                      display_bmp(table4);
  19   2                      delayms(500);
  20   2                      display_bmp(table5);
  21   2                      delayms(500);
  22   2      //              delayms(5000); 
  23   2      //              clear_bmp_RAM();//Çå³ýRAMÇø 
  24   2              }
  25   1      }
  26          
  27          
  28          


MODULE INFORMATION:   STATIC OVERLAYABLE
   CODE SIZE        =     85    ----
   CONSTANT SIZE    =   ----    ----
   XDATA SIZE       =   ----    ----
   PDATA SIZE       =   ----    ----
   DATA SIZE        =   ----    ----
   IDATA SIZE       =   ----    ----
   BIT SIZE         =   ----    ----
END OF MODULE INFORMATION.


C51 COMPILATION COMPLETE.  0 WARNING(S),  0 ERROR(S)
