C51 COMPILER V9.00   第一个LED灯亮                                                         11/17/2014 22:51:50 PAGE 1   


C51 COMPILER V9.00, COMPILATION OF MODULE 第一个LED灯亮
OBJECT MODULE PLACED IN 第一个LED灯亮.OBJ
COMPILER INVOKED BY: d:\Keil\C51\BIN\C51.EXE 第一个LED灯亮.c BROWSE DEBUG OBJECTEXTEND

line level    source

   1          #include<reg52.h>
   2          sbit led1=P0^0;
   3          void main(void)
   4          {
   5   1              led1=0;
   6   1      }


MODULE INFORMATION:   STATIC OVERLAYABLE
   CODE SIZE        =      3    ----
   CONSTANT SIZE    =   ----    ----
   XDATA SIZE       =   ----    ----
   PDATA SIZE       =   ----    ----
   DATA SIZE        =   ----    ----
   IDATA SIZE       =   ----    ----
   BIT SIZE         =   ----    ----
END OF MODULE INFORMATION.


C51 COMPILATION COMPLETE.  0 WARNING(S),  0 ERROR(S)
