C51 COMPILER V9.54   LCD1602                                                               03/27/2017 16:49:57 PAGE 1   


C51 COMPILER V9.54, COMPILATION OF MODULE LCD1602
OBJECT MODULE PLACED IN .\output\lcd1602.obj
COMPILER INVOKED BY: D:\Keil_v5\C51\BIN\C51.EXE lcd1602.c BROWSE DEBUG OBJECTEXTEND PRINT(.\list\lcd1602.lst) TABS(2) OB
                    -JECT(.\output\lcd1602.obj)

line level    source

   1          #include "lcd1602.h"
   2          #include "delay.h"
   3          
   4          
   5          void write_com(uchar com)//写命令
   6          {
   7   1        rs=0;//写命令
   8   1        rw=0;//写操作
   9   1        en=1; //下降沿写入数据
  10   1        DATAPORT=com;//写命令数据
  11   1        delayms(5);//等待数据稳定
  12   1        en=0;
  13   1      }
  14          
  15          
  16          void write_data(uchar dat)//写数据
  17          {
  18   1        rs=1;//写数据
  19   1        rw=0;//写操作
  20   1        en=1; //下降沿写入数据
  21   1        DATAPORT=dat;//写数据数据
  22   1        delayms(5);//等待数据稳定
  23   1        en=0;
  24   1      }
  25          
  26          
  27          void init_lcd1602(void)
  28          {
  29   1        write_com(0x01);//清屏
  30   1        write_com(0x06);//输入方式设置
  31   1        write_com(0X38);//显示模式设置
  32   1        write_com(0x0c);//显示开关控制  
  33   1      } 
  34          
  35          
  36          void write_char(uchar x,uchar y,char z)
  37          {
  38   1        if(y==0)
  39   1        {
  40   2          write_com(0x80+x);
  41   2        }
  42   1        else if(y==1) 
  43   1        {
  44   2          write_com(0x80+0x40+x); 
  45   2        }
  46   1        write_data(z);
  47   1      }
  48          
  49          
  50          void write_string(uchar x,uchar y,char *z)
  51          {
  52   1        if(y==0)
  53   1        {
  54   2          write_com(0x80+x);
C51 COMPILER V9.54   LCD1602                                                               03/27/2017 16:49:57 PAGE 2   

  55   2        }
  56   1        else if(y==1) 
  57   1        {
  58   2          write_com(0x80+0x40+x); 
  59   2        }
  60   1        while(*z)
  61   1        {
  62   2          write_data(*z);
  63   2          z++;
  64   2        }
  65   1      }
  66          
  67          
  68          
  69          void display_distance(ulong number)
  70          {
  71   1        uchar baiwei,shiwei,gewei,xiaoshu;
  72   1        if(number>3000&&number<450000)           //测量距离范围3cm~4.5m
  73   1        {
  74   2          baiwei=number/100000;
  75   2          shiwei=number%100000/10000;
  76   2          gewei=number%10000/1000;
  77   2          xiaoshu=number%1000/100;
  78   2          write_char(0,0,baiwei+0x30);
  79   2          write_char(1,0,shiwei+0x30);
  80   2          write_char(2,0,gewei+0x30);
  81   2          write_char(3,0,'.');
  82   2          write_char(4,0,xiaoshu+0x30);
  83   2          write_char(5,0,'c');
  84   2          write_char(6,0,'m');
  85   2        }
  86   1        else
  87   1        {
  88   2          write_string(0,0,"error       ");
  89   2        }
  90   1      }
  91          
  92          
  93          
  94          
  95          


MODULE INFORMATION:   STATIC OVERLAYABLE
   CODE SIZE        =    419    ----
   CONSTANT SIZE    =     13    ----
   XDATA SIZE       =   ----    ----
   PDATA SIZE       =   ----    ----
   DATA SIZE        =   ----      16
   IDATA SIZE       =   ----    ----
   BIT SIZE         =   ----    ----
END OF MODULE INFORMATION.


C51 COMPILATION COMPLETE.  0 WARNING(S),  0 ERROR(S)
