C51 COMPILER V9.54   MAIN                                                                  03/27/2017 16:49:57 PAGE 1   


C51 COMPILER V9.54, COMPILATION OF MODULE MAIN
OBJECT MODULE PLACED IN .\output\main.obj
COMPILER INVOKED BY: D:\Keil_v5\C51\BIN\C51.EXE main.c BROWSE DEBUG OBJECTEXTEND PRINT(.\list\main.lst) TABS(2) OBJECT(.
                    -\output\main.obj)

line level    source

   1          #include "delay.h"
   2          #include "us100.h"
   3          #include "lcd1602.h"
   4          
   5          
   6          
   7          
   8          
   9          
  10          void main(void)
  11          {
  12   1        ulong num;
  13   1        init_lcd1602();
  14   1        while(1)
  15   1        {
  16   2          num=Dianping_distance();
  17   2          display_distance(num);
  18   2          delayms(500);
  19   2        }
  20   1      }
  21          
  22          
  23          


MODULE INFORMATION:   STATIC OVERLAYABLE
   CODE SIZE        =     26    ----
   CONSTANT SIZE    =   ----    ----
   XDATA SIZE       =   ----    ----
   PDATA SIZE       =   ----    ----
   DATA SIZE        =   ----       4
   IDATA SIZE       =   ----    ----
   BIT SIZE         =   ----    ----
END OF MODULE INFORMATION.


C51 COMPILATION COMPLETE.  0 WARNING(S),  0 ERROR(S)
