C51 COMPILER V9.54   US100                                                                 03/27/2017 16:49:57 PAGE 1   


C51 COMPILER V9.54, COMPILATION OF MODULE US100
OBJECT MODULE PLACED IN .\output\us100.obj
COMPILER INVOKED BY: D:\Keil_v5\C51\BIN\C51.EXE us100.c BROWSE DEBUG OBJECTEXTEND PRINT(.\list\us100.lst) TABS(2) OBJECT
                    -(.\output\us100.obj)

line level    source

   1          #include "us100.h"
   2          
   3          
   4          
   5          void init_timer1(void)
   6          {
   7   1        TMOD=0x11;//定时器1工作模式1
   8   1        TCON=0X00;//关闭定时器1
   9   1        TH1=0;//赋初值
  10   1        TL1=0;//赋初值
  11   1        ET1=1;//定时器1中断允许位
  12   1        EA=1;//总中断允许位
  13   1      }
  14          
  15          
  16          
  17          ulong Dianping_distance(void)
  18          {
  19   1        uchar i;
  20   1        uint time;
  21   1        ulong distance; 
  22   1        init_timer1();
  23   1        //Trig/TX管脚输入一个10us以上的高电平 
  24   1        Trig_Pin=0;
  25   1        for(i=0;i<10;i++)
  26   1        {
  27   2          Trig_Pin=1;
  28   2        }
  29   1        Trig_Pin=0;
  30   1        //Echo/RX管脚输出
  31   1        while(1)
  32   1        {
  33   2          if(Echo_Pin==1)
  34   2          {
  35   3            TCON=0X40;//启动定时器1,开始计数  
  36   3            break;
  37   3          }
  38   2        }
  39   1        while(1)
  40   1        {
  41   2          if(Echo_Pin==0)
  42   2          {
  43   3            TCON=0X00;//关闭定时器1
  44   3            break;
  45   3          }
  46   2        }
  47   1        time=(TH1<<8)+TL1;//计算定时器计数时间  单位：us
  48   1        distance=time*0.017*1000;//  1distance==1000cm
  49   1        return distance;
  50   1      }
  51          
  52          
  53          
  54          
C51 COMPILER V9.54   US100                                                                 03/27/2017 16:49:57 PAGE 2   

  55          


MODULE INFORMATION:   STATIC OVERLAYABLE
   CODE SIZE        =     77    ----
   CONSTANT SIZE    =   ----    ----
   XDATA SIZE       =   ----    ----
   PDATA SIZE       =   ----    ----
   DATA SIZE        =   ----    ----
   IDATA SIZE       =   ----    ----
   BIT SIZE         =   ----    ----
END OF MODULE INFORMATION.


C51 COMPILATION COMPLETE.  0 WARNING(S),  0 ERROR(S)
