C51 COMPILER V9.00   CHANGE                                                                10/28/2015 21:30:43 PAGE 1   


C51 COMPILER V9.00, COMPILATION OF MODULE CHANGE
OBJECT MODULE PLACED IN .\output\change.obj
COMPILER INVOKED BY: D:\Keil\C51\BIN\C51.EXE change.c BROWSE DEBUG OBJECTEXTEND PRINT(.\list\change.lst) OBJECT(.\output
                    -\change.obj)

line level    source

   1          #include "change.h"
   2          #include "IIC.h"
   3          
   4          
   5          //整数类型转化为字符类型(字符串)
   6          void change(uchar *s,int temp)
   7          {
   8   1              if(temp<0)
   9   1              {
  10   2                      temp=-temp;
  11   2                      *s='-';
  12   2              }
  13   1              else
  14   1              {
  15   2                      *s=' ';
  16   2              }
  17   1              *++s =temp/100+0x30;
  18   1              temp=temp%100;
  19   1              *++s =temp/10+0x30;
  20   1              temp=temp%10;
  21   1              *++s =temp+0x30;        
  22   1      }
  23          
  24          
  25          
  26          //合成数据
  27          int hecheng_data(uchar address)
  28          {
  29   1              char H,L;
  30   1              H=Single_ReadIIC(address);
  31   1              L=Single_ReadIIC(address+1);
  32   1              return (H<<8)+L;   //合成数据
  33   1      }


MODULE INFORMATION:   STATIC OVERLAYABLE
   CODE SIZE        =    197    ----
   CONSTANT SIZE    =   ----    ----
   XDATA SIZE       =   ----    ----
   PDATA SIZE       =   ----    ----
   DATA SIZE        =   ----       7
   IDATA SIZE       =   ----    ----
   BIT SIZE         =   ----    ----
END OF MODULE INFORMATION.


C51 COMPILATION COMPLETE.  0 WARNING(S),  0 ERROR(S)
