C51 COMPILER V9.00   LCD1602                                                               10/28/2015 21:30:43 PAGE 1   


C51 COMPILER V9.00, COMPILATION OF MODULE LCD1602
OBJECT MODULE PLACED IN .\output\lcd1602.obj
COMPILER INVOKED BY: D:\Keil\C51\BIN\C51.EXE lcd1602.c BROWSE DEBUG OBJECTEXTEND PRINT(.\list\lcd1602.lst) OBJECT(.\outp
                    -ut\lcd1602.obj)

line level    source

   1          #include "lcd1602.h"
   2          #include "delay.h"
   3          #include "change.h"
   4          
   5          uchar shuju[4];
   6          
   7          void write_com(uchar com)//写命令
   8          {
   9   1              rs=0;//写命令
  10   1              rw=0;//写操作
  11   1              en=1; //下降沿写入数据
  12   1              DATAPORT=com;//写命令数据
  13   1              delayms(5);//等待数据稳定
  14   1              en=0;
  15   1      }
  16          
  17          
  18          void write_data(uchar dat)//写数据
  19          {
  20   1              rs=1;//写数据
  21   1              rw=0;//写操作
  22   1              en=1; //下降沿写入数据
  23   1              DATAPORT=dat;//写数据数据
  24   1              delayms(5);//等待数据稳定
  25   1              en=0;
  26   1      }
  27          
  28          
  29          void init_lcd1602(void)
  30          {
  31   1              write_com(0x01);//清屏
  32   1              write_com(0x06);//输入方式设置
  33   1              write_com(0X38);//显示模式设置
  34   1              write_com(0x0c);//显示开关控制  
  35   1      } 
  36          
  37          
  38          
  39          
  40          void write_string(uchar x,uchar y,char *z)
  41          {
  42   1              if(y==0)
  43   1              {
  44   2                      write_com(0x80+x);
  45   2              }
  46   1              else if(y==1) 
  47   1              {
  48   2                      write_com(0x80+0x40+x); 
  49   2              } 
  50   1              while(*z)
  51   1              {
  52   2                      write_data(*z);
  53   2                      z++;
  54   2              }
C51 COMPILER V9.00   LCD1602                                                               10/28/2015 21:30:43 PAGE 2   

  55   1      }
  56          
  57          
  58          
  59          void display(uchar x,uchar y,int value)
  60          {
  61   1              value=value/64;
  62   1              change(shuju,value);
  63   1              write_string(x,y,shuju);
  64   1      }


MODULE INFORMATION:   STATIC OVERLAYABLE
   CODE SIZE        =    159    ----
   CONSTANT SIZE    =   ----    ----
   XDATA SIZE       =   ----    ----
   PDATA SIZE       =   ----    ----
   DATA SIZE        =      4       7
   IDATA SIZE       =   ----    ----
   BIT SIZE         =   ----    ----
END OF MODULE INFORMATION.


C51 COMPILATION COMPLETE.  0 WARNING(S),  0 ERROR(S)
