C51 COMPILER V9.54   DELAY                                                                 04/26/2016 11:08:22 PAGE 1   


C51 COMPILER V9.54, COMPILATION OF MODULE DELAY
OBJECT MODULE PLACED IN .\output\delay.obj
COMPILER INVOKED BY: D:\Keil_v5\C51\BIN\C51.EXE delay.c BROWSE DEBUG OBJECTEXTEND PRINT(.\list\delay.lst) TABS(2) OBJECT
                    -(.\output\delay.obj)

line level    source

   1          #include "delay.h"
   2          
   3          void delayms(uint xms)
   4          {
   5   1        uint i,j;
   6   1        for(i=xms;i>0;i--)
   7   1          for(j=114;j>0;j--);
   8   1      }
   9          
  10          
  11          
  12          


MODULE INFORMATION:   STATIC OVERLAYABLE
   CODE SIZE        =     30    ----
   CONSTANT SIZE    =   ----    ----
   XDATA SIZE       =   ----    ----
   PDATA SIZE       =   ----    ----
   DATA SIZE        =   ----    ----
   IDATA SIZE       =   ----    ----
   BIT SIZE         =   ----    ----
END OF MODULE INFORMATION.


C51 COMPILATION COMPLETE.  0 WARNING(S),  0 ERROR(S)
