C51 COMPILER V9.54   MAIN                                                                  04/26/2016 11:08:22 PAGE 1   


C51 COMPILER V9.54, COMPILATION OF MODULE MAIN
OBJECT MODULE PLACED IN .\output\main.obj
COMPILER INVOKED BY: D:\Keil_v5\C51\BIN\C51.EXE main.c BROWSE DEBUG OBJECTEXTEND PRINT(.\list\main.lst) TABS(2) OBJECT(.
                    -\output\main.obj)

line level    source

   1          #include "delay.h"
   2          #include "lcd1602.h"
   3          
   4          
   5          
   6          
   7          uchar GLengthHigh,GLengthLow,GTempera,LastRcvData,RcvIndex;
   8          uint PreLength;
   9          
  10          
  11          
  12          
  13          
  14          void init_UART(void)//波特率9600
  15          { 
  16   1        TMOD=0x20;//设定T1计时器工作方式2
  17   1        TH1=0xfd;//装初值
  18   1        TL1=0xfd;//装初值
  19   1        TR1=1;//启动计时器
  20   1        SM0=0;
  21   1        SM1=1;//设定串口工作方式1
  22   1        REN=1;//允许串口接收
  23   1        EA=1;//开总中断
  24   1        ES=1;//开串口中断
  25   1      }
  26          
  27          
  28          
  29          
  30          
  31          
  32          void UART_Send(uchar dat)         
  33          {
  34   1        SBUF=dat;
  35   1        while(!TI); 
  36   1        TI=0;   
  37   1      }
  38          
  39          
  40          
  41          
  42          
  43          
  44          void MeterTempByUART(void)    //Trig/TX管脚输入0x50
  45          {
  46   1        RcvIndex=100;
  47   1        UART_Send(0X50);
  48   1      }
  49          
  50          
  51          
  52          
  53          void main(void)
  54          {
C51 COMPILER V9.54   MAIN                                                                  04/26/2016 11:08:22 PAGE 2   

  55   1        init_UART();
  56   1        init_lcd1602();
  57   1        while(1)
  58   1        {
  59   2          MeterTempByUART();
  60   2          display_temperature(GTempera);
  61   2          delayms(500);
  62   2        }
  63   1      }
  64          
  65          
  66          
  67          
  68            
  69          void UART_Receive(void) interrupt 4    //Echo/RX管脚输出
  70          {   
  71   1        if(RI)
  72   1        {
  73   2          RI=0;
  74   2          LastRcvData=SBUF;
  75   2          if(RcvIndex==0)
  76   2          {
  77   3            GLengthHigh=LastRcvData;
  78   3            RcvIndex++;
  79   3          }
  80   2          else if(RcvIndex==1)
  81   2          {
  82   3            GLengthLow=LastRcvData;
  83   3            RcvIndex=150;
  84   3          }
  85   2          else if(RcvIndex==100)
  86   2          {
  87   3            GTempera=LastRcvData;
  88   3            RcvIndex++;
  89   3          }   
  90   2        } 
  91   1      }
  92          
  93          
  94          
  95          
  96          
  97          


MODULE INFORMATION:   STATIC OVERLAYABLE
   CODE SIZE        =    112    ----
   CONSTANT SIZE    =   ----    ----
   XDATA SIZE       =   ----    ----
   PDATA SIZE       =   ----    ----
   DATA SIZE        =      7    ----
   IDATA SIZE       =   ----    ----
   BIT SIZE         =   ----    ----
END OF MODULE INFORMATION.


C51 COMPILATION COMPLETE.  0 WARNING(S),  0 ERROR(S)
