C51 COMPILER V9.54   MAIN                                                                  04/19/2016 09:04:56 PAGE 1   


C51 COMPILER V9.54, COMPILATION OF MODULE MAIN
OBJECT MODULE PLACED IN .\output\main.obj
COMPILER INVOKED BY: D:\Keil_v5\C51\BIN\C51.EXE main.c BROWSE DEBUG OBJECTEXTEND PRINT(.\list\main.lst) TABS(2) OBJECT(.
                    -\output\main.obj)

line level    source

   1          #include "common.h"
   2          #include "gsm.h"
   3          #include"delay.h"
   4          
   5          void init_ck(void)
   6          {
   7   1        SCON = 0x50 ;  //SCON: serail mode 1, 8-bit UART, enable ucvr
   8   1          //UART为模式1，8位数据，允许接收
   9   1          TMOD |= 0x20 ; //TMOD: timer 1, mode 2, 8-bit reload
  10   1          //定时器1为模式2,8位自动重装
  11   1          PCON |= 0x80 ; //SMOD=1;
  12   1          TH1 = 0xFA ;   //Baud:9600 fosc="11".0592MHz
  13   1          TL1=0xFA;
  14   1          IE |= 0x90 ;     //Enable Serial Interrupt
  15   1          TR1 = 1 ;       // timer 1 run
  16   1          TI=1;
  17   1          ES=1; 
  18   1      }
  19          
  20          void main(void)
  21          {
  22   1        init_ck();//初始化串口
  23   1        init_gsm();//初始化gsm模块
  24   1        send_call1();
  25   1      }
  26          
  27          
  28          
  29          void ser(void) interrupt 4
  30          {
  31   1      
  32   1          if(RI==1)
  33   1          {  aa[j]=SBUF;//命令存到命令数组
  34   2      
  35   2              RI=0; //软件清除接收中断
  36   2              j++;
  37   2          }
  38   1      
  39   1      
  40   1      }


MODULE INFORMATION:   STATIC OVERLAYABLE
   CODE SIZE        =     64    ----
   CONSTANT SIZE    =   ----    ----
   XDATA SIZE       =   ----    ----
   PDATA SIZE       =   ----    ----
   DATA SIZE        =   ----    ----
   IDATA SIZE       =   ----    ----
   BIT SIZE         =   ----    ----
END OF MODULE INFORMATION.


C51 COMPILATION COMPLETE.  0 WARNING(S),  0 ERROR(S)
