C51 COMPILER V9.00   KEY                                                                   12/02/2014 21:50:32 PAGE 1   


C51 COMPILER V9.00, COMPILATION OF MODULE KEY
OBJECT MODULE PLACED IN .\Output\key.obj
COMPILER INVOKED BY: d:\Keil\C51\BIN\C51.EXE key.c BROWSE DEBUG OBJECTEXTEND PRINT(.\List\key.lst) OBJECT(.\Output\key.o
                    -bj)

line level    source

   1          #include"key.h"
   2          #include"delay.h"
   3          void key(void)
   4          {
   5   1              if(key1==0)
   6   1              {
   7   2                      delayms(10);
   8   2                      if(key1==0)
   9   2                      {
  10   3                              jiao=0;
  11   3                              while(!key1);
  12   3                              jiao=1;
  13   3                              P0=0xaa;
  14   3      
  15   3                      
  16   3                      }        
  17   2              }
  18   1      }                        


MODULE INFORMATION:   STATIC OVERLAYABLE
   CODE SIZE        =     24    ----
   CONSTANT SIZE    =   ----    ----
   XDATA SIZE       =   ----    ----
   PDATA SIZE       =   ----    ----
   DATA SIZE        =   ----    ----
   IDATA SIZE       =   ----    ----
   BIT SIZE         =   ----    ----
END OF MODULE INFORMATION.


C51 COMPILATION COMPLETE.  0 WARNING(S),  0 ERROR(S)
