C51 COMPILER V9.00   MAIN                                                                  12/02/2014 21:50:32 PAGE 1   


C51 COMPILER V9.00, COMPILATION OF MODULE MAIN
OBJECT MODULE PLACED IN .\Output\main.obj
COMPILER INVOKED BY: d:\Keil\C51\BIN\C51.EXE main.c BROWSE DEBUG OBJECTEXTEND PRINT(.\List\main.lst) OBJECT(.\Output\mai
                    -n.obj)

line level    source

   1          #include"common.h"
   2          #include"key.h"
   3          #include"led.h"
   4          
   5          void main(void)
   6          {
   7   1              key();
   8   1      //      shumaguan__jt();
   9   1      }


MODULE INFORMATION:   STATIC OVERLAYABLE
   CODE SIZE        =      3    ----
   CONSTANT SIZE    =   ----    ----
   XDATA SIZE       =   ----    ----
   PDATA SIZE       =   ----    ----
   DATA SIZE        =   ----    ----
   IDATA SIZE       =   ----    ----
   BIT SIZE         =   ----    ----
END OF MODULE INFORMATION.


C51 COMPILATION COMPLETE.  0 WARNING(S),  0 ERROR(S)
